#
# A fatal error has been detected by the Java Runtime Environment:
#
#  EXCEPTION_ACCESS_VIOLATION (0xc0000005) at pc=0x00007ffa17ff3469, pid=5424, tid=12796
#
# JRE version: Java(TM) SE Runtime Environment (8.0_45-b15) (build 1.8.0_45-b15)
# Java VM: Java HotSpot(TM) 64-Bit Server VM (25.45-b02 mixed mode windows-amd64 compressed oops)
# Problematic frame:
# C  [ig4icd64.dll+0x3469]
#
# Failed to write core dump. Minidumps are not enabled by default on client versions of Windows
#
# If you would like to submit a bug report, please visit:
#   http://bugreport.java.com/bugreport/crash.jsp
# The crash happened outside the Java Virtual Machine in native code.
# See problematic frame for where to report the bug.
#

---------------  T H R E A D  ---------------

Current thread (0x0000000019915800):  JavaThread "LWJGL Application" [_thread_in_native, id=12796, stack(0x000000001a510000,0x000000001a610000)]

siginfo: ExceptionCode=0xc0000005, reading address 0x000000001a502000

Registers:
RAX=0x0000000000000391, RBX=0x000000001b5100b0, RCX=0x0000000000000000, RDX=0x000000001a501fd8
RSP=0x000000001a60e570, RBP=0x000000001a4e5758, RSI=0x000000001b5217c8, RDI=0x000000001f0dc880
R8 =0x000000000013fff0, R9 =0x00000000000027ff, R10=0x0000000000000391, R11=0x000000001b594490
R12=0x000000001c72cc80, R13=0x000000000013fff0, R14=0x000000001b521010, R15=0x0000000000000000
RIP=0x00007ffa17ff3469, EFLAGS=0x0000000000010293

Top of Stack: (sp=0x000000001a60e570)
0x000000001a60e570:   000000003e800000 0000000000000000
0x000000001a60e580:   000000003e180000 0000000000000000
0x000000001a60e590:   000000001f0c0000 00007ffa18444a5f
0x000000001a60e5a0:   000000001b5100b0 000000001b5100b0
0x000000001a60e5b0:   0000000000000000 000000001b5217c8
0x000000001a60e5c0:   000000001a60e679 00007ffa17ff75e5
0x000000001a60e5d0:   0000000100000000 000000001c610e60
0x000000001a60e5e0:   0000000000000000 0000000000000000
0x000000001a60e5f0:   000000001b5217c8 000000001b521010
0x000000001a60e600:   0000000000000001 0000000000000002
0x000000001a60e610:   0000000000010000 0000000000000001
0x000000001a60e620:   000000001b5100b0 00007ffa18443126
0x000000001a60e630:   0000000000000001 0000000000000000
0x000000001a60e640:   0000000000010000 00007ffa18052001
0x000000001a60e650:   0000000000140000 0000000000000000
0x000000001a60e660:   000000001b521010 fffffffffffffffe 

Instructions: (pc=0x00007ffa17ff3469)
0x00007ffa17ff3449:   c2 0f 0f 84 b0 00 00 00 4d 85 c9 74 6c 66 66 0f
0x00007ffa17ff3459:   1f 84 00 00 00 00 00 f3 0f 6f 3a f3 0f 6f 72 10
0x00007ffa17ff3469:   f3 0f 6f 6a 20 41 ff c2 48 83 ef 80 41 8b c2 f3
0x00007ffa17ff3479:   0f 6f 62 30 f3 0f 6f 5a 40 f3 0f 6f 52 50 f3 0f 


Register to memory mapping:

RAX=0x0000000000000391 is an unknown value
RBX=0x000000001b5100b0 is an unknown value
RCX=0x0000000000000000 is an unknown value
RDX=0x000000001a501fd8 is an unknown value
RSP=0x000000001a60e570 is pointing into the stack for thread: 0x0000000019915800
RBP=0x000000001a4e5758 is an unknown value
RSI=0x000000001b5217c8 is an unknown value
RDI=0x000000001f0dc880 is an unknown value
R8 =0x000000000013fff0 is an unknown value
R9 =0x00000000000027ff is an unknown value
R10=0x0000000000000391 is an unknown value
R11=0x000000001b594490 is an unknown value
R12=0x000000001c72cc80 is an unknown value
R13=0x000000000013fff0 is an unknown value
R14=0x000000001b521010 is an unknown value
R15=0x0000000000000000 is an unknown value


Stack: [0x000000001a510000,0x000000001a610000],  sp=0x000000001a60e570,  free space=1017k
Native frames: (J=compiled Java code, j=interpreted, Vv=VM code, C=native code)
C  [ig4icd64.dll+0x3469]
C  [ig4icd64.dll+0x454a5f]
C  [ig4icd64.dll+0x453126]
C  [ig4icd64.dll+0x452108]
C  [ig4icd64.dll+0x19dc5e]
C  [ig4icd64.dll+0x19ade6]
C  [ig4icd64.dll+0x19aa31]
C  0x00000000035a89dc

Java frames: (J=compiled Java code, j=interpreted, Vv=VM code)
J 915  org.lwjgl.opengl.GL11.nglDrawElements(IIIJJ)V (0 bytes) @ 0x00000000035a8956 [0x00000000035a8900+0x56]
J 881 C1 org.lwjgl.opengl.GL11.glDrawElements(ILjava/nio/ShortBuffer;)V (38 bytes) @ 0x00000000035777fc [0x0000000003576f40+0x8bc]
J 821 C1 com.badlogic.gdx.backends.lwjgl.LwjglGL20.glDrawElements(IIILjava/nio/Buffer;)V (124 bytes) @ 0x000000000354609c [0x0000000003545320+0xd7c]
J 777 C1 com.badlogic.gdx.graphics.Mesh.render(Lcom/badlogic/gdx/graphics/glutils/ShaderProgram;IIIZ)V (182 bytes) @ 0x000000000351e3d4 [0x000000000351dd60+0x674]
J 774 C1 com.badlogic.gdx.graphics.g2d.SpriteBatch.flush()V (185 bytes) @ 0x000000000351b124 [0x0000000003519900+0x1824]
J 908 C1 com.badlogic.gdx.graphics.g2d.SpriteBatch.end()V (90 bytes) @ 0x00000000035aa404 [0x00000000035aa300+0x104]
J 883 C1 com.cutthe.rope.PantallaJuego.render(F)V (253 bytes) @ 0x000000000358e1ec [0x000000000358baa0+0x274c]
J 872 C1 com.badlogic.gdx.Game.render()V (25 bytes) @ 0x000000000357065c [0x0000000003570480+0x1dc]
j  com.badlogic.gdx.backends.lwjgl.LwjglApplication.mainLoop()V+698
j  com.badlogic.gdx.backends.lwjgl.LwjglApplication$1.run()V+27
v  ~StubRoutines::call_stub

---------------  P R O C E S S  ---------------

Java Threads: ( => current thread )
  0x000000001a855800 JavaThread "LWJGL Timer" daemon [_thread_blocked, id=4756, stack(0x000000001dff0000,0x000000001e0f0000)]
  0x0000000003132800 JavaThread "DestroyJavaVM" [_thread_blocked, id=7696, stack(0x0000000003030000,0x0000000003130000)]
=>0x0000000019915800 JavaThread "LWJGL Application" [_thread_in_native, id=12796, stack(0x000000001a510000,0x000000001a610000)]
  0x0000000017dee000 JavaThread "Service Thread" daemon [_thread_blocked, id=12976, stack(0x0000000019a00000,0x0000000019b00000)]
  0x0000000017d9a000 JavaThread "C1 CompilerThread2" daemon [_thread_blocked, id=12464, stack(0x0000000019500000,0x0000000019600000)]
  0x0000000017d91800 JavaThread "C2 CompilerThread1" daemon [_thread_blocked, id=5524, stack(0x0000000019400000,0x0000000019500000)]
  0x0000000017d8f000 JavaThread "C2 CompilerThread0" daemon [_thread_blocked, id=11460, stack(0x0000000019300000,0x0000000019400000)]
  0x0000000017d8d000 JavaThread "Attach Listener" daemon [_thread_blocked, id=13580, stack(0x0000000019200000,0x0000000019300000)]
  0x0000000017d8c000 JavaThread "Signal Dispatcher" daemon [_thread_blocked, id=212, stack(0x0000000019100000,0x0000000019200000)]
  0x0000000003227800 JavaThread "Finalizer" daemon [_thread_blocked, id=7724, stack(0x0000000019000000,0x0000000019100000)]
  0x000000000321f000 JavaThread "Reference Handler" daemon [_thread_blocked, id=6756, stack(0x0000000018f00000,0x0000000019000000)]

Other Threads:
  0x0000000017d57800 VMThread [stack: 0x0000000018e00000,0x0000000018f00000] [id=8612]
  0x000000001962c800 WatcherThread [stack: 0x0000000019b00000,0x0000000019c00000] [id=12300]

VM state:not at safepoint (normal execution)

VM Mutex/Monitor currently owned by a thread: None

Heap:
 PSYoungGen      total 38400K, used 17816K [0x00000000d5d00000, 0x00000000d8780000, 0x0000000100000000)
  eden space 33280K, 53% used [0x00000000d5d00000,0x00000000d6e66040,0x00000000d7d80000)
  from space 5120K, 0% used [0x00000000d8280000,0x00000000d8280000,0x00000000d8780000)
  to   space 5120K, 0% used [0x00000000d7d80000,0x00000000d7d80000,0x00000000d8280000)
 ParOldGen       total 87552K, used 0K [0x0000000081600000, 0x0000000086b80000, 0x00000000d5d00000)
  object space 87552K, 0% used [0x0000000081600000,0x0000000081600000,0x0000000086b80000)
 Metaspace       used 7474K, capacity 7619K, committed 7680K, reserved 1056768K
  class space    used 690K, capacity 720K, committed 768K, reserved 1048576K

Card table byte_map: [0x00000000125f0000,0x00000000129f0000] byte_map_base: 0x00000000121e5000

Marking Bits: (ParMarkBitMap*) 0x0000000054e54040
 Begin Bits: [0x00000000130a0000, 0x0000000015048000)
 End Bits:   [0x0000000015048000, 0x0000000016ff0000)

Polling page: 0x0000000001370000

CodeCache: size=245760Kb used=3657Kb max_used=3672Kb free=242102Kb
 bounds [0x0000000003230000, 0x00000000035d0000, 0x0000000012230000]
 total_blobs=1455 nmethods=963 adapters=405
 compilation: enabled

Compilation events (10 events):
Event: 22.319 Thread 0x0000000017d91800  960       4       java.lang.Integer::parseInt (7 bytes)
Event: 22.320 Thread 0x0000000017d9a000 nmethod 959 0x00000000035c1a50 code [0x00000000035c1be0, 0x00000000035c1fd8]
Event: 22.323 Thread 0x0000000017d9a000  963       1       java.io.File::getPrefixLength (5 bytes)
Event: 22.323 Thread 0x0000000017d9a000 nmethod 963 0x00000000035b4750 code [0x00000000035b48a0, 0x00000000035b49b0]
Event: 22.328 Thread 0x0000000017d91800 nmethod 960 0x00000000035c5750 code [0x00000000035c58a0, 0x00000000035c5d58]
Event: 22.328 Thread 0x0000000017d91800  961   !   4       java.io.BufferedReader::readLine (304 bytes)
Event: 22.329 Thread 0x0000000017d8f000 nmethod 958 0x00000000035c3610 code [0x00000000035c3760, 0x00000000035c3cd8]
Event: 22.329 Thread 0x0000000017d8f000  962       4       java.lang.String::startsWith (7 bytes)
Event: 22.331 Thread 0x0000000017d8f000 nmethod 962 0x00000000035c1610 code [0x00000000035c1760, 0x00000000035c18d8]
Event: 22.351 Thread 0x0000000017d91800 nmethod 961 0x00000000035c6550 code [0x00000000035c6720, 0x00000000035c76c0]

GC Heap History (0 events):
No events

Deoptimization events (6 events):
Event: 9.154 Thread 0x0000000019915800 Uncommon trap: reason=unstable_if action=reinterpret pc=0x00000000035430d8 method=com.badlogic.gdx.utils.Array$ArrayIterable.iterator()Ljava/util/Iterator; @ 4
Event: 9.154 Thread 0x0000000019915800 Uncommon trap: reason=unstable_if action=reinterpret pc=0x0000000003543e18 method=com.badlogic.gdx.physics.box2d.Fixture.getShape()Lcom/badlogic/gdx/physics/box2d/Shape; @ 4
Event: 17.918 Thread 0x0000000019915800 Uncommon trap: reason=unstable_if action=reinterpret pc=0x0000000003543894 method=java.lang.Object.equals(Ljava/lang/Object;)Z @ 2
Event: 21.405 Thread 0x0000000019915800 Uncommon trap: reason=unstable_if action=reinterpret pc=0x00000000035a306c method=com.badlogic.gdx.utils.LongMap.get(J)Ljava/lang/Object; @ 37
Event: 21.455 Thread 0x0000000019915800 Uncommon trap: reason=unstable_if action=reinterpret pc=0x00000000035a1498 method=com.badlogic.gdx.utils.LongMap.get(J)Ljava/lang/Object; @ 37
Event: 22.311 Thread 0x0000000019915800 Uncommon trap: reason=unstable_if action=reinterpret pc=0x00000000034dc368 method=com.badlogic.gdx.utils.Array.add(Ljava/lang/Object;)V @ 11

Internal exceptions (10 events):
Event: 0.168 Thread 0x0000000003132800 Exception <a 'java/security/PrivilegedActionException'> (0x00000000d609fd00) thrown at [C:\re\workspace\8-2-build-windows-amd64-cygwin\jdk8u45\3627\hotspot\src\share\vm\prims\jvm.cpp, line 1382]
Event: 0.168 Thread 0x0000000003132800 Exception <a 'java/security/PrivilegedActionException'> (0x00000000d60a3a98) thrown at [C:\re\workspace\8-2-build-windows-amd64-cygwin\jdk8u45\3627\hotspot\src\share\vm\prims\jvm.cpp, line 1382]
Event: 0.168 Thread 0x0000000003132800 Exception <a 'java/security/PrivilegedActionException'> (0x00000000d60a3c50) thrown at [C:\re\workspace\8-2-build-windows-amd64-cygwin\jdk8u45\3627\hotspot\src\share\vm\prims\jvm.cpp, line 1382]
Event: 0.282 Thread 0x0000000003132800 Exception <a 'java/security/PrivilegedActionException'> (0x00000000d61dda20) thrown at [C:\re\workspace\8-2-build-windows-amd64-cygwin\jdk8u45\3627\hotspot\src\share\vm\prims\jvm.cpp, line 1382]
Event: 0.282 Thread 0x0000000003132800 Exception <a 'java/security/PrivilegedActionException'> (0x00000000d61df648) thrown at [C:\re\workspace\8-2-build-windows-amd64-cygwin\jdk8u45\3627\hotspot\src\share\vm\prims\jvm.cpp, line 1382]
Event: 0.282 Thread 0x0000000003132800 Exception <a 'java/security/PrivilegedActionException'> (0x00000000d61e0708) thrown at [C:\re\workspace\8-2-build-windows-amd64-cygwin\jdk8u45\3627\hotspot\src\share\vm\prims\jvm.cpp, line 1382]
Event: 0.283 Thread 0x0000000003132800 Exception <a 'java/security/PrivilegedActionException'> (0x00000000d61e5700) thrown at [C:\re\workspace\8-2-build-windows-amd64-cygwin\jdk8u45\3627\hotspot\src\share\vm\prims\jvm.cpp, line 1382]
Event: 0.283 Thread 0x0000000003132800 Exception <a 'java/security/PrivilegedActionException'> (0x00000000d61e62a8) thrown at [C:\re\workspace\8-2-build-windows-amd64-cygwin\jdk8u45\3627\hotspot\src\share\vm\prims\jvm.cpp, line 1382]
Event: 0.283 Thread 0x0000000003132800 Exception <a 'java/security/PrivilegedActionException'> (0x00000000d61e6e20) thrown at [C:\re\workspace\8-2-build-windows-amd64-cygwin\jdk8u45\3627\hotspot\src\share\vm\prims\jvm.cpp, line 1382]
Event: 9.154 Thread 0x0000000019915800 Implicit null exception at 0x0000000003543070 to 0x00000000035430c5

Events (10 events):
Event: 22.311 Thread 0x0000000019915800 DEOPT PACKING pc=0x00000000034dc368 sp=0x000000001a60e950
Event: 22.311 Thread 0x0000000019915800 DEOPT UNPACKING pc=0x000000000327582a sp=0x000000001a60e8f8 mode 2
Event: 22.319 Executing VM operation: RevokeBias
Event: 22.319 Executing VM operation: RevokeBias done
Event: 22.319 Thread 0x0000000019915800 DEOPT PACKING pc=0x000000000337abb8 sp=0x000000001a60e880
Event: 22.319 Thread 0x0000000019915800 DEOPT UNPACKING pc=0x000000000327787f sp=0x000000001a60e5f8 mode 0
Event: 22.321 Thread 0x0000000019915800 DEOPT PACKING pc=0x000000000337abb8 sp=0x000000001a60e880
Event: 22.321 Thread 0x0000000019915800 DEOPT UNPACKING pc=0x000000000327787f sp=0x000000001a60e5f8 mode 0
Event: 22.322 Thread 0x0000000019915800 DEOPT PACKING pc=0x000000000337abb8 sp=0x000000001a60e880
Event: 22.322 Thread 0x0000000019915800 DEOPT UNPACKING pc=0x000000000327787f sp=0x000000001a60e5f8 mode 0


Dynamic libraries:
0x00007ff6a8980000 - 0x00007ff6a89b7000 	C:\Program Files\Java\jdk1.8.0_45\bin\java.exe
0x00007ffa498b0000 - 0x00007ffa49a71000 	C:\WINDOWS\SYSTEM32\ntdll.dll
0x00007ffa492f0000 - 0x00007ffa4939d000 	C:\WINDOWS\system32\KERNEL32.DLL
0x00007ffa46aa0000 - 0x00007ffa46c88000 	C:\WINDOWS\system32\KERNELBASE.dll
0x00007ffa49240000 - 0x00007ffa492e7000 	C:\WINDOWS\system32\ADVAPI32.dll
0x00007ffa48f00000 - 0x00007ffa48f9d000 	C:\WINDOWS\system32\msvcrt.dll
0x00007ffa491e0000 - 0x00007ffa4923b000 	C:\WINDOWS\system32\sechost.dll
0x00007ffa47320000 - 0x00007ffa4743c000 	C:\WINDOWS\system32\RPCRT4.dll
0x00007ffa471c0000 - 0x00007ffa47316000 	C:\WINDOWS\system32\USER32.dll
0x00007ffa495a0000 - 0x00007ffa49726000 	C:\WINDOWS\system32\GDI32.dll
0x00007ffa3bbf0000 - 0x00007ffa3be64000 	C:\WINDOWS\WinSxS\amd64_microsoft.windows.common-controls_6595b64144ccf1df_6.0.10586.0_none_8c15ae12515e1c22\COMCTL32.dll
0x00007ffa48b70000 - 0x00007ffa48ded000 	C:\WINDOWS\system32\combase.dll
0x00007ffa465b0000 - 0x00007ffa4661a000 	C:\WINDOWS\system32\bcryptPrimitives.dll
0x00007ffa493a0000 - 0x00007ffa493db000 	C:\WINDOWS\system32\IMM32.DLL
0x00007ffa45b50000 - 0x00007ffa45b7d000 	C:\WINDOWS\SYSTEM32\SspiCli.dll
0x00007ffa453c0000 - 0x00007ffa453f1000 	C:\WINDOWS\SYSTEM32\ntmarta.dll
0x0000000054570000 - 0x0000000054642000 	C:\Program Files\Java\jdk1.8.0_45\jre\bin\msvcr100.dll
0x0000000054650000 - 0x0000000054ed3000 	C:\Program Files\Java\jdk1.8.0_45\jre\bin\server\jvm.dll
0x00007ffa49840000 - 0x00007ffa49848000 	C:\WINDOWS\system32\PSAPI.DLL
0x00007ffa38730000 - 0x00007ffa38739000 	C:\WINDOWS\SYSTEM32\WSOCK32.dll
0x00007ffa44160000 - 0x00007ffa44183000 	C:\WINDOWS\SYSTEM32\WINMM.dll
0x00007ffa3bb50000 - 0x00007ffa3bb5a000 	C:\WINDOWS\SYSTEM32\VERSION.dll
0x00007ffa48fa0000 - 0x00007ffa4900b000 	C:\WINDOWS\system32\WS2_32.dll
0x00000000015c0000 - 0x00000000015ec000 	C:\WINDOWS\SYSTEM32\WINMMBASE.dll
0x00007ffa46710000 - 0x00007ffa46753000 	C:\WINDOWS\system32\cfgmgr32.dll
0x0000000054520000 - 0x000000005452f000 	C:\Program Files\Java\jdk1.8.0_45\jre\bin\verify.dll
0x00000000544f0000 - 0x0000000054519000 	C:\Program Files\Java\jdk1.8.0_45\jre\bin\java.dll
0x00000000544d0000 - 0x00000000544e6000 	C:\Program Files\Java\jdk1.8.0_45\jre\bin\zip.dll
0x00007ffa47610000 - 0x00007ffa48b6c000 	C:\WINDOWS\system32\SHELL32.dll
0x00007ffa45f60000 - 0x00007ffa465a4000 	C:\WINDOWS\system32\windows.storage.dll
0x00007ffa49850000 - 0x00007ffa498a2000 	C:\WINDOWS\system32\shlwapi.dll
0x00007ffa45ee0000 - 0x00007ffa45eef000 	C:\WINDOWS\system32\kernel.appcore.dll
0x00007ffa46930000 - 0x00007ffa469e5000 	C:\WINDOWS\system32\shcore.dll
0x00007ffa45ef0000 - 0x00007ffa45f3b000 	C:\WINDOWS\system32\powrprof.dll
0x00007ffa45f40000 - 0x00007ffa45f54000 	C:\WINDOWS\system32\profapi.dll
0x0000000065580000 - 0x0000000065616000 	C:\Users\luisd\AppData\Local\Temp\libgdxluisd\2ec99cb7\gdx64.dll
0x00007ffa45850000 - 0x00007ffa45867000 	C:\WINDOWS\SYSTEM32\CRYPTSP.dll
0x00007ffa454e0000 - 0x00007ffa45514000 	C:\WINDOWS\system32\rsaenh.dll
0x00007ffa45e00000 - 0x00007ffa45e29000 	C:\WINDOWS\SYSTEM32\bcrypt.dll
0x00007ffa45630000 - 0x00007ffa4564f000 	C:\WINDOWS\SYSTEM32\USERENV.dll
0x00007ffa45970000 - 0x00007ffa4597b000 	C:\WINDOWS\SYSTEM32\CRYPTBASE.dll
0x00000000544b0000 - 0x00000000544ca000 	C:\Program Files\Java\jdk1.8.0_45\jre\bin\net.dll
0x00007ffa457a0000 - 0x00007ffa457fc000 	C:\WINDOWS\system32\mswsock.dll
0x00007ffa42050000 - 0x00007ffa42088000 	C:\WINDOWS\SYSTEM32\IPHLPAPI.DLL
0x00007ffa470e0000 - 0x00007ffa470e8000 	C:\WINDOWS\system32\NSI.dll
0x00007ffa3d070000 - 0x00007ffa3d086000 	C:\WINDOWS\SYSTEM32\dhcpcsvc6.DLL
0x00007ffa3f720000 - 0x00007ffa3f73a000 	C:\WINDOWS\SYSTEM32\dhcpcsvc.DLL
0x0000000054490000 - 0x00000000544a1000 	C:\Program Files\Java\jdk1.8.0_45\jre\bin\nio.dll
0x0000000180000000 - 0x0000000180053000 	C:\Users\luisd\AppData\Local\Temp\libgdxluisd\dc0f0009\lwjgl64.dll
0x00007ffa2ac20000 - 0x00007ffa2ad49000 	C:\WINDOWS\SYSTEM32\OPENGL32.dll
0x00007ffa25980000 - 0x00007ffa25a7a000 	C:\WINDOWS\SYSTEM32\DDRAW.dll
0x00007ffa3ed30000 - 0x00007ffa3ed5e000 	C:\WINDOWS\SYSTEM32\GLU32.dll
0x00007ffa3f520000 - 0x00007ffa3f528000 	C:\WINDOWS\SYSTEM32\DCIMAN32.dll
0x0000000019f40000 - 0x0000000019fa4000 	C:\Users\luisd\AppData\Local\Temp\libgdxluisd\dc0f0009\OpenAL64.dll
0x00007ffa49450000 - 0x00007ffa49593000 	C:\WINDOWS\system32\ole32.dll
0x00007ffa44850000 - 0x00007ffa448e6000 	C:\WINDOWS\system32\uxtheme.dll
0x00007ffa48df0000 - 0x00007ffa48e97000 	C:\WINDOWS\system32\clbcatq.dll
0x00007ffa43e60000 - 0x00007ffa43fe6000 	C:\WINDOWS\System32\PROPSYS.dll
0x00007ffa470f0000 - 0x00007ffa471b1000 	C:\WINDOWS\system32\OLEAUT32.dll
0x00007ffa2e2d0000 - 0x00007ffa2e36c000 	C:\WINDOWS\SYSTEM32\dsound.dll
0x00007ffa41fe0000 - 0x00007ffa42050000 	C:\WINDOWS\System32\MMDevApi.dll
0x00007ffa449c0000 - 0x00007ffa449e7000 	C:\WINDOWS\System32\DEVOBJ.dll
0x00007ffa40150000 - 0x00007ffa401d8000 	C:\WINDOWS\SYSTEM32\AUDIOSES.DLL
0x00007ffa3ffd0000 - 0x00007ffa40106000 	C:\WINDOWS\SYSTEM32\wintypes.dll
0x00007ffa49010000 - 0x00007ffa4916a000 	C:\WINDOWS\system32\MSCTF.dll
0x00007ffa43ff0000 - 0x00007ffa44012000 	C:\WINDOWS\system32\dwmapi.dll
0x00007ffa17ff0000 - 0x00007ffa18c74000 	C:\WINDOWS\SYSTEM32\ig4icd64.dll
0x00007ffa36b80000 - 0x00007ffa36c11000 	C:\WINDOWS\SYSTEM32\mscms.dll
0x00007ffa32950000 - 0x00007ffa32992000 	C:\WINDOWS\SYSTEM32\icm32.dll
0x0000000066bc0000 - 0x0000000066c7b000 	C:\Users\luisd\AppData\Local\Temp\libgdxluisd\4d3c1ee0\gdx-box2d64.dll
0x00007ffa27e20000 - 0x00007ffa27fac000 	C:\WINDOWS\SYSTEM32\dbghelp.dll

VM Arguments:
jvm_args: -Dfile.encoding=windows-1252 -Duser.country=419 -Duser.language=es -Duser.variant 
java_command: com.cutthe.rope.desktop.DesktopLauncher
java_class_path (initial): C:\Users\luisd\Documents\tareas\Programación III\Proyecto\CutTheRope\desktop\build\classes\main;C:\Users\luisd\Documents\tareas\Programación III\Proyecto\CutTheRope\desktop\build\resources\main;C:\Users\luisd\Documents\tareas\Programación III\Proyecto\CutTheRope\core\build\libs\core-1.0.jar;C:\Users\luisd\.gradle\caches\modules-2\files-2.1\com.badlogicgames.gdx\gdx-backend-lwjgl\1.9.2\d710a8704ed584ec2ba9ca52e3a6a5885dd759cc\gdx-backend-lwjgl-1.9.2.jar;C:\Users\luisd\.gradle\caches\modules-2\files-2.1\com.badlogicgames.gdx\gdx-platform\1.9.2\dde4cf7e9ce61c24042f512203aed87657496639\gdx-platform-1.9.2-natives-desktop.jar;C:\Users\luisd\.gradle\caches\modules-2\files-2.1\com.badlogicgames.gdx\gdx-box2d-platform\1.9.2\497cbfbf81e7e8b1e8433b19291c5af4bbc2ec66\gdx-box2d-platform-1.9.2-natives-desktop.jar;C:\Users\luisd\.gradle\caches\modules-2\files-2.1\com.badlogicgames.gdx\gdx-freetype-platform\1.9.2\1e1afb0b6c9e8aeb7d495cb8f55c353d3da58cf0\gdx-freetype-platform-1.9.2-natives-desktop.jar;C:\Users\luisd\.gradle\caches\modules-2\files-2.1\com.badlogicgames.gdx\gdx-tools\1.9.2\37d8e3009ae0febdf93717b21980c67c8cadac07\gdx-tools-1.9.2.jar;C:\Users\luisd\.gradle\caches\modules-2\files-2.1\com.badlogicgames.gdx\gdx\1.9.2\e641cb91bec06bc64d9ddf7a7d7062caceec73cd\gdx-1.9.2.jar;C:\Users\luisd\.gradle\caches\modules-2\files-2.1\com.badlogicgames.gdx\gdx-box2d\1.9.2\b78eaa90aaaf7830e6dffff587ea6e859c2787b2\gdx-box2d-1.9.2.jar;C:\Users\luisd\.gradle\caches\modules-2\files-2.1\com.badlogicgames.gdx\gdx-freetype\1.9.2\3609253d14edb1b3ca5aacff4e06989edde75be4\gdx-freetype-1.9.2.jar;C:\Users\luisd\.gradle\caches\modules-2\files-2.1\com.badlogicgames.box2dlights\box2dlights\1.4\3d77ad5b4164fb32fc67e2446e35911bb0aaf0bd\box2dlights-1.4.jar;C:\Users\luisd\.gradle\caches\modules-2\files-2.1\com.badlogicgames.ashley\ashley\1.7.0\a7c4083c0a42027a3c03ba7ccecef6cbe1c5f0a4\ashley-1.7.0.jar;C:\Users\luisd\.gradle\caches\modules-2\files-2.1\org.lwjgl.lwjgl\lwjgl\2.9.2\
Launcher Type: SUN_STANDARD

Environment Variables:
JAVA_HOME=C:\Program Files\Java\jdk1.8.0_45
CLASSPATH=.;.;
PATH=C:\WINDOWS\system32;C:\WINDOWS;C:\WINDOWS\System32\Wbem;C:\WINDOWS\System32\WindowsPowerShell\v1.0\;C:\ffmpeg\bin;C:\MinGW\bin;C:\Program Files (x86)\Nmap;"C:\Program Files\Java\jdk1.8.0_45\bin";C:\Users\luisd\AppData\Local\atom\bin
USERNAME=luisd
OS=Windows_NT
PROCESSOR_IDENTIFIER=Intel64 Family 6 Model 42 Stepping 7, GenuineIntel



---------------  S Y S T E M  ---------------

OS: Windows 10.0 , 64 bit Build 10586 (10.0.10586.0)

CPU:total 4 (2 cores per cpu, 2 threads per core) family 6 model 42 stepping 7, cmov, cx8, fxsr, mmx, sse, sse2, sse3, ssse3, sse4.1, sse4.2, popcnt, avx, aes, clmul, ht, tsc, tscinvbit

Memory: 4k page, physical 8293556k(3678844k free), swap 16682164k(9857288k free)

vm_info: Java HotSpot(TM) 64-Bit Server VM (25.45-b02) for windows-amd64 JRE (1.8.0_45-b15), built on Apr 30 2015 12:40:44 by "java_re" with MS VC++ 10.0 (VS2010)

time: Mon Jun 20 19:10:26 2016
elapsed time: 22 seconds (0d 0h 0m 22s)

