#
# A fatal error has been detected by the Java Runtime Environment:
#
#  EXCEPTION_ACCESS_VIOLATION (0xc0000005) at pc=0x0000000066bdf9b1, pid=12356, tid=6072
#
# JRE version: Java(TM) SE Runtime Environment (8.0_45-b15) (build 1.8.0_45-b15)
# Java VM: Java HotSpot(TM) 64-Bit Server VM (25.45-b02 mixed mode windows-amd64 compressed oops)
# Problematic frame:
# C  [gdx-box2d64.dll+0x1f9b1]
#
# Failed to write core dump. Minidumps are not enabled by default on client versions of Windows
#
# If you would like to submit a bug report, please visit:
#   http://bugreport.java.com/bugreport/crash.jsp
# The crash happened outside the Java Virtual Machine in native code.
# See problematic frame for where to report the bug.
#

---------------  T H R E A D  ---------------

Current thread (0x000000001994c800):  JavaThread "LWJGL Application" [_thread_in_native, id=6072, stack(0x000000001a5a0000,0x000000001a6a0000)]

siginfo: ExceptionCode=0xc0000005, reading address 0x0000000000019298

Registers:
RAX=0x0000000000000000, RBX=0x000000001a4d1d60, RCX=0x000000001a4d1d60, RDX=0x0000000000000000
RSP=0x000000001a69f1c0, RBP=0x000000001a69f298, RSI=0x0000000000000000, RDI=0x0000000017ae0538
R8 =0x000000001a4d1d60, R9 =0x0000000000000000, R10=0x00000000032b5e08, R11=0x0000000054877ca0
R12=0x0000000000000000, R13=0x0000000017a73ce8, R14=0x000000001a69f2d0, R15=0x000000001994c800
RIP=0x0000000066bdf9b1, EFLAGS=0x0000000000010206

Top of Stack: (sp=0x000000001a69f1c0)
0x000000001a69f1c0:   0000000017884720 00000000547ab6d5
0x000000001a69f1d0:   00000000179e1dd0 0000000000000000
0x000000001a69f1e0:   0000000017884750 0000000017a73ce8
0x000000001a69f1f0:   00000000d693ffa0 0000000017ae0538
0x000000001a69f200:   000000001a69f298 00000000032b5e34
0x000000001a69f210:   000000001a4d1d60 0000000066be65af
0x000000001a69f220:   000000001994c9f8 000000001a69f2c0
0x000000001a69f230:   000000001994c800 0000000000000000
0x000000001a69f240:   0000000017a712b8 00000000d693ff48
0x000000001a69f250:   0000000017ae0538 000000001a69f258
0x000000001a69f260:   0000000000000000 000000001a69f2d0
0x000000001a69f270:   0000000017a751b8 0000000000000000
0x000000001a69f280:   0000000017a73ce8 0000000000000000
0x000000001a69f290:   000000001a69f2b8 000000001a69f318
0x000000001a69f2a0:   00000000032a7ced 0000000000000000
0x000000001a69f2b0:   00000000032af978 0000000000000000 

Instructions: (pc=0x0000000066bdf9b1)
0x0000000066bdf991:   7c 24 40 48 83 c4 58 5b 5e 5f 5d c3 90 66 90 55
0x0000000066bdf9a1:   57 56 53 48 83 ec 28 48 8b 41 58 48 89 cb 89 d6
0x0000000066bdf9b1:   f6 80 98 92 01 00 02 0f 85 d1 00 00 00 39 33 0f
0x0000000066bdf9c1:   84 c0 00 00 00 89 33 48 89 d9 e8 e0 f5 ff ff 8b 


Register to memory mapping:

RAX=0x0000000000000000 is an unknown value
RBX=0x000000001a4d1d60 is an unknown value
RCX=0x000000001a4d1d60 is an unknown value
RDX=0x0000000000000000 is an unknown value
RSP=0x000000001a69f1c0 is pointing into the stack for thread: 0x000000001994c800
RBP=0x000000001a69f298 is pointing into the stack for thread: 0x000000001994c800
RSI=0x0000000000000000 is an unknown value
RDI=0x0000000017ae0538 is pointing into metadata
R8 =0x000000001a4d1d60 is an unknown value
R9 =0x0000000000000000 is an unknown value
R10=0x00000000032b5e08 is at code_begin+840 in an Interpreter codelet
method entry point (kind = native)  [0x00000000032b5ac0, 0x00000000032b6420]  2400 bytes
R11=0x0000000054877ca0 is an unknown value
R12=0x0000000000000000 is an unknown value
R13={method} {0x0000000017a73cf0} 'jniSetType' '(JI)V' in 'com/badlogic/gdx/physics/box2d/Body'
R14=0x000000001a69f2d0 is pointing into the stack for thread: 0x000000001994c800
R15=0x000000001994c800 is a thread


Stack: [0x000000001a5a0000,0x000000001a6a0000],  sp=0x000000001a69f1c0,  free space=1020k
Native frames: (J=compiled Java code, j=interpreted, Vv=VM code, C=native code)
C  [gdx-box2d64.dll+0x1f9b1]
C  0x00000000032b5e34

Java frames: (J=compiled Java code, j=interpreted, Vv=VM code)
j  com.badlogic.gdx.physics.box2d.Body.jniSetType(JI)V+0
j  com.badlogic.gdx.physics.box2d.Body.setType(Lcom/badlogic/gdx/physics/box2d/BodyDef$BodyType;)V+9
j  com.cutthe.rope.PantallaJuego.logicaJuego(F)V+123
j  com.cutthe.rope.PantallaJuego.render(F)V+109
j  com.badlogic.gdx.Game.render()V+19
j  com.badlogic.gdx.backends.lwjgl.LwjglApplication.mainLoop()V+698
j  com.badlogic.gdx.backends.lwjgl.LwjglApplication$1.run()V+27
v  ~StubRoutines::call_stub

---------------  P R O C E S S  ---------------

Java Threads: ( => current thread )
  0x000000001abba000 JavaThread "LWJGL Timer" daemon [_thread_blocked, id=14204, stack(0x000000001dfa0000,0x000000001e0a0000)]
  0x00000000031a2800 JavaThread "DestroyJavaVM" [_thread_blocked, id=4716, stack(0x0000000003020000,0x0000000003120000)]
=>0x000000001994c800 JavaThread "LWJGL Application" [_thread_in_native, id=6072, stack(0x000000001a5a0000,0x000000001a6a0000)]
  0x0000000017e5c800 JavaThread "Service Thread" daemon [_thread_blocked, id=11712, stack(0x0000000019a50000,0x0000000019b50000)]
  0x0000000017e04000 JavaThread "C1 CompilerThread2" daemon [_thread_blocked, id=13732, stack(0x0000000019550000,0x0000000019650000)]
  0x0000000017e01000 JavaThread "C2 CompilerThread1" daemon [_thread_blocked, id=4964, stack(0x0000000019450000,0x0000000019550000)]
  0x0000000017dff000 JavaThread "C2 CompilerThread0" daemon [_thread_blocked, id=11404, stack(0x0000000019350000,0x0000000019450000)]
  0x0000000017dfd800 JavaThread "Attach Listener" daemon [_thread_blocked, id=11788, stack(0x0000000019250000,0x0000000019350000)]
  0x0000000017dfc800 JavaThread "Signal Dispatcher" daemon [_thread_blocked, id=13104, stack(0x0000000019150000,0x0000000019250000)]
  0x0000000017dc8800 JavaThread "Finalizer" daemon [_thread_blocked, id=1048, stack(0x0000000019050000,0x0000000019150000)]
  0x0000000003292800 JavaThread "Reference Handler" daemon [_thread_blocked, id=10864, stack(0x0000000018f50000,0x0000000019050000)]

Other Threads:
  0x0000000017dc7000 VMThread [stack: 0x0000000018e50000,0x0000000018f50000] [id=9320]
  0x0000000017e5d800 WatcherThread [stack: 0x0000000019b50000,0x0000000019c50000] [id=348]

VM state:not at safepoint (normal execution)

VM Mutex/Monitor currently owned by a thread: None

Heap:
 PSYoungGen      total 38400K, used 15753K [0x00000000d5d00000, 0x00000000d8780000, 0x0000000100000000)
  eden space 33280K, 47% used [0x00000000d5d00000,0x00000000d6c627d8,0x00000000d7d80000)
  from space 5120K, 0% used [0x00000000d8280000,0x00000000d8280000,0x00000000d8780000)
  to   space 5120K, 0% used [0x00000000d7d80000,0x00000000d7d80000,0x00000000d8280000)
 ParOldGen       total 87552K, used 0K [0x0000000081600000, 0x0000000086b80000, 0x00000000d5d00000)
  object space 87552K, 0% used [0x0000000081600000,0x0000000081600000,0x0000000086b80000)
 Metaspace       used 7278K, capacity 7491K, committed 7680K, reserved 1056768K
  class space    used 682K, capacity 720K, committed 768K, reserved 1048576K

Card table byte_map: [0x0000000012660000,0x0000000012a60000] byte_map_base: 0x0000000012255000

Marking Bits: (ParMarkBitMap*) 0x0000000054e54040
 Begin Bits: [0x0000000013110000, 0x00000000150b8000)
 End Bits:   [0x00000000150b8000, 0x0000000017060000)

Polling page: 0x0000000000ff0000

CodeCache: size=245760Kb used=2743Kb max_used=2757Kb free=243016Kb
 bounds [0x00000000032a0000, 0x0000000003560000, 0x00000000122a0000]
 total_blobs=1200 nmethods=708 adapters=405
 compilation: enabled

Compilation events (10 events):
Event: 3.566 Thread 0x0000000017e01000 nmethod 699 0x0000000003548fd0 code [0x0000000003549120, 0x0000000003549418]
Event: 3.566 Thread 0x0000000017e01000  703       4       java.util.StringTokenizer::nextToken (92 bytes)
Event: 3.567 Thread 0x0000000017dff000 nmethod 702 0x0000000003549690 code [0x00000000035497e0, 0x0000000003549a58]
Event: 3.570 Thread 0x0000000017e04000 nmethod 705 0x0000000003549c90 code [0x000000000354a180, 0x000000000354d858]
Event: 3.571 Thread 0x0000000017e04000  706       3       com.badlogic.gdx.graphics.Texture::getWidth (10 bytes)
Event: 3.571 Thread 0x0000000017e04000 nmethod 706 0x0000000003548c10 code [0x0000000003548d60, 0x0000000003548f10]
Event: 3.571 Thread 0x0000000017e04000  707       3       com.badlogic.gdx.graphics.Texture::getHeight (10 bytes)
Event: 3.571 Thread 0x0000000017e04000 nmethod 707 0x0000000003548810 code [0x0000000003548980, 0x0000000003548b30]
Event: 3.571 Thread 0x0000000017e04000  708       3       com.badlogic.gdx.graphics.g2d.BitmapFont$BitmapFontData::setGlyphRegion (390 bytes)
Event: 3.572 Thread 0x0000000017e04000 nmethod 708 0x0000000003547650 code [0x0000000003547860, 0x0000000003548410]

GC Heap History (0 events):
No events

Deoptimization events (1 events):
Event: 3.556 Thread 0x000000001994c800 Uncommon trap: reason=unstable_if action=reinterpret pc=0x000000000353fea8 method=com.badlogic.gdx.utils.Array.add(Ljava/lang/Object;)V @ 11

Internal exceptions (10 events):
Event: 0.164 Thread 0x00000000031a2800 Exception <a 'java/security/PrivilegedActionException'> (0x00000000d609f2c8) thrown at [C:\re\workspace\8-2-build-windows-amd64-cygwin\jdk8u45\3627\hotspot\src\share\vm\prims\jvm.cpp, line 1382]
Event: 0.164 Thread 0x00000000031a2800 Exception <a 'java/security/PrivilegedActionException'> (0x00000000d609f480) thrown at [C:\re\workspace\8-2-build-windows-amd64-cygwin\jdk8u45\3627\hotspot\src\share\vm\prims\jvm.cpp, line 1382]
Event: 0.165 Thread 0x00000000031a2800 Exception <a 'java/security/PrivilegedActionException'> (0x00000000d60a3218) thrown at [C:\re\workspace\8-2-build-windows-amd64-cygwin\jdk8u45\3627\hotspot\src\share\vm\prims\jvm.cpp, line 1382]
Event: 0.165 Thread 0x00000000031a2800 Exception <a 'java/security/PrivilegedActionException'> (0x00000000d60a33d0) thrown at [C:\re\workspace\8-2-build-windows-amd64-cygwin\jdk8u45\3627\hotspot\src\share\vm\prims\jvm.cpp, line 1382]
Event: 0.282 Thread 0x00000000031a2800 Exception <a 'java/security/PrivilegedActionException'> (0x00000000d61dcae0) thrown at [C:\re\workspace\8-2-build-windows-amd64-cygwin\jdk8u45\3627\hotspot\src\share\vm\prims\jvm.cpp, line 1382]
Event: 0.282 Thread 0x00000000031a2800 Exception <a 'java/security/PrivilegedActionException'> (0x00000000d61de708) thrown at [C:\re\workspace\8-2-build-windows-amd64-cygwin\jdk8u45\3627\hotspot\src\share\vm\prims\jvm.cpp, line 1382]
Event: 0.283 Thread 0x00000000031a2800 Exception <a 'java/security/PrivilegedActionException'> (0x00000000d61df7c8) thrown at [C:\re\workspace\8-2-build-windows-amd64-cygwin\jdk8u45\3627\hotspot\src\share\vm\prims\jvm.cpp, line 1382]
Event: 0.283 Thread 0x00000000031a2800 Exception <a 'java/security/PrivilegedActionException'> (0x00000000d61e47c0) thrown at [C:\re\workspace\8-2-build-windows-amd64-cygwin\jdk8u45\3627\hotspot\src\share\vm\prims\jvm.cpp, line 1382]
Event: 0.283 Thread 0x00000000031a2800 Exception <a 'java/security/PrivilegedActionException'> (0x00000000d61e5368) thrown at [C:\re\workspace\8-2-build-windows-amd64-cygwin\jdk8u45\3627\hotspot\src\share\vm\prims\jvm.cpp, line 1382]
Event: 0.283 Thread 0x00000000031a2800 Exception <a 'java/security/PrivilegedActionException'> (0x00000000d61e5ee0) thrown at [C:\re\workspace\8-2-build-windows-amd64-cygwin\jdk8u45\3627\hotspot\src\share\vm\prims\jvm.cpp, line 1382]

Events (10 events):
Event: 0.728 loading class org/lwjgl/opengl/Sync
Event: 0.728 loading class org/lwjgl/opengl/Sync done
Event: 0.728 loading class org/lwjgl/opengl/Sync$RunningAvg
Event: 0.728 loading class org/lwjgl/opengl/Sync$RunningAvg done
Event: 0.729 loading class org/lwjgl/opengl/Sync$1
Event: 0.729 loading class org/lwjgl/opengl/Sync$1 done
Event: 0.729 Thread 0x000000001abba000 Thread added: 0x000000001abba000
Event: 3.556 Thread 0x000000001994c800 Uncommon trap: trap_request=0xffffff65 fr.pc=0x000000000353fea8
Event: 3.556 Thread 0x000000001994c800 DEOPT PACKING pc=0x000000000353fea8 sp=0x000000001a69eef0
Event: 3.556 Thread 0x000000001994c800 DEOPT UNPACKING pc=0x00000000032e582a sp=0x000000001a69ee98 mode 2


Dynamic libraries:
0x00007ff6a8980000 - 0x00007ff6a89b7000 	C:\Program Files\Java\jdk1.8.0_45\bin\java.exe
0x00007ffa498b0000 - 0x00007ffa49a71000 	C:\WINDOWS\SYSTEM32\ntdll.dll
0x00007ffa492f0000 - 0x00007ffa4939d000 	C:\WINDOWS\system32\KERNEL32.DLL
0x00007ffa46aa0000 - 0x00007ffa46c88000 	C:\WINDOWS\system32\KERNELBASE.dll
0x00007ffa49240000 - 0x00007ffa492e7000 	C:\WINDOWS\system32\ADVAPI32.dll
0x00007ffa48f00000 - 0x00007ffa48f9d000 	C:\WINDOWS\system32\msvcrt.dll
0x00007ffa491e0000 - 0x00007ffa4923b000 	C:\WINDOWS\system32\sechost.dll
0x00007ffa47320000 - 0x00007ffa4743c000 	C:\WINDOWS\system32\RPCRT4.dll
0x00007ffa471c0000 - 0x00007ffa47316000 	C:\WINDOWS\system32\USER32.dll
0x00007ffa495a0000 - 0x00007ffa49726000 	C:\WINDOWS\system32\GDI32.dll
0x00007ffa3bbf0000 - 0x00007ffa3be64000 	C:\WINDOWS\WinSxS\amd64_microsoft.windows.common-controls_6595b64144ccf1df_6.0.10586.0_none_8c15ae12515e1c22\COMCTL32.dll
0x00007ffa48b70000 - 0x00007ffa48ded000 	C:\WINDOWS\system32\combase.dll
0x00007ffa465b0000 - 0x00007ffa4661a000 	C:\WINDOWS\system32\bcryptPrimitives.dll
0x00007ffa493a0000 - 0x00007ffa493db000 	C:\WINDOWS\system32\IMM32.DLL
0x00007ffa45b50000 - 0x00007ffa45b7d000 	C:\WINDOWS\SYSTEM32\SspiCli.dll
0x00007ffa453c0000 - 0x00007ffa453f1000 	C:\WINDOWS\SYSTEM32\ntmarta.dll
0x0000000054570000 - 0x0000000054642000 	C:\Program Files\Java\jdk1.8.0_45\jre\bin\msvcr100.dll
0x0000000054650000 - 0x0000000054ed3000 	C:\Program Files\Java\jdk1.8.0_45\jre\bin\server\jvm.dll
0x00007ffa49840000 - 0x00007ffa49848000 	C:\WINDOWS\system32\PSAPI.DLL
0x00007ffa44160000 - 0x00007ffa44183000 	C:\WINDOWS\SYSTEM32\WINMM.dll
0x00007ffa38730000 - 0x00007ffa38739000 	C:\WINDOWS\SYSTEM32\WSOCK32.dll
0x00007ffa3bb50000 - 0x00007ffa3bb5a000 	C:\WINDOWS\SYSTEM32\VERSION.dll
0x00007ffa48fa0000 - 0x00007ffa4900b000 	C:\WINDOWS\system32\WS2_32.dll
0x00007ffa44100000 - 0x00007ffa4412c000 	C:\WINDOWS\SYSTEM32\WINMMBASE.dll
0x00007ffa46710000 - 0x00007ffa46753000 	C:\WINDOWS\system32\cfgmgr32.dll
0x0000000054520000 - 0x000000005452f000 	C:\Program Files\Java\jdk1.8.0_45\jre\bin\verify.dll
0x00000000544f0000 - 0x0000000054519000 	C:\Program Files\Java\jdk1.8.0_45\jre\bin\java.dll
0x00000000544d0000 - 0x00000000544e6000 	C:\Program Files\Java\jdk1.8.0_45\jre\bin\zip.dll
0x00007ffa47610000 - 0x00007ffa48b6c000 	C:\WINDOWS\system32\SHELL32.dll
0x00007ffa45f60000 - 0x00007ffa465a4000 	C:\WINDOWS\system32\windows.storage.dll
0x00007ffa49850000 - 0x00007ffa498a2000 	C:\WINDOWS\system32\shlwapi.dll
0x00007ffa45ee0000 - 0x00007ffa45eef000 	C:\WINDOWS\system32\kernel.appcore.dll
0x00007ffa46930000 - 0x00007ffa469e5000 	C:\WINDOWS\system32\shcore.dll
0x00007ffa45ef0000 - 0x00007ffa45f3b000 	C:\WINDOWS\system32\powrprof.dll
0x00007ffa45f40000 - 0x00007ffa45f54000 	C:\WINDOWS\system32\profapi.dll
0x0000000065580000 - 0x0000000065616000 	C:\Users\luisd\AppData\Local\Temp\libgdxluisd\2ec99cb7\gdx64.dll
0x00007ffa45850000 - 0x00007ffa45867000 	C:\WINDOWS\SYSTEM32\CRYPTSP.dll
0x00007ffa454e0000 - 0x00007ffa45514000 	C:\WINDOWS\system32\rsaenh.dll
0x00007ffa45e00000 - 0x00007ffa45e29000 	C:\WINDOWS\SYSTEM32\bcrypt.dll
0x00007ffa45630000 - 0x00007ffa4564f000 	C:\WINDOWS\SYSTEM32\USERENV.dll
0x00007ffa45970000 - 0x00007ffa4597b000 	C:\WINDOWS\SYSTEM32\CRYPTBASE.dll
0x00000000544b0000 - 0x00000000544ca000 	C:\Program Files\Java\jdk1.8.0_45\jre\bin\net.dll
0x00007ffa457a0000 - 0x00007ffa457fc000 	C:\WINDOWS\system32\mswsock.dll
0x00007ffa42050000 - 0x00007ffa42088000 	C:\WINDOWS\SYSTEM32\IPHLPAPI.DLL
0x00007ffa470e0000 - 0x00007ffa470e8000 	C:\WINDOWS\system32\NSI.dll
0x00007ffa3d070000 - 0x00007ffa3d086000 	C:\WINDOWS\SYSTEM32\dhcpcsvc6.DLL
0x00007ffa3f720000 - 0x00007ffa3f73a000 	C:\WINDOWS\SYSTEM32\dhcpcsvc.DLL
0x0000000054490000 - 0x00000000544a1000 	C:\Program Files\Java\jdk1.8.0_45\jre\bin\nio.dll
0x0000000180000000 - 0x0000000180053000 	C:\Users\luisd\AppData\Local\Temp\libgdxluisd\dc0f0009\lwjgl64.dll
0x00007ffa2ac20000 - 0x00007ffa2ad49000 	C:\WINDOWS\SYSTEM32\OPENGL32.dll
0x00007ffa25980000 - 0x00007ffa25a7a000 	C:\WINDOWS\SYSTEM32\DDRAW.dll
0x00007ffa3ed30000 - 0x00007ffa3ed5e000 	C:\WINDOWS\SYSTEM32\GLU32.dll
0x00007ffa3f520000 - 0x00007ffa3f528000 	C:\WINDOWS\SYSTEM32\DCIMAN32.dll
0x0000000003120000 - 0x0000000003184000 	C:\Users\luisd\AppData\Local\Temp\libgdxluisd\dc0f0009\OpenAL64.dll
0x00007ffa49450000 - 0x00007ffa49593000 	C:\WINDOWS\system32\ole32.dll
0x00007ffa44850000 - 0x00007ffa448e6000 	C:\WINDOWS\system32\uxtheme.dll
0x00007ffa48df0000 - 0x00007ffa48e97000 	C:\WINDOWS\system32\clbcatq.dll
0x00007ffa43e60000 - 0x00007ffa43fe6000 	C:\WINDOWS\System32\PROPSYS.dll
0x00007ffa470f0000 - 0x00007ffa471b1000 	C:\WINDOWS\system32\OLEAUT32.dll
0x00007ffa2e2d0000 - 0x00007ffa2e36c000 	C:\WINDOWS\SYSTEM32\dsound.dll
0x00007ffa41fe0000 - 0x00007ffa42050000 	C:\WINDOWS\System32\MMDevApi.dll
0x00007ffa449c0000 - 0x00007ffa449e7000 	C:\WINDOWS\System32\DEVOBJ.dll
0x00007ffa40150000 - 0x00007ffa401d8000 	C:\WINDOWS\SYSTEM32\AUDIOSES.DLL
0x00007ffa3ffd0000 - 0x00007ffa40106000 	C:\WINDOWS\SYSTEM32\wintypes.dll
0x00007ffa49010000 - 0x00007ffa4916a000 	C:\WINDOWS\system32\MSCTF.dll
0x00007ffa43ff0000 - 0x00007ffa44012000 	C:\WINDOWS\system32\dwmapi.dll
0x00007ffa17ff0000 - 0x00007ffa18c74000 	C:\WINDOWS\SYSTEM32\ig4icd64.dll
0x00007ffa36b80000 - 0x00007ffa36c11000 	C:\WINDOWS\SYSTEM32\mscms.dll
0x00007ffa2e280000 - 0x00007ffa2e2c2000 	C:\WINDOWS\SYSTEM32\icm32.dll
0x0000000066bc0000 - 0x0000000066c7b000 	C:\Users\luisd\AppData\Local\Temp\libgdxluisd\4d3c1ee0\gdx-box2d64.dll
0x00007ffa27e20000 - 0x00007ffa27fac000 	C:\WINDOWS\SYSTEM32\dbghelp.dll

VM Arguments:
jvm_args: -Dfile.encoding=windows-1252 -Duser.country=419 -Duser.language=es -Duser.variant 
java_command: com.cutthe.rope.desktop.DesktopLauncher
java_class_path (initial): C:\Users\luisd\Documents\tareas\Programación III\Proyecto\CutTheRope\desktop\build\classes\main;C:\Users\luisd\Documents\tareas\Programación III\Proyecto\CutTheRope\desktop\build\resources\main;C:\Users\luisd\Documents\tareas\Programación III\Proyecto\CutTheRope\core\build\libs\core-1.0.jar;C:\Users\luisd\.gradle\caches\modules-2\files-2.1\com.badlogicgames.gdx\gdx-backend-lwjgl\1.9.2\d710a8704ed584ec2ba9ca52e3a6a5885dd759cc\gdx-backend-lwjgl-1.9.2.jar;C:\Users\luisd\.gradle\caches\modules-2\files-2.1\com.badlogicgames.gdx\gdx-platform\1.9.2\dde4cf7e9ce61c24042f512203aed87657496639\gdx-platform-1.9.2-natives-desktop.jar;C:\Users\luisd\.gradle\caches\modules-2\files-2.1\com.badlogicgames.gdx\gdx-box2d-platform\1.9.2\497cbfbf81e7e8b1e8433b19291c5af4bbc2ec66\gdx-box2d-platform-1.9.2-natives-desktop.jar;C:\Users\luisd\.gradle\caches\modules-2\files-2.1\com.badlogicgames.gdx\gdx-freetype-platform\1.9.2\1e1afb0b6c9e8aeb7d495cb8f55c353d3da58cf0\gdx-freetype-platform-1.9.2-natives-desktop.jar;C:\Users\luisd\.gradle\caches\modules-2\files-2.1\com.badlogicgames.gdx\gdx-tools\1.9.2\37d8e3009ae0febdf93717b21980c67c8cadac07\gdx-tools-1.9.2.jar;C:\Users\luisd\.gradle\caches\modules-2\files-2.1\com.badlogicgames.gdx\gdx\1.9.2\e641cb91bec06bc64d9ddf7a7d7062caceec73cd\gdx-1.9.2.jar;C:\Users\luisd\.gradle\caches\modules-2\files-2.1\com.badlogicgames.gdx\gdx-box2d\1.9.2\b78eaa90aaaf7830e6dffff587ea6e859c2787b2\gdx-box2d-1.9.2.jar;C:\Users\luisd\.gradle\caches\modules-2\files-2.1\com.badlogicgames.gdx\gdx-freetype\1.9.2\3609253d14edb1b3ca5aacff4e06989edde75be4\gdx-freetype-1.9.2.jar;C:\Users\luisd\.gradle\caches\modules-2\files-2.1\com.badlogicgames.box2dlights\box2dlights\1.4\3d77ad5b4164fb32fc67e2446e35911bb0aaf0bd\box2dlights-1.4.jar;C:\Users\luisd\.gradle\caches\modules-2\files-2.1\com.badlogicgames.ashley\ashley\1.7.0\a7c4083c0a42027a3c03ba7ccecef6cbe1c5f0a4\ashley-1.7.0.jar;C:\Users\luisd\.gradle\caches\modules-2\files-2.1\org.lwjgl.lwjgl\lwjgl\2.9.2\
Launcher Type: SUN_STANDARD

Environment Variables:
JAVA_HOME=C:\Program Files\Java\jdk1.8.0_45
CLASSPATH=.;.;
PATH=C:\WINDOWS\system32;C:\WINDOWS;C:\WINDOWS\System32\Wbem;C:\WINDOWS\System32\WindowsPowerShell\v1.0\;C:\ffmpeg\bin;C:\MinGW\bin;C:\Program Files (x86)\Nmap;"C:\Program Files\Java\jdk1.8.0_45\bin";C:\Users\luisd\AppData\Local\atom\bin
USERNAME=luisd
OS=Windows_NT
PROCESSOR_IDENTIFIER=Intel64 Family 6 Model 42 Stepping 7, GenuineIntel



---------------  S Y S T E M  ---------------

OS: Windows 10.0 , 64 bit Build 10586 (10.0.10586.0)

CPU:total 4 (2 cores per cpu, 2 threads per core) family 6 model 42 stepping 7, cmov, cx8, fxsr, mmx, sse, sse2, sse3, ssse3, sse4.1, sse4.2, popcnt, avx, aes, clmul, ht, tsc, tscinvbit

Memory: 4k page, physical 8293556k(3309532k free), swap 16682164k(9701680k free)

vm_info: Java HotSpot(TM) 64-Bit Server VM (25.45-b02) for windows-amd64 JRE (1.8.0_45-b15), built on Apr 30 2015 12:40:44 by "java_re" with MS VC++ 10.0 (VS2010)

time: Mon Jun 20 18:00:08 2016
elapsed time: 3 seconds (0d 0h 0m 3s)

