#
# A fatal error has been detected by the Java Runtime Environment:
#
#  EXCEPTION_ACCESS_VIOLATION (0xc0000005) at pc=0x00007ffa17ff3482, pid=9860, tid=8692
#
# JRE version: Java(TM) SE Runtime Environment (8.0_45-b15) (build 1.8.0_45-b15)
# Java VM: Java HotSpot(TM) 64-Bit Server VM (25.45-b02 mixed mode windows-amd64 compressed oops)
# Problematic frame:
# C  [ig4icd64.dll+0x3482]
#
# Failed to write core dump. Minidumps are not enabled by default on client versions of Windows
#
# If you would like to submit a bug report, please visit:
#   http://bugreport.java.com/bugreport/crash.jsp
# The crash happened outside the Java Virtual Machine in native code.
# See problematic frame for where to report the bug.
#

---------------  T H R E A D  ---------------

Current thread (0x0000000018f3b800):  JavaThread "LWJGL Application" [_thread_in_native, id=8692, stack(0x0000000019b60000,0x0000000019c60000)]

siginfo: ExceptionCode=0xc0000005, reading address 0x000000001d426000

Registers:
RAX=0x000000000000080f, RBX=0x000000001a7200b0, RCX=0x0000000000000000, RDX=0x000000001d425fa8
RSP=0x0000000019c5e5b0, RBP=0x000000001d3e58a8, RSI=0x000000001a7317c8, RDI=0x000000001b920780
R8 =0x00000000000f1e04, R9 =0x0000000000001e3c, R10=0x000000000000080f, R11=0x000000001cee7330
R12=0x000000001bd4a5d0, R13=0x00000000000f1e04, R14=0x000000001a731010, R15=0x0000000000000000
RIP=0x00007ffa17ff3482, EFLAGS=0x0000000000010203

Top of Stack: (sp=0x0000000019c5e5b0)
0x0000000019c5e5b0:   000000003e800000 0000000000000000
0x0000000019c5e5c0:   000000003e180000 0000000000000000
0x0000000019c5e5d0:   000000001b8e0000 00007ffa18444a5f
0x0000000019c5e5e0:   000000001a7200b0 000000001a7200b0
0x0000000019c5e5f0:   0000000000000000 000000001a7317c8
0x0000000019c5e600:   0000000019c5e6b9 00007ffa17ff75e5
0x0000000019c5e610:   0000000100000000 000000001c325fd0
0x0000000019c5e620:   0000000000000000 0000000000000000
0x0000000019c5e630:   000000001a7317c8 000000001a731010
0x0000000019c5e640:   0000000000000001 0000000000000002
0x0000000019c5e650:   000000000000c181 0000000000000001
0x0000000019c5e660:   000000001a7200b0 00007ffa18443126
0x0000000019c5e670:   0000000000000001 0000000000000000
0x0000000019c5e680:   000000000000c181 00007ffa18052001
0x0000000019c5e690:   00000000000f1e14 0000000000000000
0x0000000019c5e6a0:   000000001a731010 fffffffffffffffe 

Instructions: (pc=0x00007ffa17ff3482)
0x00007ffa17ff3462:   6f 3a f3 0f 6f 72 10 f3 0f 6f 6a 20 41 ff c2 48
0x00007ffa17ff3472:   83 ef 80 41 8b c2 f3 0f 6f 62 30 f3 0f 6f 5a 40
0x00007ffa17ff3482:   f3 0f 6f 52 50 f3 0f 6f 4a 60 f3 0f 6f 42 70 66
0x00007ffa17ff3492:   0f e7 7f 80 48 83 ea 80 66 0f e7 77 90 66 0f e7 


Register to memory mapping:

RAX=0x000000000000080f is an unknown value
RBX=0x000000001a7200b0 is an unknown value
RCX=0x0000000000000000 is an unknown value
RDX=0x000000001d425fa8 is an unknown value
RSP=0x0000000019c5e5b0 is pointing into the stack for thread: 0x0000000018f3b800
RBP=0x000000001d3e58a8 is an unknown value
RSI=0x000000001a7317c8 is an unknown value
RDI=0x000000001b920780 is an unknown value
R8 =0x00000000000f1e04 is an unknown value
R9 =0x0000000000001e3c is an unknown value
R10=0x000000000000080f is an unknown value
R11=0x000000001cee7330 is an unknown value
R12=0x000000001bd4a5d0 is an unknown value
R13=0x00000000000f1e04 is an unknown value
R14=0x000000001a731010 is an unknown value
R15=0x0000000000000000 is an unknown value


Stack: [0x0000000019b60000,0x0000000019c60000],  sp=0x0000000019c5e5b0,  free space=1017k
Native frames: (J=compiled Java code, j=interpreted, Vv=VM code, C=native code)
C  [ig4icd64.dll+0x3482]
C  [ig4icd64.dll+0x454a5f]
C  [ig4icd64.dll+0x453126]
C  [ig4icd64.dll+0x452108]
C  [ig4icd64.dll+0x19dc5e]
C  [ig4icd64.dll+0x19ade6]
C  [ig4icd64.dll+0x19aa31]
C  0x0000000002be6e1c

Java frames: (J=compiled Java code, j=interpreted, Vv=VM code)
J 922  org.lwjgl.opengl.GL11.nglDrawElements(IIIJJ)V (0 bytes) @ 0x0000000002be6d96 [0x0000000002be6d40+0x56]
J 897 C1 org.lwjgl.opengl.GL11.glDrawElements(ILjava/nio/ShortBuffer;)V (38 bytes) @ 0x0000000002bbfffc [0x0000000002bbf740+0x8bc]
J 857 C1 com.badlogic.gdx.backends.lwjgl.LwjglGL20.glDrawElements(IIILjava/nio/Buffer;)V (124 bytes) @ 0x0000000002ba19dc [0x0000000002ba0c60+0xd7c]
J 803 C1 com.badlogic.gdx.graphics.Mesh.render(Lcom/badlogic/gdx/graphics/glutils/ShaderProgram;IIIZ)V (182 bytes) @ 0x0000000002b6d5d4 [0x0000000002b6cf60+0x674]
J 800 C1 com.badlogic.gdx.graphics.g2d.SpriteBatch.flush()V (185 bytes) @ 0x0000000002b6a30c [0x0000000002b68b00+0x180c]
J 915 C1 com.badlogic.gdx.graphics.g2d.SpriteBatch.end()V (90 bytes) @ 0x0000000002be0284 [0x0000000002be0180+0x104]
J 901 C1 com.cutthe.rope.PantallaJuego.render(F)V (253 bytes) @ 0x0000000002bd04ec [0x0000000002bcdda0+0x274c]
J 886 C1 com.badlogic.gdx.Game.render()V (25 bytes) @ 0x0000000002bba65c [0x0000000002bba480+0x1dc]
j  com.badlogic.gdx.backends.lwjgl.LwjglApplication.mainLoop()V+698
j  com.badlogic.gdx.backends.lwjgl.LwjglApplication$1.run()V+27
v  ~StubRoutines::call_stub

---------------  P R O C E S S  ---------------

Java Threads: ( => current thread )
  0x000000001a131800 JavaThread "LWJGL Timer" daemon [_thread_blocked, id=13744, stack(0x000000001aaa0000,0x000000001aba0000)]
  0x0000000002772800 JavaThread "DestroyJavaVM" [_thread_blocked, id=8844, stack(0x0000000002630000,0x0000000002730000)]
=>0x0000000018f3b800 JavaThread "LWJGL Application" [_thread_in_native, id=8692, stack(0x0000000019b60000,0x0000000019c60000)]
  0x000000001742e800 JavaThread "Service Thread" daemon [_thread_blocked, id=1520, stack(0x0000000019020000,0x0000000019120000)]
  0x00000000173e6800 JavaThread "C1 CompilerThread2" daemon [_thread_blocked, id=7372, stack(0x0000000018b20000,0x0000000018c20000)]
  0x00000000173d2800 JavaThread "C2 CompilerThread1" daemon [_thread_blocked, id=9132, stack(0x0000000018a20000,0x0000000018b20000)]
  0x00000000173cf000 JavaThread "C2 CompilerThread0" daemon [_thread_blocked, id=10164, stack(0x0000000018920000,0x0000000018a20000)]
  0x00000000173cd000 JavaThread "Attach Listener" daemon [_thread_blocked, id=10060, stack(0x0000000018820000,0x0000000018920000)]
  0x00000000173cc000 JavaThread "Signal Dispatcher" daemon [_thread_blocked, id=11936, stack(0x0000000018720000,0x0000000018820000)]
  0x0000000002867800 JavaThread "Finalizer" daemon [_thread_blocked, id=10148, stack(0x0000000018620000,0x0000000018720000)]
  0x000000000285f000 JavaThread "Reference Handler" daemon [_thread_blocked, id=8004, stack(0x0000000018520000,0x0000000018620000)]

Other Threads:
  0x0000000017397800 VMThread [stack: 0x0000000018420000,0x0000000018520000] [id=13084]
  0x0000000018c59000 WatcherThread [stack: 0x0000000019120000,0x0000000019220000] [id=8148]

VM state:not at safepoint (normal execution)

VM Mutex/Monitor currently owned by a thread: None

Heap:
 PSYoungGen      total 38400K, used 18562K [0x00000000d5d00000, 0x00000000d8780000, 0x0000000100000000)
  eden space 33280K, 55% used [0x00000000d5d00000,0x00000000d6f208c0,0x00000000d7d80000)
  from space 5120K, 0% used [0x00000000d8280000,0x00000000d8280000,0x00000000d8780000)
  to   space 5120K, 0% used [0x00000000d7d80000,0x00000000d7d80000,0x00000000d8280000)
 ParOldGen       total 87552K, used 0K [0x0000000081600000, 0x0000000086b80000, 0x00000000d5d00000)
  object space 87552K, 0% used [0x0000000081600000,0x0000000081600000,0x0000000086b80000)
 Metaspace       used 7472K, capacity 7619K, committed 7680K, reserved 1056768K
  class space    used 686K, capacity 720K, committed 768K, reserved 1048576K

Card table byte_map: [0x0000000011c30000,0x0000000012030000] byte_map_base: 0x0000000011825000

Marking Bits: (ParMarkBitMap*) 0x0000000054e54040
 Begin Bits: [0x00000000126e0000, 0x0000000014688000)
 End Bits:   [0x0000000014688000, 0x0000000016630000)

Polling page: 0x0000000000bf0000

CodeCache: size=245760Kb used=3785Kb max_used=3798Kb free=241974Kb
 bounds [0x0000000002870000, 0x0000000002c30000, 0x0000000011870000]
 total_blobs=1508 nmethods=1016 adapters=405
 compilation: enabled

Compilation events (10 events):
Event: 35.358 Thread 0x00000000173e6800 nmethod 1010 0x0000000002c15910 code [0x0000000002c15a60, 0x0000000002c15b70]
Event: 36.075 Thread 0x00000000173cf000 1011       4       com.badlogic.gdx.utils.Pool::freeAll (94 bytes)
Event: 36.102 Thread 0x00000000173cf000 nmethod 1011 0x0000000002c23d10 code [0x0000000002c23f80, 0x0000000002c254c0]
Event: 37.092 Thread 0x00000000173d2800 1012       4       com.badlogic.gdx.graphics.glutils.IndexArray::getNumIndices (19 bytes)
Event: 37.094 Thread 0x00000000173d2800 nmethod 1012 0x0000000002c17650 code [0x0000000002c17780, 0x0000000002c17818]
Event: 38.551 Thread 0x00000000173cf000 1014 %     4       sun.nio.cs.SingleByte$Decoder::decodeArrayLoop @ 88 (154 bytes)
Event: 38.551 Thread 0x00000000173e6800 1015   !   3       java.nio.charset.CharsetDecoder::decode (287 bytes)
Event: 38.553 Thread 0x00000000173e6800 nmethod 1015 0x0000000002c26e90 code [0x0000000002c27180, 0x0000000002c28918]
Event: 38.553 Thread 0x00000000173e6800 1016       3       com.badlogic.gdx.graphics.g2d.BitmapFont$Glyph::setKerning (57 bytes)
Event: 38.554 Thread 0x00000000173e6800 nmethod 1016 0x0000000002c1c750 code [0x0000000002c1c8c0, 0x0000000002c1cd50]

GC Heap History (0 events):
No events

Deoptimization events (1 events):
Event: 3.356 Thread 0x0000000018f3b800 Uncommon trap: reason=unstable_if action=reinterpret pc=0x0000000002b120a8 method=com.badlogic.gdx.utils.Array.add(Ljava/lang/Object;)V @ 11

Internal exceptions (10 events):
Event: 0.163 Thread 0x0000000002772800 Exception <a 'java/security/PrivilegedActionException'> (0x00000000d609fb48) thrown at [C:\re\workspace\8-2-build-windows-amd64-cygwin\jdk8u45\3627\hotspot\src\share\vm\prims\jvm.cpp, line 1382]
Event: 0.163 Thread 0x0000000002772800 Exception <a 'java/security/PrivilegedActionException'> (0x00000000d609fd00) thrown at [C:\re\workspace\8-2-build-windows-amd64-cygwin\jdk8u45\3627\hotspot\src\share\vm\prims\jvm.cpp, line 1382]
Event: 0.164 Thread 0x0000000002772800 Exception <a 'java/security/PrivilegedActionException'> (0x00000000d60a3a98) thrown at [C:\re\workspace\8-2-build-windows-amd64-cygwin\jdk8u45\3627\hotspot\src\share\vm\prims\jvm.cpp, line 1382]
Event: 0.164 Thread 0x0000000002772800 Exception <a 'java/security/PrivilegedActionException'> (0x00000000d60a3c50) thrown at [C:\re\workspace\8-2-build-windows-amd64-cygwin\jdk8u45\3627\hotspot\src\share\vm\prims\jvm.cpp, line 1382]
Event: 0.304 Thread 0x0000000002772800 Exception <a 'java/security/PrivilegedActionException'> (0x00000000d61dda20) thrown at [C:\re\workspace\8-2-build-windows-amd64-cygwin\jdk8u45\3627\hotspot\src\share\vm\prims\jvm.cpp, line 1382]
Event: 0.304 Thread 0x0000000002772800 Exception <a 'java/security/PrivilegedActionException'> (0x00000000d61df648) thrown at [C:\re\workspace\8-2-build-windows-amd64-cygwin\jdk8u45\3627\hotspot\src\share\vm\prims\jvm.cpp, line 1382]
Event: 0.304 Thread 0x0000000002772800 Exception <a 'java/security/PrivilegedActionException'> (0x00000000d61e0708) thrown at [C:\re\workspace\8-2-build-windows-amd64-cygwin\jdk8u45\3627\hotspot\src\share\vm\prims\jvm.cpp, line 1382]
Event: 0.304 Thread 0x0000000002772800 Exception <a 'java/security/PrivilegedActionException'> (0x00000000d61e5700) thrown at [C:\re\workspace\8-2-build-windows-amd64-cygwin\jdk8u45\3627\hotspot\src\share\vm\prims\jvm.cpp, line 1382]
Event: 0.304 Thread 0x0000000002772800 Exception <a 'java/security/PrivilegedActionException'> (0x00000000d61e62a8) thrown at [C:\re\workspace\8-2-build-windows-amd64-cygwin\jdk8u45\3627\hotspot\src\share\vm\prims\jvm.cpp, line 1382]
Event: 0.304 Thread 0x0000000002772800 Exception <a 'java/security/PrivilegedActionException'> (0x00000000d61e6e20) thrown at [C:\re\workspace\8-2-build-windows-amd64-cygwin\jdk8u45\3627\hotspot\src\share\vm\prims\jvm.cpp, line 1382]

Events (10 events):
Event: 17.062 loading class java/util/ArrayList$1
Event: 17.062 loading class java/util/ArrayList$1 done
Event: 24.281 Executing VM operation: RevokeBias
Event: 24.282 Executing VM operation: RevokeBias done
Event: 24.282 Thread 0x0000000018f3b800 DEOPT PACKING pc=0x00000000029bfef8 sp=0x0000000019c5e900
Event: 24.282 Thread 0x0000000018f3b800 DEOPT UNPACKING pc=0x00000000028b787f sp=0x0000000019c5e678 mode 0
Event: 24.282 Thread 0x0000000018f3b800 DEOPT PACKING pc=0x00000000029bfef8 sp=0x0000000019c5e900
Event: 24.282 Thread 0x0000000018f3b800 DEOPT UNPACKING pc=0x00000000028b787f sp=0x0000000019c5e678 mode 0
Event: 24.283 Thread 0x0000000018f3b800 DEOPT PACKING pc=0x00000000029bfef8 sp=0x0000000019c5e900
Event: 24.283 Thread 0x0000000018f3b800 DEOPT UNPACKING pc=0x00000000028b787f sp=0x0000000019c5e678 mode 0


Dynamic libraries:
0x00007ff6a8980000 - 0x00007ff6a89b7000 	C:\Program Files\Java\jdk1.8.0_45\bin\java.exe
0x00007ffa498b0000 - 0x00007ffa49a71000 	C:\WINDOWS\SYSTEM32\ntdll.dll
0x00007ffa492f0000 - 0x00007ffa4939d000 	C:\WINDOWS\system32\KERNEL32.DLL
0x00007ffa46aa0000 - 0x00007ffa46c88000 	C:\WINDOWS\system32\KERNELBASE.dll
0x00007ffa49240000 - 0x00007ffa492e7000 	C:\WINDOWS\system32\ADVAPI32.dll
0x00007ffa48f00000 - 0x00007ffa48f9d000 	C:\WINDOWS\system32\msvcrt.dll
0x00007ffa491e0000 - 0x00007ffa4923b000 	C:\WINDOWS\system32\sechost.dll
0x00007ffa47320000 - 0x00007ffa4743c000 	C:\WINDOWS\system32\RPCRT4.dll
0x00007ffa471c0000 - 0x00007ffa47316000 	C:\WINDOWS\system32\USER32.dll
0x00007ffa495a0000 - 0x00007ffa49726000 	C:\WINDOWS\system32\GDI32.dll
0x00007ffa3bbf0000 - 0x00007ffa3be64000 	C:\WINDOWS\WinSxS\amd64_microsoft.windows.common-controls_6595b64144ccf1df_6.0.10586.0_none_8c15ae12515e1c22\COMCTL32.dll
0x00007ffa48b70000 - 0x00007ffa48ded000 	C:\WINDOWS\system32\combase.dll
0x00007ffa465b0000 - 0x00007ffa4661a000 	C:\WINDOWS\system32\bcryptPrimitives.dll
0x00007ffa493a0000 - 0x00007ffa493db000 	C:\WINDOWS\system32\IMM32.DLL
0x00007ffa45b50000 - 0x00007ffa45b7d000 	C:\WINDOWS\SYSTEM32\SspiCli.dll
0x00007ffa453c0000 - 0x00007ffa453f1000 	C:\WINDOWS\SYSTEM32\ntmarta.dll
0x0000000054570000 - 0x0000000054642000 	C:\Program Files\Java\jdk1.8.0_45\jre\bin\msvcr100.dll
0x0000000054650000 - 0x0000000054ed3000 	C:\Program Files\Java\jdk1.8.0_45\jre\bin\server\jvm.dll
0x00007ffa49840000 - 0x00007ffa49848000 	C:\WINDOWS\system32\PSAPI.DLL
0x00007ffa44160000 - 0x00007ffa44183000 	C:\WINDOWS\SYSTEM32\WINMM.dll
0x00007ffa38730000 - 0x00007ffa38739000 	C:\WINDOWS\SYSTEM32\WSOCK32.dll
0x00007ffa3bb50000 - 0x00007ffa3bb5a000 	C:\WINDOWS\SYSTEM32\VERSION.dll
0x00007ffa48fa0000 - 0x00007ffa4900b000 	C:\WINDOWS\system32\WS2_32.dll
0x0000000000ba0000 - 0x0000000000bcc000 	C:\WINDOWS\SYSTEM32\WINMMBASE.dll
0x00007ffa46710000 - 0x00007ffa46753000 	C:\WINDOWS\system32\cfgmgr32.dll
0x0000000054520000 - 0x000000005452f000 	C:\Program Files\Java\jdk1.8.0_45\jre\bin\verify.dll
0x00000000544f0000 - 0x0000000054519000 	C:\Program Files\Java\jdk1.8.0_45\jre\bin\java.dll
0x00000000544d0000 - 0x00000000544e6000 	C:\Program Files\Java\jdk1.8.0_45\jre\bin\zip.dll
0x00007ffa47610000 - 0x00007ffa48b6c000 	C:\WINDOWS\system32\SHELL32.dll
0x00007ffa45f60000 - 0x00007ffa465a4000 	C:\WINDOWS\system32\windows.storage.dll
0x00007ffa49850000 - 0x00007ffa498a2000 	C:\WINDOWS\system32\shlwapi.dll
0x00007ffa45ee0000 - 0x00007ffa45eef000 	C:\WINDOWS\system32\kernel.appcore.dll
0x00007ffa46930000 - 0x00007ffa469e5000 	C:\WINDOWS\system32\shcore.dll
0x00007ffa45ef0000 - 0x00007ffa45f3b000 	C:\WINDOWS\system32\powrprof.dll
0x00007ffa45f40000 - 0x00007ffa45f54000 	C:\WINDOWS\system32\profapi.dll
0x0000000065580000 - 0x0000000065616000 	C:\Users\luisd\AppData\Local\Temp\libgdxluisd\2ec99cb7\gdx64.dll
0x00007ffa45850000 - 0x00007ffa45867000 	C:\WINDOWS\SYSTEM32\CRYPTSP.dll
0x00007ffa454e0000 - 0x00007ffa45514000 	C:\WINDOWS\system32\rsaenh.dll
0x00007ffa45e00000 - 0x00007ffa45e29000 	C:\WINDOWS\SYSTEM32\bcrypt.dll
0x00007ffa45630000 - 0x00007ffa4564f000 	C:\WINDOWS\SYSTEM32\USERENV.dll
0x00007ffa45970000 - 0x00007ffa4597b000 	C:\WINDOWS\SYSTEM32\CRYPTBASE.dll
0x00000000544b0000 - 0x00000000544ca000 	C:\Program Files\Java\jdk1.8.0_45\jre\bin\net.dll
0x00007ffa457a0000 - 0x00007ffa457fc000 	C:\WINDOWS\system32\mswsock.dll
0x00007ffa42050000 - 0x00007ffa42088000 	C:\WINDOWS\SYSTEM32\IPHLPAPI.DLL
0x00007ffa470e0000 - 0x00007ffa470e8000 	C:\WINDOWS\system32\NSI.dll
0x00007ffa3d070000 - 0x00007ffa3d086000 	C:\WINDOWS\SYSTEM32\dhcpcsvc6.DLL
0x00007ffa3f720000 - 0x00007ffa3f73a000 	C:\WINDOWS\SYSTEM32\dhcpcsvc.DLL
0x0000000054490000 - 0x00000000544a1000 	C:\Program Files\Java\jdk1.8.0_45\jre\bin\nio.dll
0x0000000180000000 - 0x0000000180053000 	C:\Users\luisd\AppData\Local\Temp\libgdxluisd\dc0f0009\lwjgl64.dll
0x00007ffa2ac20000 - 0x00007ffa2ad49000 	C:\WINDOWS\SYSTEM32\OPENGL32.dll
0x00007ffa3ed30000 - 0x00007ffa3ed5e000 	C:\WINDOWS\SYSTEM32\GLU32.dll
0x00007ffa25980000 - 0x00007ffa25a7a000 	C:\WINDOWS\SYSTEM32\DDRAW.dll
0x00007ffa3f520000 - 0x00007ffa3f528000 	C:\WINDOWS\SYSTEM32\DCIMAN32.dll
0x0000000019560000 - 0x00000000195c4000 	C:\Users\luisd\AppData\Local\Temp\libgdxluisd\dc0f0009\OpenAL64.dll
0x00007ffa49450000 - 0x00007ffa49593000 	C:\WINDOWS\system32\ole32.dll
0x00007ffa44850000 - 0x00007ffa448e6000 	C:\WINDOWS\system32\uxtheme.dll
0x00007ffa48df0000 - 0x00007ffa48e97000 	C:\WINDOWS\system32\clbcatq.dll
0x00007ffa43e60000 - 0x00007ffa43fe6000 	C:\WINDOWS\System32\PROPSYS.dll
0x00007ffa470f0000 - 0x00007ffa471b1000 	C:\WINDOWS\system32\OLEAUT32.dll
0x00007ffa29a60000 - 0x00007ffa29afc000 	C:\WINDOWS\SYSTEM32\dsound.dll
0x00007ffa41fe0000 - 0x00007ffa42050000 	C:\WINDOWS\System32\MMDevApi.dll
0x00007ffa449c0000 - 0x00007ffa449e7000 	C:\WINDOWS\System32\DEVOBJ.dll
0x00007ffa40150000 - 0x00007ffa401d8000 	C:\WINDOWS\SYSTEM32\AUDIOSES.DLL
0x00007ffa3ffd0000 - 0x00007ffa40106000 	C:\WINDOWS\SYSTEM32\wintypes.dll
0x00007ffa49010000 - 0x00007ffa4916a000 	C:\WINDOWS\system32\MSCTF.dll
0x00007ffa43ff0000 - 0x00007ffa44012000 	C:\WINDOWS\system32\dwmapi.dll
0x00007ffa17ff0000 - 0x00007ffa18c74000 	C:\WINDOWS\SYSTEM32\ig4icd64.dll
0x00007ffa36b80000 - 0x00007ffa36c11000 	C:\WINDOWS\SYSTEM32\mscms.dll
0x00007ffa335d0000 - 0x00007ffa33612000 	C:\WINDOWS\SYSTEM32\icm32.dll
0x0000000066bc0000 - 0x0000000066c7b000 	C:\Users\luisd\AppData\Local\Temp\libgdxluisd\4d3c1ee0\gdx-box2d64.dll
0x00007ffa27e20000 - 0x00007ffa27fac000 	C:\WINDOWS\SYSTEM32\dbghelp.dll

VM Arguments:
jvm_args: -Dfile.encoding=windows-1252 -Duser.country=419 -Duser.language=es -Duser.variant 
java_command: com.cutthe.rope.desktop.DesktopLauncher
java_class_path (initial): C:\Users\luisd\Documents\tareas\Programación III\Proyecto\CutTheRope\desktop\build\classes\main;C:\Users\luisd\Documents\tareas\Programación III\Proyecto\CutTheRope\desktop\build\resources\main;C:\Users\luisd\Documents\tareas\Programación III\Proyecto\CutTheRope\core\build\libs\core-1.0.jar;C:\Users\luisd\.gradle\caches\modules-2\files-2.1\com.badlogicgames.gdx\gdx-backend-lwjgl\1.9.2\d710a8704ed584ec2ba9ca52e3a6a5885dd759cc\gdx-backend-lwjgl-1.9.2.jar;C:\Users\luisd\.gradle\caches\modules-2\files-2.1\com.badlogicgames.gdx\gdx-platform\1.9.2\dde4cf7e9ce61c24042f512203aed87657496639\gdx-platform-1.9.2-natives-desktop.jar;C:\Users\luisd\.gradle\caches\modules-2\files-2.1\com.badlogicgames.gdx\gdx-box2d-platform\1.9.2\497cbfbf81e7e8b1e8433b19291c5af4bbc2ec66\gdx-box2d-platform-1.9.2-natives-desktop.jar;C:\Users\luisd\.gradle\caches\modules-2\files-2.1\com.badlogicgames.gdx\gdx-freetype-platform\1.9.2\1e1afb0b6c9e8aeb7d495cb8f55c353d3da58cf0\gdx-freetype-platform-1.9.2-natives-desktop.jar;C:\Users\luisd\.gradle\caches\modules-2\files-2.1\com.badlogicgames.gdx\gdx-tools\1.9.2\37d8e3009ae0febdf93717b21980c67c8cadac07\gdx-tools-1.9.2.jar;C:\Users\luisd\.gradle\caches\modules-2\files-2.1\com.badlogicgames.gdx\gdx\1.9.2\e641cb91bec06bc64d9ddf7a7d7062caceec73cd\gdx-1.9.2.jar;C:\Users\luisd\.gradle\caches\modules-2\files-2.1\com.badlogicgames.gdx\gdx-box2d\1.9.2\b78eaa90aaaf7830e6dffff587ea6e859c2787b2\gdx-box2d-1.9.2.jar;C:\Users\luisd\.gradle\caches\modules-2\files-2.1\com.badlogicgames.gdx\gdx-freetype\1.9.2\3609253d14edb1b3ca5aacff4e06989edde75be4\gdx-freetype-1.9.2.jar;C:\Users\luisd\.gradle\caches\modules-2\files-2.1\com.badlogicgames.box2dlights\box2dlights\1.4\3d77ad5b4164fb32fc67e2446e35911bb0aaf0bd\box2dlights-1.4.jar;C:\Users\luisd\.gradle\caches\modules-2\files-2.1\com.badlogicgames.ashley\ashley\1.7.0\a7c4083c0a42027a3c03ba7ccecef6cbe1c5f0a4\ashley-1.7.0.jar;C:\Users\luisd\.gradle\caches\modules-2\files-2.1\org.lwjgl.lwjgl\lwjgl\2.9.2\
Launcher Type: SUN_STANDARD

Environment Variables:
JAVA_HOME=C:\Program Files\Java\jdk1.8.0_45
CLASSPATH=.;.;
PATH=C:\WINDOWS\system32;C:\WINDOWS;C:\WINDOWS\System32\Wbem;C:\WINDOWS\System32\WindowsPowerShell\v1.0\;C:\ffmpeg\bin;C:\MinGW\bin;C:\Program Files (x86)\Nmap;"C:\Program Files\Java\jdk1.8.0_45\bin";C:\Users\luisd\AppData\Local\atom\bin
USERNAME=luisd
OS=Windows_NT
PROCESSOR_IDENTIFIER=Intel64 Family 6 Model 42 Stepping 7, GenuineIntel



---------------  S Y S T E M  ---------------

OS: Windows 10.0 , 64 bit Build 10586 (10.0.10586.0)

CPU:total 4 (2 cores per cpu, 2 threads per core) family 6 model 42 stepping 7, cmov, cx8, fxsr, mmx, sse, sse2, sse3, ssse3, sse4.1, sse4.2, popcnt, avx, aes, clmul, ht, tsc, tscinvbit

Memory: 4k page, physical 8293556k(3700200k free), swap 16682164k(9962272k free)

vm_info: Java HotSpot(TM) 64-Bit Server VM (25.45-b02) for windows-amd64 JRE (1.8.0_45-b15), built on Apr 30 2015 12:40:44 by "java_re" with MS VC++ 10.0 (VS2010)

time: Mon Jun 20 19:52:20 2016
elapsed time: 38 seconds (0d 0h 0m 38s)

