#
# A fatal error has been detected by the Java Runtime Environment:
#
#  EXCEPTION_ACCESS_VIOLATION (0xc0000005) at pc=0x0000000066bcbd0d, pid=13764, tid=13708
#
# JRE version: Java(TM) SE Runtime Environment (8.0_45-b15) (build 1.8.0_45-b15)
# Java VM: Java HotSpot(TM) 64-Bit Server VM (25.45-b02 mixed mode windows-amd64 compressed oops)
# Problematic frame:
# C  [gdx-box2d64.dll+0xbd0d]
#
# Failed to write core dump. Minidumps are not enabled by default on client versions of Windows
#
# If you would like to submit a bug report, please visit:
#   http://bugreport.java.com/bugreport/crash.jsp
# The crash happened outside the Java Virtual Machine in native code.
# See problematic frame for where to report the bug.
#

---------------  T H R E A D  ---------------

Current thread (0x0000000018f21000):  JavaThread "LWJGL Application" [_thread_in_native, id=13708, stack(0x0000000019a10000,0x0000000019b10000)]

siginfo: ExceptionCode=0xc0000005, reading address 0xffffffffffffffff

Registers:
RAX=0x3ea800003f190000, RBX=0x00000000199e5788, RCX=0x00000000199e5750, RDX=0x00000000000000d0
RSP=0x0000000019b0ef90, RBP=0x0000000000000007, RSI=0x00000000199e5750, RDI=0x000000001a65c2c0
R8 =0x000000001a65c2c0, R9 =0x0000000000000000, R10=0x0000000016f9ac68, R11=0x0000000019b0efa0
R12=0x0000000000000018, R13=0x0000000000000000, R14=0x0000000000000000, R15=0x0000000018f21000
RIP=0x0000000066bcbd0d, EFLAGS=0x0000000000010206

Top of Stack: (sp=0x0000000019b0ef90)
0x0000000019b0ef90:   0000000019b0ee30 0000000019b0f018
0x0000000019b0efa0:   0000000000000018 0000000066bff2ac
0x0000000019b0efb0:   0000000000000004 0000000000000004
0x0000000019b0efc0:   000000001a65c620 000000001a65c2c0
0x0000000019b0efd0:   00000000199fe9f0 0000000000000018
0x0000000019b0efe0:   0000000000000000 0000000066bd063c
0x0000000019b0eff0:   0000000000000004 000000001a65c2c0
0x0000000019b0f000:   000000001a65c620 00000000199fe9f0
0x0000000019b0f010:   0000000000000004 000000001a65c2c0
0x0000000019b0f020:   000000001a65c620 0000000066be02cf
0x0000000019b0f030:   0000000000000000 0000000000000000
0x0000000019b0f040:   00005c7ff1b50177 00007ffa182d6bc0
0x0000000019b0f050:   00000000199e5750 00007ffa182d6d30
0x0000000019b0f060:   0000000000000004 00000000199fe9f0
0x0000000019b0f070:   000000001992dc58 00000000199fe9f0
0x0000000019b0f080:   0000000000000018 0000000000000019 

Instructions: (pc=0x0000000066bcbd0d)
0x0000000066bcbced:   48 8d 05 6c a3 05 00 0f b6 1c 18 80 fb 0d 0f b6
0x0000000066bcbcfd:   eb 77 21 48 8d 1c de 48 8b 43 10 48 85 c0 74 3a
0x0000000066bcbd0d:   48 8b 10 48 89 53 10 48 83 c4 28 5b 5e 5f 5d 41
0x0000000066bcbd1d:   5c 41 5d c3 48 8d 15 18 9e 04 00 48 8d 0d 99 9e 


Register to memory mapping:

RAX=0x3ea800003f190000 is an unknown value
RBX=0x00000000199e5788 is an unknown value
RCX=0x00000000199e5750 is an unknown value
RDX=0x00000000000000d0 is an unknown value
RSP=0x0000000019b0ef90 is pointing into the stack for thread: 0x0000000018f21000
RBP=0x0000000000000007 is an unknown value
RSI=0x00000000199e5750 is an unknown value
RDI=0x000000001a65c2c0 is an unknown value
R8 =0x000000001a65c2c0 is an unknown value
R9 =0x0000000000000000 is an unknown value
R10={method} {0x0000000016f9ac70} 'contactFilter' '(JJ)Z' in 'com/badlogic/gdx/physics/box2d/World'
R11=0x0000000019b0efa0 is pointing into the stack for thread: 0x0000000018f21000
R12=0x0000000000000018 is an unknown value
R13=0x0000000000000000 is an unknown value
R14=0x0000000000000000 is an unknown value
R15=0x0000000018f21000 is a thread


Stack: [0x0000000019a10000,0x0000000019b10000],  sp=0x0000000019b0ef90,  free space=1019k
Native frames: (J=compiled Java code, j=interpreted, Vv=VM code, C=native code)
C  [gdx-box2d64.dll+0xbd0d]
C  [gdx-box2d64.dll+0x1063c]
C  [gdx-box2d64.dll+0x202cf]
C  [gdx-box2d64.dll+0x3ec90]
C  [gdx-box2d64.dll+0x24c78]
C  [gdx-box2d64.dll+0x290d1]
C  0x0000000002b0be55

Java frames: (J=compiled Java code, j=interpreted, Vv=VM code)
J 760  com.badlogic.gdx.physics.box2d.World.jniStep(JFII)V (0 bytes) @ 0x0000000002b0bdc9 [0x0000000002b0bd80+0x49]
J 901 C1 com.cutthe.rope.PantallaJuego.render(F)V (253 bytes) @ 0x0000000002b91c74 [0x0000000002b910a0+0xbd4]
J 884 C1 com.badlogic.gdx.Game.render()V (25 bytes) @ 0x0000000002b7dfdc [0x0000000002b7de00+0x1dc]
j  com.badlogic.gdx.backends.lwjgl.LwjglApplication.mainLoop()V+698
j  com.badlogic.gdx.backends.lwjgl.LwjglApplication$1.run()V+27
v  ~StubRoutines::call_stub

---------------  P R O C E S S  ---------------

Java Threads: ( => current thread )
  0x0000000018f1e800 JavaThread "LWJGL Timer" daemon [_thread_blocked, id=13628, stack(0x000000001d530000,0x000000001d630000)]
  0x0000000018f1b800 JavaThread "DestroyJavaVM" [_thread_blocked, id=7240, stack(0x0000000002580000,0x0000000002680000)]
=>0x0000000018f21000 JavaThread "LWJGL Application" [_thread_in_native, id=13708, stack(0x0000000019a10000,0x0000000019b10000)]
  0x00000000173ed000 JavaThread "Service Thread" daemon [_thread_blocked, id=13540, stack(0x0000000018fe0000,0x00000000190e0000)]
  0x0000000017394800 JavaThread "C1 CompilerThread2" daemon [_thread_blocked, id=13340, stack(0x0000000018ae0000,0x0000000018be0000)]
  0x0000000017391800 JavaThread "C2 CompilerThread1" daemon [_thread_blocked, id=14212, stack(0x00000000189e0000,0x0000000018ae0000)]
  0x000000001738f800 JavaThread "C2 CompilerThread0" daemon [_thread_blocked, id=3860, stack(0x00000000188e0000,0x00000000189e0000)]
  0x000000001738e000 JavaThread "Attach Listener" daemon [_thread_blocked, id=10384, stack(0x00000000187e0000,0x00000000188e0000)]
  0x000000001738d000 JavaThread "Signal Dispatcher" daemon [_thread_blocked, id=560, stack(0x00000000186e0000,0x00000000187e0000)]
  0x0000000002829000 JavaThread "Finalizer" daemon [_thread_blocked, id=13264, stack(0x00000000185e0000,0x00000000186e0000)]
  0x0000000002820000 JavaThread "Reference Handler" daemon [_thread_blocked, id=9684, stack(0x00000000184e0000,0x00000000185e0000)]

Other Threads:
  0x0000000017358800 VMThread [stack: 0x00000000183e0000,0x00000000184e0000] [id=13416]
  0x0000000018c0d000 WatcherThread [stack: 0x00000000190e0000,0x00000000191e0000] [id=8348]

VM state:not at safepoint (normal execution)

VM Mutex/Monitor currently owned by a thread: None

Heap:
 PSYoungGen      total 38400K, used 17853K [0x00000000d5d00000, 0x00000000d8780000, 0x0000000100000000)
  eden space 33280K, 53% used [0x00000000d5d00000,0x00000000d6e6f7f0,0x00000000d7d80000)
  from space 5120K, 0% used [0x00000000d8280000,0x00000000d8280000,0x00000000d8780000)
  to   space 5120K, 0% used [0x00000000d7d80000,0x00000000d7d80000,0x00000000d8280000)
 ParOldGen       total 87552K, used 0K [0x0000000081600000, 0x0000000086b80000, 0x00000000d5d00000)
  object space 87552K, 0% used [0x0000000081600000,0x0000000081600000,0x0000000086b80000)
 Metaspace       used 7470K, capacity 7619K, committed 7680K, reserved 1056768K
  class space    used 686K, capacity 720K, committed 768K, reserved 1048576K

Card table byte_map: [0x0000000011bf0000,0x0000000011ff0000] byte_map_base: 0x00000000117e5000

Marking Bits: (ParMarkBitMap*) 0x0000000054e54040
 Begin Bits: [0x00000000126a0000, 0x0000000014648000)
 End Bits:   [0x0000000014648000, 0x00000000165f0000)

Polling page: 0x0000000002480000

CodeCache: size=245760Kb used=3752Kb max_used=3767Kb free=242007Kb
 bounds [0x0000000002830000, 0x0000000002bf0000, 0x0000000011830000]
 total_blobs=1489 nmethods=997 adapters=405
 compilation: enabled

Compilation events (10 events):
Event: 29.381 Thread 0x0000000017394800  991       3       com.badlogic.gdx.utils.LongMap::push (358 bytes)
Event: 29.383 Thread 0x0000000017394800 nmethod 991 0x0000000002bd7250 code [0x0000000002bd74a0, 0x0000000002bd86a8]
Event: 29.385 Thread 0x0000000017394800  992       3       java.io.File::<init> (47 bytes)
Event: 29.385 Thread 0x0000000017391800  993       4       java.lang.Integer::parseInt (261 bytes)
Event: 29.385 Thread 0x0000000017394800 nmethod 992 0x0000000002bd9590 code [0x0000000002bd9720, 0x0000000002bd9aa8]
Event: 29.385 Thread 0x000000001738f800  995   !   4       java.io.BufferedReader::readLine (304 bytes)
Event: 29.386 Thread 0x0000000017394800  994       3       java.lang.AbstractStringBuilder::append (40 bytes)
Event: 29.386 Thread 0x0000000017394800 nmethod 994 0x0000000002bd9c10 code [0x0000000002bd9da0, 0x0000000002bda198]
Event: 29.389 Thread 0x0000000017394800  997       1       java.io.File::getPrefixLength (5 bytes)
Event: 29.389 Thread 0x0000000017394800 nmethod 997 0x0000000002bda2d0 code [0x0000000002bda420, 0x0000000002bda530]

GC Heap History (0 events):
No events

Deoptimization events (3 events):
Event: 3.233 Thread 0x0000000018f21000 Uncommon trap: reason=unstable_if action=reinterpret pc=0x0000000002ad6628 method=com.badlogic.gdx.utils.Array.add(Ljava/lang/Object;)V @ 11
Event: 29.144 Thread 0x0000000018f21000 Uncommon trap: reason=unstable_if action=reinterpret pc=0x0000000002b7edb4 method=com.badlogic.gdx.utils.LongMap.get(J)Ljava/lang/Object; @ 71
Event: 29.177 Thread 0x0000000018f21000 Uncommon trap: reason=unstable_if action=reinterpret pc=0x0000000002b80ed0 method=com.badlogic.gdx.utils.LongMap.get(J)Ljava/lang/Object; @ 71

Internal exceptions (10 events):
Event: 0.158 Thread 0x0000000002732800 Exception <a 'java/security/PrivilegedActionException'> (0x00000000d609fb48) thrown at [C:\re\workspace\8-2-build-windows-amd64-cygwin\jdk8u45\3627\hotspot\src\share\vm\prims\jvm.cpp, line 1382]
Event: 0.158 Thread 0x0000000002732800 Exception <a 'java/security/PrivilegedActionException'> (0x00000000d609fd00) thrown at [C:\re\workspace\8-2-build-windows-amd64-cygwin\jdk8u45\3627\hotspot\src\share\vm\prims\jvm.cpp, line 1382]
Event: 0.158 Thread 0x0000000002732800 Exception <a 'java/security/PrivilegedActionException'> (0x00000000d60a3a98) thrown at [C:\re\workspace\8-2-build-windows-amd64-cygwin\jdk8u45\3627\hotspot\src\share\vm\prims\jvm.cpp, line 1382]
Event: 0.158 Thread 0x0000000002732800 Exception <a 'java/security/PrivilegedActionException'> (0x00000000d60a3c50) thrown at [C:\re\workspace\8-2-build-windows-amd64-cygwin\jdk8u45\3627\hotspot\src\share\vm\prims\jvm.cpp, line 1382]
Event: 0.272 Thread 0x0000000002732800 Exception <a 'java/security/PrivilegedActionException'> (0x00000000d61dda20) thrown at [C:\re\workspace\8-2-build-windows-amd64-cygwin\jdk8u45\3627\hotspot\src\share\vm\prims\jvm.cpp, line 1382]
Event: 0.272 Thread 0x0000000002732800 Exception <a 'java/security/PrivilegedActionException'> (0x00000000d61df648) thrown at [C:\re\workspace\8-2-build-windows-amd64-cygwin\jdk8u45\3627\hotspot\src\share\vm\prims\jvm.cpp, line 1382]
Event: 0.272 Thread 0x0000000002732800 Exception <a 'java/security/PrivilegedActionException'> (0x00000000d61e0708) thrown at [C:\re\workspace\8-2-build-windows-amd64-cygwin\jdk8u45\3627\hotspot\src\share\vm\prims\jvm.cpp, line 1382]
Event: 0.272 Thread 0x0000000002732800 Exception <a 'java/security/PrivilegedActionException'> (0x00000000d61e5700) thrown at [C:\re\workspace\8-2-build-windows-amd64-cygwin\jdk8u45\3627\hotspot\src\share\vm\prims\jvm.cpp, line 1382]
Event: 0.272 Thread 0x0000000002732800 Exception <a 'java/security/PrivilegedActionException'> (0x00000000d61e62a8) thrown at [C:\re\workspace\8-2-build-windows-amd64-cygwin\jdk8u45\3627\hotspot\src\share\vm\prims\jvm.cpp, line 1382]
Event: 0.272 Thread 0x0000000002732800 Exception <a 'java/security/PrivilegedActionException'> (0x00000000d61e6e20) thrown at [C:\re\workspace\8-2-build-windows-amd64-cygwin\jdk8u45\3627\hotspot\src\share\vm\prims\jvm.cpp, line 1382]

Events (10 events):
Event: 29.177 Thread 0x0000000018f21000 DEOPT PACKING pc=0x0000000002b80ed0 sp=0x0000000019b0e4d0
Event: 29.177 Thread 0x0000000018f21000 DEOPT UNPACKING pc=0x000000000287582a sp=0x0000000019b0e420 mode 2
Event: 29.385 Executing VM operation: RevokeBias
Event: 29.385 Executing VM operation: RevokeBias done
Event: 29.385 Thread 0x0000000018f21000 DEOPT PACKING pc=0x000000000297cff8 sp=0x0000000019b0ec50
Event: 29.385 Thread 0x0000000018f21000 DEOPT UNPACKING pc=0x000000000287787f sp=0x0000000019b0e9c8 mode 0
Event: 29.387 Thread 0x0000000018f21000 DEOPT PACKING pc=0x000000000297cff8 sp=0x0000000019b0ec50
Event: 29.387 Thread 0x0000000018f21000 DEOPT UNPACKING pc=0x000000000287787f sp=0x0000000019b0e9c8 mode 0
Event: 29.388 Thread 0x0000000018f21000 DEOPT PACKING pc=0x000000000297cff8 sp=0x0000000019b0ec50
Event: 29.388 Thread 0x0000000018f21000 DEOPT UNPACKING pc=0x000000000287787f sp=0x0000000019b0e9c8 mode 0


Dynamic libraries:
0x00007ff6a8980000 - 0x00007ff6a89b7000 	C:\Program Files\Java\jdk1.8.0_45\bin\java.exe
0x00007ffa498b0000 - 0x00007ffa49a71000 	C:\WINDOWS\SYSTEM32\ntdll.dll
0x00007ffa492f0000 - 0x00007ffa4939d000 	C:\WINDOWS\system32\KERNEL32.DLL
0x00007ffa46aa0000 - 0x00007ffa46c88000 	C:\WINDOWS\system32\KERNELBASE.dll
0x00007ffa49240000 - 0x00007ffa492e7000 	C:\WINDOWS\system32\ADVAPI32.dll
0x00007ffa48f00000 - 0x00007ffa48f9d000 	C:\WINDOWS\system32\msvcrt.dll
0x00007ffa491e0000 - 0x00007ffa4923b000 	C:\WINDOWS\system32\sechost.dll
0x00007ffa47320000 - 0x00007ffa4743c000 	C:\WINDOWS\system32\RPCRT4.dll
0x00007ffa471c0000 - 0x00007ffa47316000 	C:\WINDOWS\system32\USER32.dll
0x00007ffa495a0000 - 0x00007ffa49726000 	C:\WINDOWS\system32\GDI32.dll
0x00007ffa3bbf0000 - 0x00007ffa3be64000 	C:\WINDOWS\WinSxS\amd64_microsoft.windows.common-controls_6595b64144ccf1df_6.0.10586.0_none_8c15ae12515e1c22\COMCTL32.dll
0x00007ffa48b70000 - 0x00007ffa48ded000 	C:\WINDOWS\system32\combase.dll
0x00007ffa465b0000 - 0x00007ffa4661a000 	C:\WINDOWS\system32\bcryptPrimitives.dll
0x00007ffa493a0000 - 0x00007ffa493db000 	C:\WINDOWS\system32\IMM32.DLL
0x00007ffa45b50000 - 0x00007ffa45b7d000 	C:\WINDOWS\SYSTEM32\SspiCli.dll
0x00007ffa453c0000 - 0x00007ffa453f1000 	C:\WINDOWS\SYSTEM32\ntmarta.dll
0x0000000054570000 - 0x0000000054642000 	C:\Program Files\Java\jdk1.8.0_45\jre\bin\msvcr100.dll
0x0000000054650000 - 0x0000000054ed3000 	C:\Program Files\Java\jdk1.8.0_45\jre\bin\server\jvm.dll
0x00007ffa49840000 - 0x00007ffa49848000 	C:\WINDOWS\system32\PSAPI.DLL
0x00007ffa38730000 - 0x00007ffa38739000 	C:\WINDOWS\SYSTEM32\WSOCK32.dll
0x00007ffa44160000 - 0x00007ffa44183000 	C:\WINDOWS\SYSTEM32\WINMM.dll
0x00007ffa3bb50000 - 0x00007ffa3bb5a000 	C:\WINDOWS\SYSTEM32\VERSION.dll
0x00007ffa48fa0000 - 0x00007ffa4900b000 	C:\WINDOWS\system32\WS2_32.dll
0x0000000000b10000 - 0x0000000000b3c000 	C:\WINDOWS\SYSTEM32\WINMMBASE.dll
0x00007ffa46710000 - 0x00007ffa46753000 	C:\WINDOWS\system32\cfgmgr32.dll
0x0000000054520000 - 0x000000005452f000 	C:\Program Files\Java\jdk1.8.0_45\jre\bin\verify.dll
0x00000000544f0000 - 0x0000000054519000 	C:\Program Files\Java\jdk1.8.0_45\jre\bin\java.dll
0x00000000544d0000 - 0x00000000544e6000 	C:\Program Files\Java\jdk1.8.0_45\jre\bin\zip.dll
0x00007ffa47610000 - 0x00007ffa48b6c000 	C:\WINDOWS\system32\SHELL32.dll
0x00007ffa45f60000 - 0x00007ffa465a4000 	C:\WINDOWS\system32\windows.storage.dll
0x00007ffa49850000 - 0x00007ffa498a2000 	C:\WINDOWS\system32\shlwapi.dll
0x00007ffa45ee0000 - 0x00007ffa45eef000 	C:\WINDOWS\system32\kernel.appcore.dll
0x00007ffa46930000 - 0x00007ffa469e5000 	C:\WINDOWS\system32\shcore.dll
0x00007ffa45ef0000 - 0x00007ffa45f3b000 	C:\WINDOWS\system32\powrprof.dll
0x00007ffa45f40000 - 0x00007ffa45f54000 	C:\WINDOWS\system32\profapi.dll
0x0000000065580000 - 0x0000000065616000 	C:\Users\luisd\AppData\Local\Temp\libgdxluisd\2ec99cb7\gdx64.dll
0x00007ffa45850000 - 0x00007ffa45867000 	C:\WINDOWS\SYSTEM32\CRYPTSP.dll
0x00007ffa454e0000 - 0x00007ffa45514000 	C:\WINDOWS\system32\rsaenh.dll
0x00007ffa45e00000 - 0x00007ffa45e29000 	C:\WINDOWS\SYSTEM32\bcrypt.dll
0x00007ffa45630000 - 0x00007ffa4564f000 	C:\WINDOWS\SYSTEM32\USERENV.dll
0x00007ffa45970000 - 0x00007ffa4597b000 	C:\WINDOWS\SYSTEM32\CRYPTBASE.dll
0x00000000544b0000 - 0x00000000544ca000 	C:\Program Files\Java\jdk1.8.0_45\jre\bin\net.dll
0x00007ffa457a0000 - 0x00007ffa457fc000 	C:\WINDOWS\system32\mswsock.dll
0x00007ffa42050000 - 0x00007ffa42088000 	C:\WINDOWS\SYSTEM32\IPHLPAPI.DLL
0x00007ffa470e0000 - 0x00007ffa470e8000 	C:\WINDOWS\system32\NSI.dll
0x00007ffa3d070000 - 0x00007ffa3d086000 	C:\WINDOWS\SYSTEM32\dhcpcsvc6.DLL
0x00007ffa3f720000 - 0x00007ffa3f73a000 	C:\WINDOWS\SYSTEM32\dhcpcsvc.DLL
0x0000000054490000 - 0x00000000544a1000 	C:\Program Files\Java\jdk1.8.0_45\jre\bin\nio.dll
0x0000000180000000 - 0x0000000180053000 	C:\Users\luisd\AppData\Local\Temp\libgdxluisd\dc0f0009\lwjgl64.dll
0x00007ffa2ac20000 - 0x00007ffa2ad49000 	C:\WINDOWS\SYSTEM32\OPENGL32.dll
0x00007ffa3ed30000 - 0x00007ffa3ed5e000 	C:\WINDOWS\SYSTEM32\GLU32.dll
0x00007ffa25980000 - 0x00007ffa25a7a000 	C:\WINDOWS\SYSTEM32\DDRAW.dll
0x00007ffa3f520000 - 0x00007ffa3f528000 	C:\WINDOWS\SYSTEM32\DCIMAN32.dll
0x0000000002680000 - 0x00000000026e4000 	C:\Users\luisd\AppData\Local\Temp\libgdxluisd\dc0f0009\OpenAL64.dll
0x00007ffa49450000 - 0x00007ffa49593000 	C:\WINDOWS\system32\ole32.dll
0x00007ffa44850000 - 0x00007ffa448e6000 	C:\WINDOWS\system32\uxtheme.dll
0x00007ffa48df0000 - 0x00007ffa48e97000 	C:\WINDOWS\system32\clbcatq.dll
0x00007ffa43e60000 - 0x00007ffa43fe6000 	C:\WINDOWS\System32\PROPSYS.dll
0x00007ffa470f0000 - 0x00007ffa471b1000 	C:\WINDOWS\system32\OLEAUT32.dll
0x00007ffa2e2d0000 - 0x00007ffa2e36c000 	C:\WINDOWS\SYSTEM32\dsound.dll
0x00007ffa41fe0000 - 0x00007ffa42050000 	C:\WINDOWS\System32\MMDevApi.dll
0x00007ffa449c0000 - 0x00007ffa449e7000 	C:\WINDOWS\System32\DEVOBJ.dll
0x00007ffa40150000 - 0x00007ffa401d8000 	C:\WINDOWS\SYSTEM32\AUDIOSES.DLL
0x00007ffa3ffd0000 - 0x00007ffa40106000 	C:\WINDOWS\SYSTEM32\wintypes.dll
0x00007ffa49010000 - 0x00007ffa4916a000 	C:\WINDOWS\system32\MSCTF.dll
0x00007ffa43ff0000 - 0x00007ffa44012000 	C:\WINDOWS\system32\dwmapi.dll
0x00007ffa17ff0000 - 0x00007ffa18c74000 	C:\WINDOWS\SYSTEM32\ig4icd64.dll
0x00007ffa36b80000 - 0x00007ffa36c11000 	C:\WINDOWS\SYSTEM32\mscms.dll
0x00007ffa335d0000 - 0x00007ffa33612000 	C:\WINDOWS\SYSTEM32\icm32.dll
0x0000000066bc0000 - 0x0000000066c7b000 	C:\Users\luisd\AppData\Local\Temp\libgdxluisd\4d3c1ee0\gdx-box2d64.dll
0x00007ffa27e20000 - 0x00007ffa27fac000 	C:\WINDOWS\SYSTEM32\dbghelp.dll

VM Arguments:
jvm_args: -Dfile.encoding=windows-1252 -Duser.country=419 -Duser.language=es -Duser.variant 
java_command: com.cutthe.rope.desktop.DesktopLauncher
java_class_path (initial): C:\Users\luisd\Documents\tareas\Programación III\Proyecto\CutTheRope\desktop\build\classes\main;C:\Users\luisd\Documents\tareas\Programación III\Proyecto\CutTheRope\desktop\build\resources\main;C:\Users\luisd\Documents\tareas\Programación III\Proyecto\CutTheRope\core\build\libs\core-1.0.jar;C:\Users\luisd\.gradle\caches\modules-2\files-2.1\com.badlogicgames.gdx\gdx-backend-lwjgl\1.9.2\d710a8704ed584ec2ba9ca52e3a6a5885dd759cc\gdx-backend-lwjgl-1.9.2.jar;C:\Users\luisd\.gradle\caches\modules-2\files-2.1\com.badlogicgames.gdx\gdx-platform\1.9.2\dde4cf7e9ce61c24042f512203aed87657496639\gdx-platform-1.9.2-natives-desktop.jar;C:\Users\luisd\.gradle\caches\modules-2\files-2.1\com.badlogicgames.gdx\gdx-box2d-platform\1.9.2\497cbfbf81e7e8b1e8433b19291c5af4bbc2ec66\gdx-box2d-platform-1.9.2-natives-desktop.jar;C:\Users\luisd\.gradle\caches\modules-2\files-2.1\com.badlogicgames.gdx\gdx-freetype-platform\1.9.2\1e1afb0b6c9e8aeb7d495cb8f55c353d3da58cf0\gdx-freetype-platform-1.9.2-natives-desktop.jar;C:\Users\luisd\.gradle\caches\modules-2\files-2.1\com.badlogicgames.gdx\gdx-tools\1.9.2\37d8e3009ae0febdf93717b21980c67c8cadac07\gdx-tools-1.9.2.jar;C:\Users\luisd\.gradle\caches\modules-2\files-2.1\com.badlogicgames.gdx\gdx\1.9.2\e641cb91bec06bc64d9ddf7a7d7062caceec73cd\gdx-1.9.2.jar;C:\Users\luisd\.gradle\caches\modules-2\files-2.1\com.badlogicgames.gdx\gdx-box2d\1.9.2\b78eaa90aaaf7830e6dffff587ea6e859c2787b2\gdx-box2d-1.9.2.jar;C:\Users\luisd\.gradle\caches\modules-2\files-2.1\com.badlogicgames.gdx\gdx-freetype\1.9.2\3609253d14edb1b3ca5aacff4e06989edde75be4\gdx-freetype-1.9.2.jar;C:\Users\luisd\.gradle\caches\modules-2\files-2.1\com.badlogicgames.box2dlights\box2dlights\1.4\3d77ad5b4164fb32fc67e2446e35911bb0aaf0bd\box2dlights-1.4.jar;C:\Users\luisd\.gradle\caches\modules-2\files-2.1\com.badlogicgames.ashley\ashley\1.7.0\a7c4083c0a42027a3c03ba7ccecef6cbe1c5f0a4\ashley-1.7.0.jar;C:\Users\luisd\.gradle\caches\modules-2\files-2.1\org.lwjgl.lwjgl\lwjgl\2.9.2\
Launcher Type: SUN_STANDARD

Environment Variables:
JAVA_HOME=C:\Program Files\Java\jdk1.8.0_45
CLASSPATH=.;.;
PATH=C:\WINDOWS\system32;C:\WINDOWS;C:\WINDOWS\System32\Wbem;C:\WINDOWS\System32\WindowsPowerShell\v1.0\;C:\ffmpeg\bin;C:\MinGW\bin;C:\Program Files (x86)\Nmap;"C:\Program Files\Java\jdk1.8.0_45\bin";C:\Users\luisd\AppData\Local\atom\bin
USERNAME=luisd
OS=Windows_NT
PROCESSOR_IDENTIFIER=Intel64 Family 6 Model 42 Stepping 7, GenuineIntel



---------------  S Y S T E M  ---------------

OS: Windows 10.0 , 64 bit Build 10586 (10.0.10586.0)

CPU:total 4 (2 cores per cpu, 2 threads per core) family 6 model 42 stepping 7, cmov, cx8, fxsr, mmx, sse, sse2, sse3, ssse3, sse4.1, sse4.2, popcnt, avx, aes, clmul, ht, tsc, tscinvbit

Memory: 4k page, physical 8293556k(3708628k free), swap 16682164k(9961216k free)

vm_info: Java HotSpot(TM) 64-Bit Server VM (25.45-b02) for windows-amd64 JRE (1.8.0_45-b15), built on Apr 30 2015 12:40:44 by "java_re" with MS VC++ 10.0 (VS2010)

time: Mon Jun 20 19:53:49 2016
elapsed time: 29 seconds (0d 0h 0m 29s)

