#
# A fatal error has been detected by the Java Runtime Environment:
#
#  EXCEPTION_ACCESS_VIOLATION (0xc0000005) at pc=0x0000000066bdf9b1, pid=3568, tid=12384
#
# JRE version: Java(TM) SE Runtime Environment (8.0_45-b15) (build 1.8.0_45-b15)
# Java VM: Java HotSpot(TM) 64-Bit Server VM (25.45-b02 mixed mode windows-amd64 compressed oops)
# Problematic frame:
# C  [gdx-box2d64.dll+0x1f9b1]
#
# Failed to write core dump. Minidumps are not enabled by default on client versions of Windows
#
# If you would like to submit a bug report, please visit:
#   http://bugreport.java.com/bugreport/crash.jsp
# The crash happened outside the Java Virtual Machine in native code.
# See problematic frame for where to report the bug.
#

---------------  T H R E A D  ---------------

Current thread (0x00000000190b0000):  JavaThread "LWJGL Application" [_thread_in_native, id=12384, stack(0x0000000019d20000,0x0000000019e20000)]

siginfo: ExceptionCode=0xc0000005, reading address 0x0000000000019298

Registers:
RAX=0x0000000000000000, RBX=0x0000000019c51d60, RCX=0x0000000019c51d60, RDX=0x0000000000000000
RSP=0x0000000019e1ed60, RBP=0x0000000019e1ee38, RSI=0x0000000000000000, RDI=0x000000001721f040
R8 =0x0000000019c51d60, R9 =0x0000000000000000, R10=0x00000000029f5e08, R11=0x0000000054877ca0
R12=0x0000000000000000, R13=0x00000000171b3e78, R14=0x0000000019e1ee70, R15=0x00000000190b0000
RIP=0x0000000066bdf9b1, EFLAGS=0x0000000000010206

Top of Stack: (sp=0x0000000019e1ed60)
0x0000000019e1ed60:   0000000016fc4720 00000000547ab6d5
0x0000000019e1ed70:   0000000017121dd0 0000000000000000
0x0000000019e1ed80:   0000000016fc4750 00000000171b3e78
0x0000000019e1ed90:   00000000d6942860 000000001721f040
0x0000000019e1eda0:   0000000019e1ee38 00000000029f5e34
0x0000000019e1edb0:   0000000019c51d60 0000000066be65af
0x0000000019e1edc0:   00000000190b01f8 0000000019e1ee60
0x0000000019e1edd0:   00000000190b0000 0000000000000000
0x0000000019e1ede0:   00000000171b1448 00000000d6942808
0x0000000019e1edf0:   000000001721f040 0000000019e1edf8
0x0000000019e1ee00:   0000000000000000 0000000019e1ee70
0x0000000019e1ee10:   00000000171b5348 0000000000000000
0x0000000019e1ee20:   00000000171b3e78 0000000000000000
0x0000000019e1ee30:   0000000019e1ee58 0000000019e1eeb8
0x0000000019e1ee40:   00000000029e7ced 0000000000000000
0x0000000019e1ee50:   00000000029ef978 0000000000000000 

Instructions: (pc=0x0000000066bdf9b1)
0x0000000066bdf991:   7c 24 40 48 83 c4 58 5b 5e 5f 5d c3 90 66 90 55
0x0000000066bdf9a1:   57 56 53 48 83 ec 28 48 8b 41 58 48 89 cb 89 d6
0x0000000066bdf9b1:   f6 80 98 92 01 00 02 0f 85 d1 00 00 00 39 33 0f
0x0000000066bdf9c1:   84 c0 00 00 00 89 33 48 89 d9 e8 e0 f5 ff ff 8b 


Register to memory mapping:

RAX=0x0000000000000000 is an unknown value
RBX=0x0000000019c51d60 is an unknown value
RCX=0x0000000019c51d60 is an unknown value
RDX=0x0000000000000000 is an unknown value
RSP=0x0000000019e1ed60 is pointing into the stack for thread: 0x00000000190b0000
RBP=0x0000000019e1ee38 is pointing into the stack for thread: 0x00000000190b0000
RSI=0x0000000000000000 is an unknown value
RDI=0x000000001721f040 is pointing into metadata
R8 =0x0000000019c51d60 is an unknown value
R9 =0x0000000000000000 is an unknown value
R10=0x00000000029f5e08 is at code_begin+840 in an Interpreter codelet
method entry point (kind = native)  [0x00000000029f5ac0, 0x00000000029f6420]  2400 bytes
R11=0x0000000054877ca0 is an unknown value
R12=0x0000000000000000 is an unknown value
R13={method} {0x00000000171b3e80} 'jniSetType' '(JI)V' in 'com/badlogic/gdx/physics/box2d/Body'
R14=0x0000000019e1ee70 is pointing into the stack for thread: 0x00000000190b0000
R15=0x00000000190b0000 is a thread


Stack: [0x0000000019d20000,0x0000000019e20000],  sp=0x0000000019e1ed60,  free space=1019k
Native frames: (J=compiled Java code, j=interpreted, Vv=VM code, C=native code)
C  [gdx-box2d64.dll+0x1f9b1]
C  0x00000000029f5e34

Java frames: (J=compiled Java code, j=interpreted, Vv=VM code)
j  com.badlogic.gdx.physics.box2d.Body.jniSetType(JI)V+0
j  com.badlogic.gdx.physics.box2d.Body.setType(Lcom/badlogic/gdx/physics/box2d/BodyDef$BodyType;)V+9
j  com.cutthe.rope.PantallaJuego.logicaJuego(F)V+123
j  com.cutthe.rope.PantallaJuego.render(F)V+109
j  com.badlogic.gdx.Game.render()V+19
j  com.badlogic.gdx.backends.lwjgl.LwjglApplication.mainLoop()V+698
j  com.badlogic.gdx.backends.lwjgl.LwjglApplication$1.run()V+27
v  ~StubRoutines::call_stub

---------------  P R O C E S S  ---------------

Java Threads: ( => current thread )
  0x000000001a2c8800 JavaThread "LWJGL Timer" daemon [_thread_blocked, id=4968, stack(0x000000001a900000,0x000000001aa00000)]
  0x00000000028e2800 JavaThread "DestroyJavaVM" [_thread_blocked, id=5348, stack(0x00000000027e0000,0x00000000028e0000)]
=>0x00000000190b0000 JavaThread "LWJGL Application" [_thread_in_native, id=12384, stack(0x0000000019d20000,0x0000000019e20000)]
  0x0000000018ddb800 JavaThread "Service Thread" daemon [_thread_blocked, id=9156, stack(0x00000000191b0000,0x00000000192b0000)]
  0x0000000017544800 JavaThread "C1 CompilerThread2" daemon [_thread_blocked, id=12696, stack(0x0000000018cb0000,0x0000000018db0000)]
  0x0000000017542000 JavaThread "C2 CompilerThread1" daemon [_thread_in_native, id=12704, stack(0x0000000018bb0000,0x0000000018cb0000)]
  0x0000000017540000 JavaThread "C2 CompilerThread0" daemon [_thread_blocked, id=12368, stack(0x0000000018ab0000,0x0000000018bb0000)]
  0x000000001753e000 JavaThread "Attach Listener" daemon [_thread_blocked, id=12164, stack(0x00000000189b0000,0x0000000018ab0000)]
  0x000000001753d000 JavaThread "Signal Dispatcher" daemon [_thread_blocked, id=5624, stack(0x00000000188b0000,0x00000000189b0000)]
  0x0000000017509000 JavaThread "Finalizer" daemon [_thread_blocked, id=13928, stack(0x00000000187b0000,0x00000000188b0000)]
  0x00000000029d1800 JavaThread "Reference Handler" daemon [_thread_blocked, id=7048, stack(0x00000000186b0000,0x00000000187b0000)]

Other Threads:
  0x0000000017507800 VMThread [stack: 0x00000000185b0000,0x00000000186b0000] [id=9072]
  0x0000000018de0000 WatcherThread [stack: 0x00000000192b0000,0x00000000193b0000] [id=1328]

VM state:not at safepoint (normal execution)

VM Mutex/Monitor currently owned by a thread: None

Heap:
 PSYoungGen      total 38400K, used 15784K [0x00000000d5d00000, 0x00000000d8780000, 0x0000000100000000)
  eden space 33280K, 47% used [0x00000000d5d00000,0x00000000d6c6a390,0x00000000d7d80000)
  from space 5120K, 0% used [0x00000000d8280000,0x00000000d8280000,0x00000000d8780000)
  to   space 5120K, 0% used [0x00000000d7d80000,0x00000000d7d80000,0x00000000d8280000)
 ParOldGen       total 87552K, used 0K [0x0000000081600000, 0x0000000086b80000, 0x00000000d5d00000)
  object space 87552K, 0% used [0x0000000081600000,0x0000000081600000,0x0000000086b80000)
 Metaspace       used 7287K, capacity 7491K, committed 7680K, reserved 1056768K
  class space    used 685K, capacity 720K, committed 768K, reserved 1048576K

Card table byte_map: [0x0000000011da0000,0x00000000121a0000] byte_map_base: 0x0000000011995000

Marking Bits: (ParMarkBitMap*) 0x0000000054e54040
 Begin Bits: [0x0000000012850000, 0x00000000147f8000)
 End Bits:   [0x00000000147f8000, 0x00000000167a0000)

Polling page: 0x0000000002750000

CodeCache: size=245760Kb used=2731Kb max_used=2731Kb free=243028Kb
 bounds [0x00000000029e0000, 0x0000000002c90000, 0x00000000119e0000]
 total_blobs=1194 nmethods=702 adapters=405
 compilation: enabled

Compilation events (10 events):
Event: 3.291 Thread 0x0000000017544800 nmethod 696 0x0000000002c84250 code [0x0000000002c843a0, 0x0000000002c84550]
Event: 3.291 Thread 0x0000000017544800  697       3       com.badlogic.gdx.graphics.g2d.BitmapFont$BitmapFontData::setGlyph (42 bytes)
Event: 3.292 Thread 0x0000000017540000  698       4       java.util.StringTokenizer::skipDelimiters (116 bytes)
Event: 3.292 Thread 0x0000000017544800 nmethod 697 0x0000000002c83950 code [0x0000000002c83ae0, 0x0000000002c83ff0]
Event: 3.294 Thread 0x0000000017544800  700       3       java.util.StringTokenizer::setMaxDelimCodePoint (156 bytes)
Event: 3.295 Thread 0x0000000017544800 nmethod 700 0x0000000002c82850 code [0x0000000002c82a40, 0x0000000002c83528]
Event: 3.295 Thread 0x0000000017544800  701   !   3       sun.net.www.ParseUtil::decode (316 bytes)
Event: 3.297 Thread 0x0000000017542000 nmethod 695 0x0000000002c883d0 code [0x0000000002c88520, 0x0000000002c88818]
Event: 3.297 Thread 0x0000000017542000  699       4       java.util.StringTokenizer::nextToken (92 bytes)
Event: 3.297 Thread 0x0000000017540000 nmethod 698 0x0000000002c88a90 code [0x0000000002c88be0, 0x0000000002c88e58]

GC Heap History (0 events):
No events

Deoptimization events (1 events):
Event: 3.286 Thread 0x00000000190b0000 Uncommon trap: reason=unstable_if action=reinterpret pc=0x0000000002c82528 method=com.badlogic.gdx.utils.Array.add(Ljava/lang/Object;)V @ 11

Internal exceptions (10 events):
Event: 0.182 Thread 0x00000000028e2800 Exception <a 'java/security/PrivilegedActionException'> (0x00000000d609ce08) thrown at [C:\re\workspace\8-2-build-windows-amd64-cygwin\jdk8u45\3627\hotspot\src\share\vm\prims\jvm.cpp, line 1382]
Event: 0.182 Thread 0x00000000028e2800 Exception <a 'java/security/PrivilegedActionException'> (0x00000000d609cfc0) thrown at [C:\re\workspace\8-2-build-windows-amd64-cygwin\jdk8u45\3627\hotspot\src\share\vm\prims\jvm.cpp, line 1382]
Event: 0.183 Thread 0x00000000028e2800 Exception <a 'java/security/PrivilegedActionException'> (0x00000000d60a0d58) thrown at [C:\re\workspace\8-2-build-windows-amd64-cygwin\jdk8u45\3627\hotspot\src\share\vm\prims\jvm.cpp, line 1382]
Event: 0.183 Thread 0x00000000028e2800 Exception <a 'java/security/PrivilegedActionException'> (0x00000000d60a0f10) thrown at [C:\re\workspace\8-2-build-windows-amd64-cygwin\jdk8u45\3627\hotspot\src\share\vm\prims\jvm.cpp, line 1382]
Event: 0.297 Thread 0x00000000028e2800 Exception <a 'java/security/PrivilegedActionException'> (0x00000000d61da6c8) thrown at [C:\re\workspace\8-2-build-windows-amd64-cygwin\jdk8u45\3627\hotspot\src\share\vm\prims\jvm.cpp, line 1382]
Event: 0.298 Thread 0x00000000028e2800 Exception <a 'java/security/PrivilegedActionException'> (0x00000000d61dc2f0) thrown at [C:\re\workspace\8-2-build-windows-amd64-cygwin\jdk8u45\3627\hotspot\src\share\vm\prims\jvm.cpp, line 1382]
Event: 0.298 Thread 0x00000000028e2800 Exception <a 'java/security/PrivilegedActionException'> (0x00000000d61dd3b0) thrown at [C:\re\workspace\8-2-build-windows-amd64-cygwin\jdk8u45\3627\hotspot\src\share\vm\prims\jvm.cpp, line 1382]
Event: 0.298 Thread 0x00000000028e2800 Exception <a 'java/security/PrivilegedActionException'> (0x00000000d61e23a8) thrown at [C:\re\workspace\8-2-build-windows-amd64-cygwin\jdk8u45\3627\hotspot\src\share\vm\prims\jvm.cpp, line 1382]
Event: 0.298 Thread 0x00000000028e2800 Exception <a 'java/security/PrivilegedActionException'> (0x00000000d61e2f50) thrown at [C:\re\workspace\8-2-build-windows-amd64-cygwin\jdk8u45\3627\hotspot\src\share\vm\prims\jvm.cpp, line 1382]
Event: 0.298 Thread 0x00000000028e2800 Exception <a 'java/security/PrivilegedActionException'> (0x00000000d61e3ac8) thrown at [C:\re\workspace\8-2-build-windows-amd64-cygwin\jdk8u45\3627\hotspot\src\share\vm\prims\jvm.cpp, line 1382]

Events (10 events):
Event: 0.752 loading class org/lwjgl/opengl/Sync
Event: 0.752 loading class org/lwjgl/opengl/Sync done
Event: 0.753 loading class org/lwjgl/opengl/Sync$RunningAvg
Event: 0.753 loading class org/lwjgl/opengl/Sync$RunningAvg done
Event: 0.754 loading class org/lwjgl/opengl/Sync$1
Event: 0.754 loading class org/lwjgl/opengl/Sync$1 done
Event: 0.754 Thread 0x000000001a2c8800 Thread added: 0x000000001a2c8800
Event: 3.286 Thread 0x00000000190b0000 Uncommon trap: trap_request=0xffffff65 fr.pc=0x0000000002c82528
Event: 3.286 Thread 0x00000000190b0000 DEOPT PACKING pc=0x0000000002c82528 sp=0x0000000019e1ea90
Event: 3.286 Thread 0x00000000190b0000 DEOPT UNPACKING pc=0x0000000002a2582a sp=0x0000000019e1ea38 mode 2


Dynamic libraries:
0x00007ff6a8980000 - 0x00007ff6a89b7000 	C:\Program Files\Java\jdk1.8.0_45\bin\java.exe
0x00007ffa498b0000 - 0x00007ffa49a71000 	C:\WINDOWS\SYSTEM32\ntdll.dll
0x00007ffa492f0000 - 0x00007ffa4939d000 	C:\WINDOWS\system32\KERNEL32.DLL
0x00007ffa46aa0000 - 0x00007ffa46c88000 	C:\WINDOWS\system32\KERNELBASE.dll
0x00007ffa49240000 - 0x00007ffa492e7000 	C:\WINDOWS\system32\ADVAPI32.dll
0x00007ffa48f00000 - 0x00007ffa48f9d000 	C:\WINDOWS\system32\msvcrt.dll
0x00007ffa491e0000 - 0x00007ffa4923b000 	C:\WINDOWS\system32\sechost.dll
0x00007ffa47320000 - 0x00007ffa4743c000 	C:\WINDOWS\system32\RPCRT4.dll
0x00007ffa471c0000 - 0x00007ffa47316000 	C:\WINDOWS\system32\USER32.dll
0x00007ffa495a0000 - 0x00007ffa49726000 	C:\WINDOWS\system32\GDI32.dll
0x00007ffa3bbf0000 - 0x00007ffa3be64000 	C:\WINDOWS\WinSxS\amd64_microsoft.windows.common-controls_6595b64144ccf1df_6.0.10586.0_none_8c15ae12515e1c22\COMCTL32.dll
0x00007ffa48b70000 - 0x00007ffa48ded000 	C:\WINDOWS\system32\combase.dll
0x00007ffa465b0000 - 0x00007ffa4661a000 	C:\WINDOWS\system32\bcryptPrimitives.dll
0x00007ffa493a0000 - 0x00007ffa493db000 	C:\WINDOWS\system32\IMM32.DLL
0x00007ffa45b50000 - 0x00007ffa45b7d000 	C:\WINDOWS\SYSTEM32\SspiCli.dll
0x00007ffa453c0000 - 0x00007ffa453f1000 	C:\WINDOWS\SYSTEM32\ntmarta.dll
0x0000000054570000 - 0x0000000054642000 	C:\Program Files\Java\jdk1.8.0_45\jre\bin\msvcr100.dll
0x0000000054650000 - 0x0000000054ed3000 	C:\Program Files\Java\jdk1.8.0_45\jre\bin\server\jvm.dll
0x00007ffa49840000 - 0x00007ffa49848000 	C:\WINDOWS\system32\PSAPI.DLL
0x00007ffa38730000 - 0x00007ffa38739000 	C:\WINDOWS\SYSTEM32\WSOCK32.dll
0x00007ffa44160000 - 0x00007ffa44183000 	C:\WINDOWS\SYSTEM32\WINMM.dll
0x00007ffa3bb50000 - 0x00007ffa3bb5a000 	C:\WINDOWS\SYSTEM32\VERSION.dll
0x00007ffa48fa0000 - 0x00007ffa4900b000 	C:\WINDOWS\system32\WS2_32.dll
0x0000000002700000 - 0x000000000272c000 	C:\WINDOWS\SYSTEM32\WINMMBASE.dll
0x00007ffa46710000 - 0x00007ffa46753000 	C:\WINDOWS\system32\cfgmgr32.dll
0x0000000054520000 - 0x000000005452f000 	C:\Program Files\Java\jdk1.8.0_45\jre\bin\verify.dll
0x00000000544f0000 - 0x0000000054519000 	C:\Program Files\Java\jdk1.8.0_45\jre\bin\java.dll
0x00000000544d0000 - 0x00000000544e6000 	C:\Program Files\Java\jdk1.8.0_45\jre\bin\zip.dll
0x00007ffa47610000 - 0x00007ffa48b6c000 	C:\WINDOWS\system32\SHELL32.dll
0x00007ffa45f60000 - 0x00007ffa465a4000 	C:\WINDOWS\system32\windows.storage.dll
0x00007ffa49850000 - 0x00007ffa498a2000 	C:\WINDOWS\system32\shlwapi.dll
0x00007ffa45ee0000 - 0x00007ffa45eef000 	C:\WINDOWS\system32\kernel.appcore.dll
0x00007ffa46930000 - 0x00007ffa469e5000 	C:\WINDOWS\system32\shcore.dll
0x00007ffa45ef0000 - 0x00007ffa45f3b000 	C:\WINDOWS\system32\powrprof.dll
0x00007ffa45f40000 - 0x00007ffa45f54000 	C:\WINDOWS\system32\profapi.dll
0x0000000065580000 - 0x0000000065616000 	C:\Users\luisd\AppData\Local\Temp\libgdxluisd\2ec99cb7\gdx64.dll
0x00007ffa45850000 - 0x00007ffa45867000 	C:\WINDOWS\SYSTEM32\CRYPTSP.dll
0x00007ffa454e0000 - 0x00007ffa45514000 	C:\WINDOWS\system32\rsaenh.dll
0x00007ffa45e00000 - 0x00007ffa45e29000 	C:\WINDOWS\SYSTEM32\bcrypt.dll
0x00007ffa45630000 - 0x00007ffa4564f000 	C:\WINDOWS\SYSTEM32\USERENV.dll
0x00007ffa45970000 - 0x00007ffa4597b000 	C:\WINDOWS\SYSTEM32\CRYPTBASE.dll
0x00000000544b0000 - 0x00000000544ca000 	C:\Program Files\Java\jdk1.8.0_45\jre\bin\net.dll
0x00007ffa457a0000 - 0x00007ffa457fc000 	C:\WINDOWS\system32\mswsock.dll
0x00007ffa42050000 - 0x00007ffa42088000 	C:\WINDOWS\SYSTEM32\IPHLPAPI.DLL
0x00007ffa470e0000 - 0x00007ffa470e8000 	C:\WINDOWS\system32\NSI.dll
0x00007ffa3d070000 - 0x00007ffa3d086000 	C:\WINDOWS\SYSTEM32\dhcpcsvc6.DLL
0x00007ffa3f720000 - 0x00007ffa3f73a000 	C:\WINDOWS\SYSTEM32\dhcpcsvc.DLL
0x0000000054490000 - 0x00000000544a1000 	C:\Program Files\Java\jdk1.8.0_45\jre\bin\nio.dll
0x0000000180000000 - 0x0000000180053000 	C:\Users\luisd\AppData\Local\Temp\libgdxluisd\dc0f0009\lwjgl64.dll
0x00007ffa2ac20000 - 0x00007ffa2ad49000 	C:\WINDOWS\SYSTEM32\OPENGL32.dll
0x00007ffa25980000 - 0x00007ffa25a7a000 	C:\WINDOWS\SYSTEM32\DDRAW.dll
0x00007ffa3ed30000 - 0x00007ffa3ed5e000 	C:\WINDOWS\SYSTEM32\GLU32.dll
0x00007ffa3f520000 - 0x00007ffa3f528000 	C:\WINDOWS\SYSTEM32\DCIMAN32.dll
0x0000000019710000 - 0x0000000019774000 	C:\Users\luisd\AppData\Local\Temp\libgdxluisd\dc0f0009\OpenAL64.dll
0x00007ffa49450000 - 0x00007ffa49593000 	C:\WINDOWS\system32\ole32.dll
0x00007ffa44850000 - 0x00007ffa448e6000 	C:\WINDOWS\system32\uxtheme.dll
0x00007ffa48df0000 - 0x00007ffa48e97000 	C:\WINDOWS\system32\clbcatq.dll
0x00007ffa43e60000 - 0x00007ffa43fe6000 	C:\WINDOWS\System32\PROPSYS.dll
0x00007ffa470f0000 - 0x00007ffa471b1000 	C:\WINDOWS\system32\OLEAUT32.dll
0x00007ffa2e2d0000 - 0x00007ffa2e36c000 	C:\WINDOWS\SYSTEM32\dsound.dll
0x00007ffa41fe0000 - 0x00007ffa42050000 	C:\WINDOWS\System32\MMDevApi.dll
0x00007ffa449c0000 - 0x00007ffa449e7000 	C:\WINDOWS\System32\DEVOBJ.dll
0x00007ffa40150000 - 0x00007ffa401d8000 	C:\WINDOWS\SYSTEM32\AUDIOSES.DLL
0x00007ffa3ffd0000 - 0x00007ffa40106000 	C:\WINDOWS\SYSTEM32\wintypes.dll
0x00007ffa49010000 - 0x00007ffa4916a000 	C:\WINDOWS\system32\MSCTF.dll
0x00007ffa43ff0000 - 0x00007ffa44012000 	C:\WINDOWS\system32\dwmapi.dll
0x00007ffa17ff0000 - 0x00007ffa18c74000 	C:\WINDOWS\SYSTEM32\ig4icd64.dll
0x00007ffa36b80000 - 0x00007ffa36c11000 	C:\WINDOWS\SYSTEM32\mscms.dll
0x00007ffa2e280000 - 0x00007ffa2e2c2000 	C:\WINDOWS\SYSTEM32\icm32.dll
0x0000000066bc0000 - 0x0000000066c7b000 	C:\Users\luisd\AppData\Local\Temp\libgdxluisd\4d3c1ee0\gdx-box2d64.dll
0x00007ffa282e0000 - 0x00007ffa2846c000 	C:\WINDOWS\SYSTEM32\dbghelp.dll

VM Arguments:
jvm_args: -Dfile.encoding=windows-1252 -Duser.country=419 -Duser.language=es -Duser.variant 
java_command: com.cutthe.rope.desktop.DesktopLauncher
java_class_path (initial): C:\Users\luisd\Documents\tareas\Programación III\Proyecto\CutTheRope\desktop\build\classes\main;C:\Users\luisd\Documents\tareas\Programación III\Proyecto\CutTheRope\desktop\build\resources\main;C:\Users\luisd\Documents\tareas\Programación III\Proyecto\CutTheRope\core\build\libs\core-1.0.jar;C:\Users\luisd\.gradle\caches\modules-2\files-2.1\com.badlogicgames.gdx\gdx-backend-lwjgl\1.9.2\d710a8704ed584ec2ba9ca52e3a6a5885dd759cc\gdx-backend-lwjgl-1.9.2.jar;C:\Users\luisd\.gradle\caches\modules-2\files-2.1\com.badlogicgames.gdx\gdx-platform\1.9.2\dde4cf7e9ce61c24042f512203aed87657496639\gdx-platform-1.9.2-natives-desktop.jar;C:\Users\luisd\.gradle\caches\modules-2\files-2.1\com.badlogicgames.gdx\gdx-box2d-platform\1.9.2\497cbfbf81e7e8b1e8433b19291c5af4bbc2ec66\gdx-box2d-platform-1.9.2-natives-desktop.jar;C:\Users\luisd\.gradle\caches\modules-2\files-2.1\com.badlogicgames.gdx\gdx-freetype-platform\1.9.2\1e1afb0b6c9e8aeb7d495cb8f55c353d3da58cf0\gdx-freetype-platform-1.9.2-natives-desktop.jar;C:\Users\luisd\.gradle\caches\modules-2\files-2.1\com.badlogicgames.gdx\gdx-tools\1.9.2\37d8e3009ae0febdf93717b21980c67c8cadac07\gdx-tools-1.9.2.jar;C:\Users\luisd\.gradle\caches\modules-2\files-2.1\com.badlogicgames.gdx\gdx\1.9.2\e641cb91bec06bc64d9ddf7a7d7062caceec73cd\gdx-1.9.2.jar;C:\Users\luisd\.gradle\caches\modules-2\files-2.1\com.badlogicgames.gdx\gdx-box2d\1.9.2\b78eaa90aaaf7830e6dffff587ea6e859c2787b2\gdx-box2d-1.9.2.jar;C:\Users\luisd\.gradle\caches\modules-2\files-2.1\com.badlogicgames.gdx\gdx-freetype\1.9.2\3609253d14edb1b3ca5aacff4e06989edde75be4\gdx-freetype-1.9.2.jar;C:\Users\luisd\.gradle\caches\modules-2\files-2.1\com.badlogicgames.box2dlights\box2dlights\1.4\3d77ad5b4164fb32fc67e2446e35911bb0aaf0bd\box2dlights-1.4.jar;C:\Users\luisd\.gradle\caches\modules-2\files-2.1\com.badlogicgames.ashley\ashley\1.7.0\a7c4083c0a42027a3c03ba7ccecef6cbe1c5f0a4\ashley-1.7.0.jar;C:\Users\luisd\.gradle\caches\modules-2\files-2.1\org.lwjgl.lwjgl\lwjgl\2.9.2\
Launcher Type: SUN_STANDARD

Environment Variables:
JAVA_HOME=C:\Program Files\Java\jdk1.8.0_45
CLASSPATH=.;.;
PATH=C:\WINDOWS\system32;C:\WINDOWS;C:\WINDOWS\System32\Wbem;C:\WINDOWS\System32\WindowsPowerShell\v1.0\;C:\ffmpeg\bin;C:\MinGW\bin;C:\Program Files (x86)\Nmap;"C:\Program Files\Java\jdk1.8.0_45\bin";C:\Users\luisd\AppData\Local\atom\bin
USERNAME=luisd
OS=Windows_NT
PROCESSOR_IDENTIFIER=Intel64 Family 6 Model 42 Stepping 7, GenuineIntel



---------------  S Y S T E M  ---------------

OS: Windows 10.0 , 64 bit Build 10586 (10.0.10586.0)

CPU:total 4 (2 cores per cpu, 2 threads per core) family 6 model 42 stepping 7, cmov, cx8, fxsr, mmx, sse, sse2, sse3, ssse3, sse4.1, sse4.2, popcnt, avx, aes, clmul, ht, tsc, tscinvbit

Memory: 4k page, physical 8293556k(3242172k free), swap 16682164k(9615808k free)

vm_info: Java HotSpot(TM) 64-Bit Server VM (25.45-b02) for windows-amd64 JRE (1.8.0_45-b15), built on Apr 30 2015 12:40:44 by "java_re" with MS VC++ 10.0 (VS2010)

time: Mon Jun 20 18:09:18 2016
elapsed time: 3 seconds (0d 0h 0m 3s)

