#
# A fatal error has been detected by the Java Runtime Environment:
#
#  EXCEPTION_ACCESS_VIOLATION (0xc0000005) at pc=0x00007ffa17ff3487, pid=10564, tid=4004
#
# JRE version: Java(TM) SE Runtime Environment (8.0_45-b15) (build 1.8.0_45-b15)
# Java VM: Java HotSpot(TM) 64-Bit Server VM (25.45-b02 mixed mode windows-amd64 compressed oops)
# Problematic frame:
# C  [ig4icd64.dll+0x3487]
#
# Failed to write core dump. Minidumps are not enabled by default on client versions of Windows
#
# If you would like to submit a bug report, please visit:
#   http://bugreport.java.com/bugreport/crash.jsp
# The crash happened outside the Java Virtual Machine in native code.
# See problematic frame for where to report the bug.
#

---------------  T H R E A D  ---------------

Current thread (0x0000000018aa6000):  JavaThread "LWJGL Application" [_thread_in_native, id=4004, stack(0x00000000196e0000,0x00000000197e0000)]

siginfo: ExceptionCode=0xc0000005, reading address 0x0000000019687000

Registers:
RAX=0x0000000000000be3, RBX=0x000000001a6900b0, RCX=0x0000000000000000, RDX=0x0000000019686f98
RSP=0x00000000197de840, RBP=0x0000000019627e98, RSI=0x000000001a6a17c8, RDI=0x000000001df1f180
R8 =0x000000000013fff0, R9 =0x00000000000027ff, R10=0x0000000000000be3, R11=0x000000001a70e740
R12=0x000000001b8aaf60, R13=0x000000000013fff0, R14=0x000000001a6a1010, R15=0x0000000000000000
RIP=0x00007ffa17ff3487, EFLAGS=0x0000000000010203

Top of Stack: (sp=0x00000000197de840)
0x00000000197de840:   000000003e800000 0000000000000000
0x00000000197de850:   000000003e180000 0000000000000000
0x00000000197de860:   000000001dec0000 00007ffa18444a5f
0x00000000197de870:   000000001a6900b0 000000001a6900b0
0x00000000197de880:   0000000000000000 000000001a6a17c8
0x00000000197de890:   00000000197de949 00007ffa17ff75e5
0x00000000197de8a0:   0000000100000000 000000001be98da0
0x00000000197de8b0:   0000000000000000 0000000000000000
0x00000000197de8c0:   000000001a6a17c8 000000001a6a1010
0x00000000197de8d0:   0000000000000001 0000000000000002
0x00000000197de8e0:   0000000000010000 0000000000000001
0x00000000197de8f0:   000000001a6900b0 00007ffa18443126
0x00000000197de900:   0000000000000001 0000000000000000
0x00000000197de910:   0000000000010000 00007ffa18052001
0x00000000197de920:   0000000000140000 0000000000000000
0x00000000197de930:   000000001a6a1010 fffffffffffffffe 

Instructions: (pc=0x00007ffa17ff3487)
0x00007ffa17ff3467:   72 10 f3 0f 6f 6a 20 41 ff c2 48 83 ef 80 41 8b
0x00007ffa17ff3477:   c2 f3 0f 6f 62 30 f3 0f 6f 5a 40 f3 0f 6f 52 50
0x00007ffa17ff3487:   f3 0f 6f 4a 60 f3 0f 6f 42 70 66 0f e7 7f 80 48
0x00007ffa17ff3497:   83 ea 80 66 0f e7 77 90 66 0f e7 6f a0 66 0f e7 


Register to memory mapping:

RAX=0x0000000000000be3 is an unknown value
RBX=0x000000001a6900b0 is an unknown value
RCX=0x0000000000000000 is an unknown value
RDX=0x0000000019686f98 is an unknown value
RSP=0x00000000197de840 is pointing into the stack for thread: 0x0000000018aa6000
RBP=0x0000000019627e98 is an unknown value
RSI=0x000000001a6a17c8 is an unknown value
RDI=0x000000001df1f180 is an unknown value
R8 =0x000000000013fff0 is an unknown value
R9 =0x00000000000027ff is an unknown value
R10=0x0000000000000be3 is an unknown value
R11=0x000000001a70e740 is an unknown value
R12=0x000000001b8aaf60 is an unknown value
R13=0x000000000013fff0 is an unknown value
R14=0x000000001a6a1010 is an unknown value
R15=0x0000000000000000 is an unknown value


Stack: [0x00000000196e0000,0x00000000197e0000],  sp=0x00000000197de840,  free space=1018k
Native frames: (J=compiled Java code, j=interpreted, Vv=VM code, C=native code)
C  [ig4icd64.dll+0x3487]
C  [ig4icd64.dll+0x454a5f]
C  [ig4icd64.dll+0x453126]
C  [ig4icd64.dll+0x452108]
C  [ig4icd64.dll+0x19dc5e]
C  [ig4icd64.dll+0x19ade6]
C  [ig4icd64.dll+0x19aa31]
C  0x000000000274a75c

Java frames: (J=compiled Java code, j=interpreted, Vv=VM code)
J 907  org.lwjgl.opengl.GL11.nglDrawElements(IIIJJ)V (0 bytes) @ 0x000000000274a6d6 [0x000000000274a680+0x56]
J 881 C1 org.lwjgl.opengl.GL11.glDrawElements(ILjava/nio/ShortBuffer;)V (38 bytes) @ 0x00000000027208bc [0x0000000002720000+0x8bc]
J 836 C1 com.badlogic.gdx.backends.lwjgl.LwjglGL20.glDrawElements(IIILjava/nio/Buffer;)V (124 bytes) @ 0x00000000026fe31c [0x00000000026fd5a0+0xd7c]
J 788 C1 com.badlogic.gdx.graphics.Mesh.render(Lcom/badlogic/gdx/graphics/glutils/ShaderProgram;IIIZ)V (182 bytes) @ 0x00000000026d3014 [0x00000000026d29a0+0x674]
J 785 C1 com.badlogic.gdx.graphics.g2d.SpriteBatch.flush()V (185 bytes) @ 0x00000000026cfd64 [0x00000000026ce540+0x1824]
J 900 C1 com.badlogic.gdx.graphics.g2d.SpriteBatch.end()V (90 bytes) @ 0x0000000002743bc4 [0x0000000002743ac0+0x104]
J 885 C1 com.cutthe.rope.PantallaJuego.render(F)V (253 bytes) @ 0x00000000027317ac [0x000000000272f060+0x274c]
J 875 C1 com.badlogic.gdx.Game.render()V (25 bytes) @ 0x000000000271e35c [0x000000000271e180+0x1dc]
j  com.badlogic.gdx.backends.lwjgl.LwjglApplication.mainLoop()V+698
j  com.badlogic.gdx.backends.lwjgl.LwjglApplication$1.run()V+27
v  ~StubRoutines::call_stub

---------------  P R O C E S S  ---------------

Java Threads: ( => current thread )
  0x0000000019a76800 JavaThread "LWJGL Timer" daemon [_thread_blocked, id=10696, stack(0x000000001a500000,0x000000001a600000)]
  0x00000000022e2800 JavaThread "DestroyJavaVM" [_thread_blocked, id=4788, stack(0x0000000002110000,0x0000000002210000)]
=>0x0000000018aa6000 JavaThread "LWJGL Application" [_thread_in_native, id=4004, stack(0x00000000196e0000,0x00000000197e0000)]
  0x0000000016f9d800 JavaThread "Service Thread" daemon [_thread_blocked, id=13336, stack(0x0000000018b90000,0x0000000018c90000)]
  0x0000000016f45800 JavaThread "C1 CompilerThread2" daemon [_thread_blocked, id=3852, stack(0x0000000018690000,0x0000000018790000)]
  0x0000000016f42800 JavaThread "C2 CompilerThread1" daemon [_thread_blocked, id=14156, stack(0x0000000018590000,0x0000000018690000)]
  0x0000000016f40000 JavaThread "C2 CompilerThread0" daemon [_thread_blocked, id=8428, stack(0x0000000018490000,0x0000000018590000)]
  0x0000000016f3e000 JavaThread "Attach Listener" daemon [_thread_blocked, id=10884, stack(0x0000000018390000,0x0000000018490000)]
  0x0000000016f3c800 JavaThread "Signal Dispatcher" daemon [_thread_blocked, id=8372, stack(0x0000000018290000,0x0000000018390000)]
  0x00000000023d8000 JavaThread "Finalizer" daemon [_thread_blocked, id=1328, stack(0x0000000018190000,0x0000000018290000)]
  0x00000000023cf000 JavaThread "Reference Handler" daemon [_thread_blocked, id=7784, stack(0x0000000018090000,0x0000000018190000)]

Other Threads:
  0x0000000016f08000 VMThread [stack: 0x0000000017f90000,0x0000000018090000] [id=944]
  0x00000000187b9000 WatcherThread [stack: 0x0000000018c90000,0x0000000018d90000] [id=2744]

VM state:not at safepoint (normal execution)

VM Mutex/Monitor currently owned by a thread: None

Heap:
 PSYoungGen      total 38400K, used 16234K [0x00000000d5d00000, 0x00000000d8780000, 0x0000000100000000)
  eden space 33280K, 48% used [0x00000000d5d00000,0x00000000d6cda9e0,0x00000000d7d80000)
  from space 5120K, 0% used [0x00000000d8280000,0x00000000d8280000,0x00000000d8780000)
  to   space 5120K, 0% used [0x00000000d7d80000,0x00000000d7d80000,0x00000000d8280000)
 ParOldGen       total 87552K, used 0K [0x0000000081600000, 0x0000000086b80000, 0x00000000d5d00000)
  object space 87552K, 0% used [0x0000000081600000,0x0000000081600000,0x0000000086b80000)
 Metaspace       used 7457K, capacity 7619K, committed 7680K, reserved 1056768K
  class space    used 686K, capacity 720K, committed 768K, reserved 1048576K

Card table byte_map: [0x00000000117a0000,0x0000000011ba0000] byte_map_base: 0x0000000011395000

Marking Bits: (ParMarkBitMap*) 0x0000000054e54040
 Begin Bits: [0x0000000012250000, 0x00000000141f8000)
 End Bits:   [0x00000000141f8000, 0x00000000161a0000)

Polling page: 0x00000000008e0000

CodeCache: size=245760Kb used=3571Kb max_used=3584Kb free=242189Kb
 bounds [0x00000000023e0000, 0x0000000002770000, 0x00000000113e0000]
 total_blobs=1423 nmethods=931 adapters=405
 compilation: enabled

Compilation events (10 events):
Event: 15.329 Thread 0x0000000016f45800 nmethod 926 0x00000000027518d0 code [0x0000000002751a60, 0x0000000002751f70]
Event: 15.331 Thread 0x0000000016f45800  929       3       java.util.StringTokenizer::setMaxDelimCodePoint (156 bytes)
Event: 15.332 Thread 0x0000000016f45800 nmethod 929 0x0000000002756f90 code [0x0000000002757180, 0x0000000002757c68]
Event: 15.333 Thread 0x0000000016f45800  930   !   3       sun.net.www.ParseUtil::decode (316 bytes)
Event: 15.334 Thread 0x0000000016f42800 nmethod 924 0x0000000002751210 code [0x0000000002751360, 0x0000000002751658]
Event: 15.334 Thread 0x0000000016f42800  928       4       java.util.StringTokenizer::nextToken (92 bytes)
Event: 15.335 Thread 0x0000000016f40000 nmethod 927 0x0000000002750c10 code [0x0000000002750d60, 0x0000000002750fd8]
Event: 15.337 Thread 0x0000000016f45800 nmethod 930 0x000000000275af90 code [0x000000000275b480, 0x000000000275eb38]
Event: 15.337 Thread 0x0000000016f45800  931       3       com.badlogic.gdx.graphics.g2d.BitmapFont$BitmapFontData::setGlyphRegion (390 bytes)
Event: 15.338 Thread 0x0000000016f45800 nmethod 931 0x0000000002759dd0 code [0x0000000002759fe0, 0x000000000275ab90]

GC Heap History (0 events):
No events

Deoptimization events (5 events):
Event: 15.319 Thread 0x0000000018aa6000 Uncommon trap: reason=class_check action=maybe_recompile pc=0x0000000002721de8 method=com.badlogic.gdx.utils.ObjectMap.get(Ljava/lang/Object;)Ljava/lang/Object; @ 1
Event: 15.319 Thread 0x0000000018aa6000 Uncommon trap: reason=class_check action=maybe_recompile pc=0x0000000002721de8 method=com.badlogic.gdx.utils.ObjectMap.get(Ljava/lang/Object;)Ljava/lang/Object; @ 1
Event: 15.321 Thread 0x0000000018aa6000 Uncommon trap: reason=class_check action=maybe_recompile pc=0x0000000002721de8 method=com.badlogic.gdx.utils.ObjectMap.get(Ljava/lang/Object;)Ljava/lang/Object; @ 1
Event: 15.323 Thread 0x0000000018aa6000 Uncommon trap: reason=unstable_if action=reinterpret pc=0x0000000002663428 method=com.badlogic.gdx.utils.Array.add(Ljava/lang/Object;)V @ 11
Event: 15.325 Thread 0x0000000018aa6000 Uncommon trap: reason=class_check action=maybe_recompile pc=0x0000000002721de8 method=com.badlogic.gdx.utils.ObjectMap.get(Ljava/lang/Object;)Ljava/lang/Object; @ 1

Internal exceptions (10 events):
Event: 0.154 Thread 0x00000000022e2800 Exception <a 'java/security/PrivilegedActionException'> (0x00000000d609fb48) thrown at [C:\re\workspace\8-2-build-windows-amd64-cygwin\jdk8u45\3627\hotspot\src\share\vm\prims\jvm.cpp, line 1382]
Event: 0.154 Thread 0x00000000022e2800 Exception <a 'java/security/PrivilegedActionException'> (0x00000000d609fd00) thrown at [C:\re\workspace\8-2-build-windows-amd64-cygwin\jdk8u45\3627\hotspot\src\share\vm\prims\jvm.cpp, line 1382]
Event: 0.155 Thread 0x00000000022e2800 Exception <a 'java/security/PrivilegedActionException'> (0x00000000d60a3a98) thrown at [C:\re\workspace\8-2-build-windows-amd64-cygwin\jdk8u45\3627\hotspot\src\share\vm\prims\jvm.cpp, line 1382]
Event: 0.155 Thread 0x00000000022e2800 Exception <a 'java/security/PrivilegedActionException'> (0x00000000d60a3c50) thrown at [C:\re\workspace\8-2-build-windows-amd64-cygwin\jdk8u45\3627\hotspot\src\share\vm\prims\jvm.cpp, line 1382]
Event: 0.285 Thread 0x00000000022e2800 Exception <a 'java/security/PrivilegedActionException'> (0x00000000d61dda20) thrown at [C:\re\workspace\8-2-build-windows-amd64-cygwin\jdk8u45\3627\hotspot\src\share\vm\prims\jvm.cpp, line 1382]
Event: 0.285 Thread 0x00000000022e2800 Exception <a 'java/security/PrivilegedActionException'> (0x00000000d61df648) thrown at [C:\re\workspace\8-2-build-windows-amd64-cygwin\jdk8u45\3627\hotspot\src\share\vm\prims\jvm.cpp, line 1382]
Event: 0.285 Thread 0x00000000022e2800 Exception <a 'java/security/PrivilegedActionException'> (0x00000000d61e0708) thrown at [C:\re\workspace\8-2-build-windows-amd64-cygwin\jdk8u45\3627\hotspot\src\share\vm\prims\jvm.cpp, line 1382]
Event: 0.285 Thread 0x00000000022e2800 Exception <a 'java/security/PrivilegedActionException'> (0x00000000d61e5700) thrown at [C:\re\workspace\8-2-build-windows-amd64-cygwin\jdk8u45\3627\hotspot\src\share\vm\prims\jvm.cpp, line 1382]
Event: 0.285 Thread 0x00000000022e2800 Exception <a 'java/security/PrivilegedActionException'> (0x00000000d61e62a8) thrown at [C:\re\workspace\8-2-build-windows-amd64-cygwin\jdk8u45\3627\hotspot\src\share\vm\prims\jvm.cpp, line 1382]
Event: 0.285 Thread 0x00000000022e2800 Exception <a 'java/security/PrivilegedActionException'> (0x00000000d61e6e20) thrown at [C:\re\workspace\8-2-build-windows-amd64-cygwin\jdk8u45\3627\hotspot\src\share\vm\prims\jvm.cpp, line 1382]

Events (10 events):
Event: 15.319 Thread 0x0000000018aa6000 DEOPT UNPACKING pc=0x000000000242582a sp=0x00000000197ded08 mode 2
Event: 15.321 Thread 0x0000000018aa6000 Uncommon trap: trap_request=0xffffffde fr.pc=0x0000000002721de8
Event: 15.321 Thread 0x0000000018aa6000 DEOPT PACKING pc=0x0000000002721de8 sp=0x00000000197dea80
Event: 15.321 Thread 0x0000000018aa6000 DEOPT UNPACKING pc=0x000000000242582a sp=0x00000000197dea38 mode 2
Event: 15.323 Thread 0x0000000018aa6000 Uncommon trap: trap_request=0xffffff65 fr.pc=0x0000000002663428
Event: 15.323 Thread 0x0000000018aa6000 DEOPT PACKING pc=0x0000000002663428 sp=0x00000000197dec00
Event: 15.323 Thread 0x0000000018aa6000 DEOPT UNPACKING pc=0x000000000242582a sp=0x00000000197deba8 mode 2
Event: 15.325 Thread 0x0000000018aa6000 Uncommon trap: trap_request=0xffffffde fr.pc=0x0000000002721de8
Event: 15.325 Thread 0x0000000018aa6000 DEOPT PACKING pc=0x0000000002721de8 sp=0x00000000197dec20
Event: 15.325 Thread 0x0000000018aa6000 DEOPT UNPACKING pc=0x000000000242582a sp=0x00000000197debd8 mode 2


Dynamic libraries:
0x00007ff6a8980000 - 0x00007ff6a89b7000 	C:\Program Files\Java\jdk1.8.0_45\bin\java.exe
0x00007ffa498b0000 - 0x00007ffa49a71000 	C:\WINDOWS\SYSTEM32\ntdll.dll
0x00007ffa492f0000 - 0x00007ffa4939d000 	C:\WINDOWS\system32\KERNEL32.DLL
0x00007ffa46aa0000 - 0x00007ffa46c88000 	C:\WINDOWS\system32\KERNELBASE.dll
0x00007ffa49240000 - 0x00007ffa492e7000 	C:\WINDOWS\system32\ADVAPI32.dll
0x00007ffa48f00000 - 0x00007ffa48f9d000 	C:\WINDOWS\system32\msvcrt.dll
0x00007ffa491e0000 - 0x00007ffa4923b000 	C:\WINDOWS\system32\sechost.dll
0x00007ffa47320000 - 0x00007ffa4743c000 	C:\WINDOWS\system32\RPCRT4.dll
0x00007ffa471c0000 - 0x00007ffa47316000 	C:\WINDOWS\system32\USER32.dll
0x00007ffa495a0000 - 0x00007ffa49726000 	C:\WINDOWS\system32\GDI32.dll
0x00007ffa3bbf0000 - 0x00007ffa3be64000 	C:\WINDOWS\WinSxS\amd64_microsoft.windows.common-controls_6595b64144ccf1df_6.0.10586.0_none_8c15ae12515e1c22\COMCTL32.dll
0x00007ffa48b70000 - 0x00007ffa48ded000 	C:\WINDOWS\system32\combase.dll
0x00007ffa465b0000 - 0x00007ffa4661a000 	C:\WINDOWS\system32\bcryptPrimitives.dll
0x00007ffa493a0000 - 0x00007ffa493db000 	C:\WINDOWS\system32\IMM32.DLL
0x00007ffa45b50000 - 0x00007ffa45b7d000 	C:\WINDOWS\SYSTEM32\SspiCli.dll
0x00007ffa453c0000 - 0x00007ffa453f1000 	C:\WINDOWS\SYSTEM32\ntmarta.dll
0x0000000054570000 - 0x0000000054642000 	C:\Program Files\Java\jdk1.8.0_45\jre\bin\msvcr100.dll
0x0000000054650000 - 0x0000000054ed3000 	C:\Program Files\Java\jdk1.8.0_45\jre\bin\server\jvm.dll
0x00007ffa49840000 - 0x00007ffa49848000 	C:\WINDOWS\system32\PSAPI.DLL
0x00007ffa38730000 - 0x00007ffa38739000 	C:\WINDOWS\SYSTEM32\WSOCK32.dll
0x00007ffa44160000 - 0x00007ffa44183000 	C:\WINDOWS\SYSTEM32\WINMM.dll
0x00007ffa3bb50000 - 0x00007ffa3bb5a000 	C:\WINDOWS\SYSTEM32\VERSION.dll
0x00007ffa48fa0000 - 0x00007ffa4900b000 	C:\WINDOWS\system32\WS2_32.dll
0x00007ffa44100000 - 0x00007ffa4412c000 	C:\WINDOWS\SYSTEM32\WINMMBASE.dll
0x00007ffa46710000 - 0x00007ffa46753000 	C:\WINDOWS\system32\cfgmgr32.dll
0x0000000054520000 - 0x000000005452f000 	C:\Program Files\Java\jdk1.8.0_45\jre\bin\verify.dll
0x00000000544f0000 - 0x0000000054519000 	C:\Program Files\Java\jdk1.8.0_45\jre\bin\java.dll
0x00000000544d0000 - 0x00000000544e6000 	C:\Program Files\Java\jdk1.8.0_45\jre\bin\zip.dll
0x00007ffa47610000 - 0x00007ffa48b6c000 	C:\WINDOWS\system32\SHELL32.dll
0x00007ffa45f60000 - 0x00007ffa465a4000 	C:\WINDOWS\system32\windows.storage.dll
0x00007ffa49850000 - 0x00007ffa498a2000 	C:\WINDOWS\system32\shlwapi.dll
0x00007ffa45ee0000 - 0x00007ffa45eef000 	C:\WINDOWS\system32\kernel.appcore.dll
0x00007ffa46930000 - 0x00007ffa469e5000 	C:\WINDOWS\system32\shcore.dll
0x00007ffa45ef0000 - 0x00007ffa45f3b000 	C:\WINDOWS\system32\powrprof.dll
0x00007ffa45f40000 - 0x00007ffa45f54000 	C:\WINDOWS\system32\profapi.dll
0x0000000065580000 - 0x0000000065616000 	C:\Users\luisd\AppData\Local\Temp\libgdxluisd\2ec99cb7\gdx64.dll
0x00007ffa45850000 - 0x00007ffa45867000 	C:\WINDOWS\SYSTEM32\CRYPTSP.dll
0x00007ffa454e0000 - 0x00007ffa45514000 	C:\WINDOWS\system32\rsaenh.dll
0x00007ffa45e00000 - 0x00007ffa45e29000 	C:\WINDOWS\SYSTEM32\bcrypt.dll
0x00007ffa45630000 - 0x00007ffa4564f000 	C:\WINDOWS\SYSTEM32\USERENV.dll
0x00007ffa45970000 - 0x00007ffa4597b000 	C:\WINDOWS\SYSTEM32\CRYPTBASE.dll
0x00000000544b0000 - 0x00000000544ca000 	C:\Program Files\Java\jdk1.8.0_45\jre\bin\net.dll
0x00007ffa457a0000 - 0x00007ffa457fc000 	C:\WINDOWS\system32\mswsock.dll
0x00007ffa42050000 - 0x00007ffa42088000 	C:\WINDOWS\SYSTEM32\IPHLPAPI.DLL
0x00007ffa470e0000 - 0x00007ffa470e8000 	C:\WINDOWS\system32\NSI.dll
0x00007ffa3d070000 - 0x00007ffa3d086000 	C:\WINDOWS\SYSTEM32\dhcpcsvc6.DLL
0x00007ffa3f720000 - 0x00007ffa3f73a000 	C:\WINDOWS\SYSTEM32\dhcpcsvc.DLL
0x0000000054490000 - 0x00000000544a1000 	C:\Program Files\Java\jdk1.8.0_45\jre\bin\nio.dll
0x0000000180000000 - 0x0000000180053000 	C:\Users\luisd\AppData\Local\Temp\libgdxluisd\dc0f0009\lwjgl64.dll
0x00007ffa2ac20000 - 0x00007ffa2ad49000 	C:\WINDOWS\SYSTEM32\OPENGL32.dll
0x00007ffa3ed30000 - 0x00007ffa3ed5e000 	C:\WINDOWS\SYSTEM32\GLU32.dll
0x00007ffa25980000 - 0x00007ffa25a7a000 	C:\WINDOWS\SYSTEM32\DDRAW.dll
0x00007ffa3f520000 - 0x00007ffa3f528000 	C:\WINDOWS\SYSTEM32\DCIMAN32.dll
0x00000000190d0000 - 0x0000000019134000 	C:\Users\luisd\AppData\Local\Temp\libgdxluisd\dc0f0009\OpenAL64.dll
0x00007ffa49450000 - 0x00007ffa49593000 	C:\WINDOWS\system32\ole32.dll
0x00007ffa44850000 - 0x00007ffa448e6000 	C:\WINDOWS\system32\uxtheme.dll
0x00007ffa48df0000 - 0x00007ffa48e97000 	C:\WINDOWS\system32\clbcatq.dll
0x00007ffa43e60000 - 0x00007ffa43fe6000 	C:\WINDOWS\System32\PROPSYS.dll
0x00007ffa470f0000 - 0x00007ffa471b1000 	C:\WINDOWS\system32\OLEAUT32.dll
0x00007ffa2e2d0000 - 0x00007ffa2e36c000 	C:\WINDOWS\SYSTEM32\dsound.dll
0x00007ffa41fe0000 - 0x00007ffa42050000 	C:\WINDOWS\System32\MMDevApi.dll
0x00007ffa449c0000 - 0x00007ffa449e7000 	C:\WINDOWS\System32\DEVOBJ.dll
0x00007ffa40150000 - 0x00007ffa401d8000 	C:\WINDOWS\SYSTEM32\AUDIOSES.DLL
0x00007ffa3ffd0000 - 0x00007ffa40106000 	C:\WINDOWS\SYSTEM32\wintypes.dll
0x00007ffa49010000 - 0x00007ffa4916a000 	C:\WINDOWS\system32\MSCTF.dll
0x00007ffa43ff0000 - 0x00007ffa44012000 	C:\WINDOWS\system32\dwmapi.dll
0x00007ffa17ff0000 - 0x00007ffa18c74000 	C:\WINDOWS\SYSTEM32\ig4icd64.dll
0x00007ffa36b80000 - 0x00007ffa36c11000 	C:\WINDOWS\SYSTEM32\mscms.dll
0x00007ffa335d0000 - 0x00007ffa33612000 	C:\WINDOWS\SYSTEM32\icm32.dll
0x0000000066bc0000 - 0x0000000066c7b000 	C:\Users\luisd\AppData\Local\Temp\libgdxluisd\4d3c1ee0\gdx-box2d64.dll
0x00007ffa29970000 - 0x00007ffa29afc000 	C:\WINDOWS\SYSTEM32\dbghelp.dll

VM Arguments:
jvm_args: -Dfile.encoding=windows-1252 -Duser.country=419 -Duser.language=es -Duser.variant 
java_command: com.cutthe.rope.desktop.DesktopLauncher
java_class_path (initial): C:\Users\luisd\Documents\tareas\Programación III\Proyecto\CutTheRope\desktop\build\classes\main;C:\Users\luisd\Documents\tareas\Programación III\Proyecto\CutTheRope\desktop\build\resources\main;C:\Users\luisd\Documents\tareas\Programación III\Proyecto\CutTheRope\core\build\libs\core-1.0.jar;C:\Users\luisd\.gradle\caches\modules-2\files-2.1\com.badlogicgames.gdx\gdx-backend-lwjgl\1.9.2\d710a8704ed584ec2ba9ca52e3a6a5885dd759cc\gdx-backend-lwjgl-1.9.2.jar;C:\Users\luisd\.gradle\caches\modules-2\files-2.1\com.badlogicgames.gdx\gdx-platform\1.9.2\dde4cf7e9ce61c24042f512203aed87657496639\gdx-platform-1.9.2-natives-desktop.jar;C:\Users\luisd\.gradle\caches\modules-2\files-2.1\com.badlogicgames.gdx\gdx-box2d-platform\1.9.2\497cbfbf81e7e8b1e8433b19291c5af4bbc2ec66\gdx-box2d-platform-1.9.2-natives-desktop.jar;C:\Users\luisd\.gradle\caches\modules-2\files-2.1\com.badlogicgames.gdx\gdx-freetype-platform\1.9.2\1e1afb0b6c9e8aeb7d495cb8f55c353d3da58cf0\gdx-freetype-platform-1.9.2-natives-desktop.jar;C:\Users\luisd\.gradle\caches\modules-2\files-2.1\com.badlogicgames.gdx\gdx-tools\1.9.2\37d8e3009ae0febdf93717b21980c67c8cadac07\gdx-tools-1.9.2.jar;C:\Users\luisd\.gradle\caches\modules-2\files-2.1\com.badlogicgames.gdx\gdx\1.9.2\e641cb91bec06bc64d9ddf7a7d7062caceec73cd\gdx-1.9.2.jar;C:\Users\luisd\.gradle\caches\modules-2\files-2.1\com.badlogicgames.gdx\gdx-box2d\1.9.2\b78eaa90aaaf7830e6dffff587ea6e859c2787b2\gdx-box2d-1.9.2.jar;C:\Users\luisd\.gradle\caches\modules-2\files-2.1\com.badlogicgames.gdx\gdx-freetype\1.9.2\3609253d14edb1b3ca5aacff4e06989edde75be4\gdx-freetype-1.9.2.jar;C:\Users\luisd\.gradle\caches\modules-2\files-2.1\com.badlogicgames.box2dlights\box2dlights\1.4\3d77ad5b4164fb32fc67e2446e35911bb0aaf0bd\box2dlights-1.4.jar;C:\Users\luisd\.gradle\caches\modules-2\files-2.1\com.badlogicgames.ashley\ashley\1.7.0\a7c4083c0a42027a3c03ba7ccecef6cbe1c5f0a4\ashley-1.7.0.jar;C:\Users\luisd\.gradle\caches\modules-2\files-2.1\org.lwjgl.lwjgl\lwjgl\2.9.2\
Launcher Type: SUN_STANDARD

Environment Variables:
JAVA_HOME=C:\Program Files\Java\jdk1.8.0_45
CLASSPATH=.;.;
PATH=C:\WINDOWS\system32;C:\WINDOWS;C:\WINDOWS\System32\Wbem;C:\WINDOWS\System32\WindowsPowerShell\v1.0\;C:\ffmpeg\bin;C:\MinGW\bin;C:\Program Files (x86)\Nmap;"C:\Program Files\Java\jdk1.8.0_45\bin";C:\Users\luisd\AppData\Local\atom\bin
USERNAME=luisd
OS=Windows_NT
PROCESSOR_IDENTIFIER=Intel64 Family 6 Model 42 Stepping 7, GenuineIntel



---------------  S Y S T E M  ---------------

OS: Windows 10.0 , 64 bit Build 10586 (10.0.10586.0)

CPU:total 4 (2 cores per cpu, 2 threads per core) family 6 model 42 stepping 7, cmov, cx8, fxsr, mmx, sse, sse2, sse3, ssse3, sse4.1, sse4.2, popcnt, avx, aes, clmul, ht, tsc, tscinvbit

Memory: 4k page, physical 8293556k(3705160k free), swap 16682164k(9960904k free)

vm_info: Java HotSpot(TM) 64-Bit Server VM (25.45-b02) for windows-amd64 JRE (1.8.0_45-b15), built on Apr 30 2015 12:40:44 by "java_re" with MS VC++ 10.0 (VS2010)

time: Mon Jun 20 19:53:04 2016
elapsed time: 15 seconds (0d 0h 0m 15s)

