#
# A fatal error has been detected by the Java Runtime Environment:
#
#  EXCEPTION_ACCESS_VIOLATION (0xc0000005) at pc=0x0000000066be7aa4, pid=4840, tid=11720
#
# JRE version: Java(TM) SE Runtime Environment (8.0_45-b15) (build 1.8.0_45-b15)
# Java VM: Java HotSpot(TM) 64-Bit Server VM (25.45-b02 mixed mode windows-amd64 compressed oops)
# Problematic frame:
# C  [gdx-box2d64.dll+0x27aa4]
#
# Failed to write core dump. Minidumps are not enabled by default on client versions of Windows
#
# If you would like to submit a bug report, please visit:
#   http://bugreport.java.com/bugreport/crash.jsp
# The crash happened outside the Java Virtual Machine in native code.
# See problematic frame for where to report the bug.
#

---------------  T H R E A D  ---------------

Current thread (0x0000000018ad3800):  JavaThread "LWJGL Application" [_thread_in_native, id=11720, stack(0x00000000196d0000,0x00000000197d0000)]

siginfo: ExceptionCode=0xc0000005, reading address 0x0000000000000008

Registers:
RAX=0x0000000000000000, RBX=0x0000000016c60d28, RCX=0x0000000018ad39f8, RDX=0x00000000197cee00
RSP=0x00000000197cedd8, RBP=0x00000000197cee40, RSI=0x00000000d6942570, RDI=0x0000000016c5bc00
R8 =0x0000000019605bf0, R9 =0x00000000d69423e8, R10=0x000000000267027b, R11=0x0000000002681080
R12=0x0000000000000000, R13=0x00000000197cf0c0, R14=0x0000000000000000, R15=0x0000000018ad3800
RIP=0x0000000066be7aa4, EFLAGS=0x0000000000010246

Top of Stack: (sp=0x00000000197cedd8)
0x00000000197cedd8:   00000000026702f5 00000000197cee50
0x00000000197cede8:   0000000016c1df70 0000000000000000
0x00000000197cedf8:   0000000016c1c3b0 00000000d6942570
0x00000000197cee08:   000000005479068c 00000000197cee98
0x00000000197cee18:   0000000002427ced 0000000000000000
0x00000000197cee28:   0000000000000000 0000000018ad3800
0x00000000197cee38:   0000000000000000 00000000197cf110
0x00000000197cee48:   00000000026745e4 0000000018ad39f8
0x00000000197cee58:   000000005479068c 00000000d67f0308
0x00000000197cee68:   00000000d67322e8 0000000000000358
0x00000000197cee78:   0000000000000000 00000000197cf110
0x00000000197cee88:   000000000268d07c 3f80000000000000
0x00000000197cee98:   00000000026796f5 0000000018ad39f8
0x00000000197ceea8:   00000000547ab6d5 00000000d682c928
0x00000000197ceeb8:   00000000d682c8c8 00000000d6942300
0x00000000197ceec8:   0000000000000000 0000000018ad3800 

Instructions: (pc=0x0000000066be7aa4)
0x0000000066be7a84:   31 c3 66 2e 0f 1f 84 00 00 00 00 00 45 84 c9 41
0x0000000066be7a94:   0f 95 40 31 c3 90 90 90 90 90 90 90 49 8b 40 18
0x0000000066be7aa4:   8b 50 08 b8 ff ff ff ff 83 fa 03 77 0a 48 8d 05
0x0000000066be7ab4:   28 13 03 00 8b 04 90 f3 c3 0f 1f 00 49 8b 40 18 


Register to memory mapping:

RAX=0x0000000000000000 is an unknown value
RBX=0x0000000016c60d28 is pointing into metadata
RCX=0x0000000018ad39f8 is an unknown value
RDX=0x00000000197cee00 is pointing into the stack for thread: 0x0000000018ad3800
RSP=0x00000000197cedd8 is pointing into the stack for thread: 0x0000000018ad3800
RBP=0x00000000197cee40 is pointing into the stack for thread: 0x0000000018ad3800
RSI=0x00000000d6942570 is an oop
com.badlogic.gdx.physics.box2d.Fixture 
 - klass: 'com/badlogic/gdx/physics/box2d/Fixture'
RDI=0x0000000016c5bc00 is pointing into metadata
R8 =0x0000000019605bf0 is an unknown value
R9 =0x00000000d69423e8 is an oop
com.badlogic.gdx.physics.box2d.Transform 
 - klass: 'com/badlogic/gdx/physics/box2d/Transform'
R10=0x000000000267027b is at entry_point+59 in (nmethod*)0x00000000026700d0
R11=0x0000000002681080 is at entry_point+32 in (nmethod*)0x0000000002680dd0
R12=0x0000000000000000 is an unknown value
R13=0x00000000197cf0c0 is pointing into the stack for thread: 0x0000000018ad3800
R14=0x0000000000000000 is an unknown value
R15=0x0000000018ad3800 is a thread


Stack: [0x00000000196d0000,0x00000000197d0000],  sp=0x00000000197cedd8,  free space=1019k
Native frames: (J=compiled Java code, j=interpreted, Vv=VM code, C=native code)
C  [gdx-box2d64.dll+0x27aa4]
C  0x00000000026702f5

Java frames: (J=compiled Java code, j=interpreted, Vv=VM code)
J 536  com.badlogic.gdx.physics.box2d.Fixture.jniGetType(J)I (0 bytes) @ 0x000000000267027b [0x0000000002670240+0x3b]
J 535 C1 com.badlogic.gdx.physics.box2d.Fixture.getType()Lcom/badlogic/gdx/physics/box2d/Shape$Type; (66 bytes) @ 0x00000000026745e4 [0x0000000002674560+0x84]
J 599 C1 com.badlogic.gdx.physics.box2d.Box2DDebugRenderer.drawShape(Lcom/badlogic/gdx/physics/box2d/Fixture;Lcom/badlogic/gdx/physics/box2d/Transform;Lcom/badlogic/gdx/graphics/Color;)V (297 bytes) @ 0x000000000268d07c [0x000000000268cfe0+0x9c]
J 574 C1 com.badlogic.gdx.physics.box2d.Box2DDebugRenderer.renderBody(Lcom/badlogic/gdx/physics/box2d/Body;)V (102 bytes) @ 0x0000000002681754 [0x0000000002681060+0x6f4]
j  com.badlogic.gdx.physics.box2d.Box2DDebugRenderer.renderBodies(Lcom/badlogic/gdx/physics/box2d/World;)V+73
j  com.badlogic.gdx.physics.box2d.Box2DDebugRenderer.render(Lcom/badlogic/gdx/physics/box2d/World;Lcom/badlogic/gdx/math/Matrix4;)V+10
j  com.cutthe.rope.PantallaJuego.render(F)V+158
j  com.badlogic.gdx.Game.render()V+19
j  com.badlogic.gdx.backends.lwjgl.LwjglApplication.mainLoop()V+698
j  com.badlogic.gdx.backends.lwjgl.LwjglApplication$1.run()V+27
v  ~StubRoutines::call_stub

---------------  P R O C E S S  ---------------

Java Threads: ( => current thread )
  0x0000000019cd7000 JavaThread "LWJGL Timer" daemon [_thread_blocked, id=11484, stack(0x000000001a4f0000,0x000000001a5f0000)]
  0x0000000002322800 JavaThread "DestroyJavaVM" [_thread_blocked, id=208, stack(0x0000000002170000,0x0000000002270000)]
=>0x0000000018ad3800 JavaThread "LWJGL Application" [_thread_in_native, id=11720, stack(0x00000000196d0000,0x00000000197d0000)]
  0x00000000187fd800 JavaThread "Service Thread" daemon [_thread_blocked, id=6764, stack(0x0000000018bd0000,0x0000000018cd0000)]
  0x0000000016f84800 JavaThread "C1 CompilerThread2" daemon [_thread_blocked, id=8540, stack(0x00000000186d0000,0x00000000187d0000)]
  0x0000000016f81800 JavaThread "C2 CompilerThread1" daemon [_thread_blocked, id=7400, stack(0x00000000185d0000,0x00000000186d0000)]
  0x0000000016f7f800 JavaThread "C2 CompilerThread0" daemon [_thread_in_vm, id=13572, stack(0x00000000184d0000,0x00000000185d0000)]
  0x0000000016f7e000 JavaThread "Attach Listener" daemon [_thread_blocked, id=5672, stack(0x00000000183d0000,0x00000000184d0000)]
  0x0000000016f7c800 JavaThread "Signal Dispatcher" daemon [_thread_blocked, id=10716, stack(0x00000000182d0000,0x00000000183d0000)]
  0x0000000016f49000 JavaThread "Finalizer" daemon [_thread_blocked, id=13684, stack(0x00000000181d0000,0x00000000182d0000)]
  0x0000000002411800 JavaThread "Reference Handler" daemon [_thread_blocked, id=13636, stack(0x00000000180d0000,0x00000000181d0000)]

Other Threads:
  0x0000000016f47000 VMThread [stack: 0x0000000017fd0000,0x00000000180d0000] [id=7368]
  0x000000001880e800 WatcherThread [stack: 0x0000000018cd0000,0x0000000018dd0000] [id=8656]

VM state:not at safepoint (normal execution)

VM Mutex/Monitor currently owned by a thread: None

Heap:
 PSYoungGen      total 38400K, used 15783K [0x00000000d5d00000, 0x00000000d8780000, 0x0000000100000000)
  eden space 33280K, 47% used [0x00000000d5d00000,0x00000000d6c69e88,0x00000000d7d80000)
  from space 5120K, 0% used [0x00000000d8280000,0x00000000d8280000,0x00000000d8780000)
  to   space 5120K, 0% used [0x00000000d7d80000,0x00000000d7d80000,0x00000000d8280000)
 ParOldGen       total 87552K, used 0K [0x0000000081600000, 0x0000000086b80000, 0x00000000d5d00000)
  object space 87552K, 0% used [0x0000000081600000,0x0000000081600000,0x0000000086b80000)
 Metaspace       used 7264K, capacity 7491K, committed 7680K, reserved 1056768K
  class space    used 682K, capacity 720K, committed 768K, reserved 1048576K

Card table byte_map: [0x00000000117e0000,0x0000000011be0000] byte_map_base: 0x00000000113d5000

Marking Bits: (ParMarkBitMap*) 0x0000000054e54040
 Begin Bits: [0x0000000012290000, 0x0000000014238000)
 End Bits:   [0x0000000014238000, 0x00000000161e0000)

Polling page: 0x0000000000790000

CodeCache: size=245760Kb used=2663Kb max_used=2676Kb free=243096Kb
 bounds [0x0000000002420000, 0x00000000026c0000, 0x0000000011420000]
 total_blobs=1169 nmethods=677 adapters=405
 compilation: enabled

Compilation events (10 events):
Event: 2.733 Thread 0x0000000016f84800 nmethod 669 0x00000000026b0910 code [0x00000000026b0a60, 0x00000000026b0c10]
Event: 2.733 Thread 0x0000000016f84800  670       3       com.badlogic.gdx.graphics.g2d.BitmapFont$BitmapFontData::setGlyph (42 bytes)
Event: 2.733 Thread 0x0000000016f81800  671       4       java.util.StringTokenizer::skipDelimiters (116 bytes)
Event: 2.734 Thread 0x0000000016f84800 nmethod 670 0x00000000026b0010 code [0x00000000026b01a0, 0x00000000026b06b0]
Event: 2.741 Thread 0x0000000016f84800  673       3       java.util.StringTokenizer::setMaxDelimCodePoint (156 bytes)
Event: 2.744 Thread 0x0000000016f84800 nmethod 673 0x00000000026aef10 code [0x00000000026af100, 0x00000000026afbe8]
Event: 2.745 Thread 0x0000000016f84800  674   !   3       sun.net.www.ParseUtil::decode (316 bytes)
Event: 2.745 Thread 0x0000000016f7f800 nmethod 668 0x00000000026b4c90 code [0x00000000026b4de0, 0x00000000026b50d8]
Event: 2.745 Thread 0x0000000016f7f800  672       4       java.util.StringTokenizer::nextToken (92 bytes)
Event: 2.748 Thread 0x0000000016f81800 nmethod 671 0x00000000026b5350 code [0x00000000026b54a0, 0x00000000026b5718]

GC Heap History (0 events):
No events

Deoptimization events (0 events):
No events

Internal exceptions (10 events):
Event: 0.177 Thread 0x0000000002322800 Exception <a 'java/security/PrivilegedActionException'> (0x00000000d609ccd0) thrown at [C:\re\workspace\8-2-build-windows-amd64-cygwin\jdk8u45\3627\hotspot\src\share\vm\prims\jvm.cpp, line 1382]
Event: 0.177 Thread 0x0000000002322800 Exception <a 'java/security/PrivilegedActionException'> (0x00000000d609ce88) thrown at [C:\re\workspace\8-2-build-windows-amd64-cygwin\jdk8u45\3627\hotspot\src\share\vm\prims\jvm.cpp, line 1382]
Event: 0.178 Thread 0x0000000002322800 Exception <a 'java/security/PrivilegedActionException'> (0x00000000d60a0c20) thrown at [C:\re\workspace\8-2-build-windows-amd64-cygwin\jdk8u45\3627\hotspot\src\share\vm\prims\jvm.cpp, line 1382]
Event: 0.178 Thread 0x0000000002322800 Exception <a 'java/security/PrivilegedActionException'> (0x00000000d60a0dd8) thrown at [C:\re\workspace\8-2-build-windows-amd64-cygwin\jdk8u45\3627\hotspot\src\share\vm\prims\jvm.cpp, line 1382]
Event: 0.295 Thread 0x0000000002322800 Exception <a 'java/security/PrivilegedActionException'> (0x00000000d61db590) thrown at [C:\re\workspace\8-2-build-windows-amd64-cygwin\jdk8u45\3627\hotspot\src\share\vm\prims\jvm.cpp, line 1382]
Event: 0.295 Thread 0x0000000002322800 Exception <a 'java/security/PrivilegedActionException'> (0x00000000d61dd1b8) thrown at [C:\re\workspace\8-2-build-windows-amd64-cygwin\jdk8u45\3627\hotspot\src\share\vm\prims\jvm.cpp, line 1382]
Event: 0.295 Thread 0x0000000002322800 Exception <a 'java/security/PrivilegedActionException'> (0x00000000d61de278) thrown at [C:\re\workspace\8-2-build-windows-amd64-cygwin\jdk8u45\3627\hotspot\src\share\vm\prims\jvm.cpp, line 1382]
Event: 0.295 Thread 0x0000000002322800 Exception <a 'java/security/PrivilegedActionException'> (0x00000000d61e3270) thrown at [C:\re\workspace\8-2-build-windows-amd64-cygwin\jdk8u45\3627\hotspot\src\share\vm\prims\jvm.cpp, line 1382]
Event: 0.295 Thread 0x0000000002322800 Exception <a 'java/security/PrivilegedActionException'> (0x00000000d61e3e18) thrown at [C:\re\workspace\8-2-build-windows-amd64-cygwin\jdk8u45\3627\hotspot\src\share\vm\prims\jvm.cpp, line 1382]
Event: 0.296 Thread 0x0000000002322800 Exception <a 'java/security/PrivilegedActionException'> (0x00000000d61e4990) thrown at [C:\re\workspace\8-2-build-windows-amd64-cygwin\jdk8u45\3627\hotspot\src\share\vm\prims\jvm.cpp, line 1382]

Events (10 events):
Event: 0.726 loading class com/badlogic/gdx/graphics/g2d/GlyphLayout$GlyphRun done
Event: 0.727 loading class com/badlogic/gdx/utils/FloatArray
Event: 0.727 loading class com/badlogic/gdx/utils/FloatArray done
Event: 0.744 loading class org/lwjgl/opengl/Sync
Event: 0.744 loading class org/lwjgl/opengl/Sync done
Event: 0.745 loading class org/lwjgl/opengl/Sync$RunningAvg
Event: 0.745 loading class org/lwjgl/opengl/Sync$RunningAvg done
Event: 0.745 loading class org/lwjgl/opengl/Sync$1
Event: 0.745 loading class org/lwjgl/opengl/Sync$1 done
Event: 0.746 Thread 0x0000000019cd7000 Thread added: 0x0000000019cd7000


Dynamic libraries:
0x00007ff6a8980000 - 0x00007ff6a89b7000 	C:\Program Files\Java\jdk1.8.0_45\bin\java.exe
0x00007ffa498b0000 - 0x00007ffa49a71000 	C:\WINDOWS\SYSTEM32\ntdll.dll
0x00007ffa492f0000 - 0x00007ffa4939d000 	C:\WINDOWS\system32\KERNEL32.DLL
0x00007ffa46aa0000 - 0x00007ffa46c88000 	C:\WINDOWS\system32\KERNELBASE.dll
0x00007ffa49240000 - 0x00007ffa492e7000 	C:\WINDOWS\system32\ADVAPI32.dll
0x00007ffa48f00000 - 0x00007ffa48f9d000 	C:\WINDOWS\system32\msvcrt.dll
0x00007ffa491e0000 - 0x00007ffa4923b000 	C:\WINDOWS\system32\sechost.dll
0x00007ffa47320000 - 0x00007ffa4743c000 	C:\WINDOWS\system32\RPCRT4.dll
0x00007ffa471c0000 - 0x00007ffa47316000 	C:\WINDOWS\system32\USER32.dll
0x00007ffa495a0000 - 0x00007ffa49726000 	C:\WINDOWS\system32\GDI32.dll
0x00007ffa3bbf0000 - 0x00007ffa3be64000 	C:\WINDOWS\WinSxS\amd64_microsoft.windows.common-controls_6595b64144ccf1df_6.0.10586.0_none_8c15ae12515e1c22\COMCTL32.dll
0x00007ffa48b70000 - 0x00007ffa48ded000 	C:\WINDOWS\system32\combase.dll
0x00007ffa465b0000 - 0x00007ffa4661a000 	C:\WINDOWS\system32\bcryptPrimitives.dll
0x00007ffa493a0000 - 0x00007ffa493db000 	C:\WINDOWS\system32\IMM32.DLL
0x00007ffa45b50000 - 0x00007ffa45b7d000 	C:\WINDOWS\SYSTEM32\SspiCli.dll
0x00007ffa453c0000 - 0x00007ffa453f1000 	C:\WINDOWS\SYSTEM32\ntmarta.dll
0x0000000054570000 - 0x0000000054642000 	C:\Program Files\Java\jdk1.8.0_45\jre\bin\msvcr100.dll
0x0000000054650000 - 0x0000000054ed3000 	C:\Program Files\Java\jdk1.8.0_45\jre\bin\server\jvm.dll
0x00007ffa49840000 - 0x00007ffa49848000 	C:\WINDOWS\system32\PSAPI.DLL
0x00007ffa44160000 - 0x00007ffa44183000 	C:\WINDOWS\SYSTEM32\WINMM.dll
0x00007ffa38730000 - 0x00007ffa38739000 	C:\WINDOWS\SYSTEM32\WSOCK32.dll
0x00007ffa3bb50000 - 0x00007ffa3bb5a000 	C:\WINDOWS\SYSTEM32\VERSION.dll
0x00007ffa48fa0000 - 0x00007ffa4900b000 	C:\WINDOWS\system32\WS2_32.dll
0x0000000000740000 - 0x000000000076c000 	C:\WINDOWS\SYSTEM32\WINMMBASE.dll
0x00007ffa46710000 - 0x00007ffa46753000 	C:\WINDOWS\system32\cfgmgr32.dll
0x0000000054520000 - 0x000000005452f000 	C:\Program Files\Java\jdk1.8.0_45\jre\bin\verify.dll
0x00000000544f0000 - 0x0000000054519000 	C:\Program Files\Java\jdk1.8.0_45\jre\bin\java.dll
0x00000000544d0000 - 0x00000000544e6000 	C:\Program Files\Java\jdk1.8.0_45\jre\bin\zip.dll
0x00007ffa47610000 - 0x00007ffa48b6c000 	C:\WINDOWS\system32\SHELL32.dll
0x00007ffa45f60000 - 0x00007ffa465a4000 	C:\WINDOWS\system32\windows.storage.dll
0x00007ffa49850000 - 0x00007ffa498a2000 	C:\WINDOWS\system32\shlwapi.dll
0x00007ffa45ee0000 - 0x00007ffa45eef000 	C:\WINDOWS\system32\kernel.appcore.dll
0x00007ffa46930000 - 0x00007ffa469e5000 	C:\WINDOWS\system32\shcore.dll
0x00007ffa45ef0000 - 0x00007ffa45f3b000 	C:\WINDOWS\system32\powrprof.dll
0x00007ffa45f40000 - 0x00007ffa45f54000 	C:\WINDOWS\system32\profapi.dll
0x0000000065580000 - 0x0000000065616000 	C:\Users\luisd\AppData\Local\Temp\libgdxluisd\2ec99cb7\gdx64.dll
0x00007ffa45850000 - 0x00007ffa45867000 	C:\WINDOWS\SYSTEM32\CRYPTSP.dll
0x00007ffa454e0000 - 0x00007ffa45514000 	C:\WINDOWS\system32\rsaenh.dll
0x00007ffa45e00000 - 0x00007ffa45e29000 	C:\WINDOWS\SYSTEM32\bcrypt.dll
0x00007ffa45630000 - 0x00007ffa4564f000 	C:\WINDOWS\SYSTEM32\USERENV.dll
0x00007ffa45970000 - 0x00007ffa4597b000 	C:\WINDOWS\SYSTEM32\CRYPTBASE.dll
0x00000000544b0000 - 0x00000000544ca000 	C:\Program Files\Java\jdk1.8.0_45\jre\bin\net.dll
0x00007ffa457a0000 - 0x00007ffa457fc000 	C:\WINDOWS\system32\mswsock.dll
0x00007ffa42050000 - 0x00007ffa42088000 	C:\WINDOWS\SYSTEM32\IPHLPAPI.DLL
0x00007ffa470e0000 - 0x00007ffa470e8000 	C:\WINDOWS\system32\NSI.dll
0x00007ffa3d070000 - 0x00007ffa3d086000 	C:\WINDOWS\SYSTEM32\dhcpcsvc6.DLL
0x00007ffa3f720000 - 0x00007ffa3f73a000 	C:\WINDOWS\SYSTEM32\dhcpcsvc.DLL
0x0000000054490000 - 0x00000000544a1000 	C:\Program Files\Java\jdk1.8.0_45\jre\bin\nio.dll
0x0000000180000000 - 0x0000000180053000 	C:\Users\luisd\AppData\Local\Temp\libgdxluisd\dc0f0009\lwjgl64.dll
0x00007ffa2ac20000 - 0x00007ffa2ad49000 	C:\WINDOWS\SYSTEM32\OPENGL32.dll
0x00007ffa3ed30000 - 0x00007ffa3ed5e000 	C:\WINDOWS\SYSTEM32\GLU32.dll
0x00007ffa25980000 - 0x00007ffa25a7a000 	C:\WINDOWS\SYSTEM32\DDRAW.dll
0x00007ffa3f520000 - 0x00007ffa3f528000 	C:\WINDOWS\SYSTEM32\DCIMAN32.dll
0x0000000002270000 - 0x00000000022d4000 	C:\Users\luisd\AppData\Local\Temp\libgdxluisd\dc0f0009\OpenAL64.dll
0x00007ffa49450000 - 0x00007ffa49593000 	C:\WINDOWS\system32\ole32.dll
0x00007ffa44850000 - 0x00007ffa448e6000 	C:\WINDOWS\system32\uxtheme.dll
0x00007ffa48df0000 - 0x00007ffa48e97000 	C:\WINDOWS\system32\clbcatq.dll
0x00007ffa43e60000 - 0x00007ffa43fe6000 	C:\WINDOWS\System32\PROPSYS.dll
0x00007ffa470f0000 - 0x00007ffa471b1000 	C:\WINDOWS\system32\OLEAUT32.dll
0x00007ffa2e2d0000 - 0x00007ffa2e36c000 	C:\WINDOWS\SYSTEM32\dsound.dll
0x00007ffa41fe0000 - 0x00007ffa42050000 	C:\WINDOWS\System32\MMDevApi.dll
0x00007ffa449c0000 - 0x00007ffa449e7000 	C:\WINDOWS\System32\DEVOBJ.dll
0x00007ffa40150000 - 0x00007ffa401d8000 	C:\WINDOWS\SYSTEM32\AUDIOSES.DLL
0x00007ffa3ffd0000 - 0x00007ffa40106000 	C:\WINDOWS\SYSTEM32\wintypes.dll
0x00007ffa49010000 - 0x00007ffa4916a000 	C:\WINDOWS\system32\MSCTF.dll
0x00007ffa43ff0000 - 0x00007ffa44012000 	C:\WINDOWS\system32\dwmapi.dll
0x00007ffa17ff0000 - 0x00007ffa18c74000 	C:\WINDOWS\SYSTEM32\ig4icd64.dll
0x00007ffa36b80000 - 0x00007ffa36c11000 	C:\WINDOWS\SYSTEM32\mscms.dll
0x00007ffa33630000 - 0x00007ffa33672000 	C:\WINDOWS\SYSTEM32\icm32.dll
0x0000000066bc0000 - 0x0000000066c7b000 	C:\Users\luisd\AppData\Local\Temp\libgdxluisd\4d3c1ee0\gdx-box2d64.dll
0x00007ffa282e0000 - 0x00007ffa2846c000 	C:\WINDOWS\SYSTEM32\dbghelp.dll

VM Arguments:
jvm_args: -Dfile.encoding=windows-1252 -Duser.country=419 -Duser.language=es -Duser.variant 
java_command: com.cutthe.rope.desktop.DesktopLauncher
java_class_path (initial): C:\Users\luisd\Documents\tareas\Programación III\Proyecto\CutTheRope\desktop\build\classes\main;C:\Users\luisd\Documents\tareas\Programación III\Proyecto\CutTheRope\desktop\build\resources\main;C:\Users\luisd\Documents\tareas\Programación III\Proyecto\CutTheRope\core\build\libs\core-1.0.jar;C:\Users\luisd\.gradle\caches\modules-2\files-2.1\com.badlogicgames.gdx\gdx-backend-lwjgl\1.9.2\d710a8704ed584ec2ba9ca52e3a6a5885dd759cc\gdx-backend-lwjgl-1.9.2.jar;C:\Users\luisd\.gradle\caches\modules-2\files-2.1\com.badlogicgames.gdx\gdx-platform\1.9.2\dde4cf7e9ce61c24042f512203aed87657496639\gdx-platform-1.9.2-natives-desktop.jar;C:\Users\luisd\.gradle\caches\modules-2\files-2.1\com.badlogicgames.gdx\gdx-box2d-platform\1.9.2\497cbfbf81e7e8b1e8433b19291c5af4bbc2ec66\gdx-box2d-platform-1.9.2-natives-desktop.jar;C:\Users\luisd\.gradle\caches\modules-2\files-2.1\com.badlogicgames.gdx\gdx-freetype-platform\1.9.2\1e1afb0b6c9e8aeb7d495cb8f55c353d3da58cf0\gdx-freetype-platform-1.9.2-natives-desktop.jar;C:\Users\luisd\.gradle\caches\modules-2\files-2.1\com.badlogicgames.gdx\gdx-tools\1.9.2\37d8e3009ae0febdf93717b21980c67c8cadac07\gdx-tools-1.9.2.jar;C:\Users\luisd\.gradle\caches\modules-2\files-2.1\com.badlogicgames.gdx\gdx\1.9.2\e641cb91bec06bc64d9ddf7a7d7062caceec73cd\gdx-1.9.2.jar;C:\Users\luisd\.gradle\caches\modules-2\files-2.1\com.badlogicgames.gdx\gdx-box2d\1.9.2\b78eaa90aaaf7830e6dffff587ea6e859c2787b2\gdx-box2d-1.9.2.jar;C:\Users\luisd\.gradle\caches\modules-2\files-2.1\com.badlogicgames.gdx\gdx-freetype\1.9.2\3609253d14edb1b3ca5aacff4e06989edde75be4\gdx-freetype-1.9.2.jar;C:\Users\luisd\.gradle\caches\modules-2\files-2.1\com.badlogicgames.box2dlights\box2dlights\1.4\3d77ad5b4164fb32fc67e2446e35911bb0aaf0bd\box2dlights-1.4.jar;C:\Users\luisd\.gradle\caches\modules-2\files-2.1\com.badlogicgames.ashley\ashley\1.7.0\a7c4083c0a42027a3c03ba7ccecef6cbe1c5f0a4\ashley-1.7.0.jar;C:\Users\luisd\.gradle\caches\modules-2\files-2.1\org.lwjgl.lwjgl\lwjgl\2.9.2\
Launcher Type: SUN_STANDARD

Environment Variables:
JAVA_HOME=C:\Program Files\Java\jdk1.8.0_45
CLASSPATH=.;.;
PATH=C:\WINDOWS\system32;C:\WINDOWS;C:\WINDOWS\System32\Wbem;C:\WINDOWS\System32\WindowsPowerShell\v1.0\;C:\ffmpeg\bin;C:\MinGW\bin;C:\Program Files (x86)\Nmap;"C:\Program Files\Java\jdk1.8.0_45\bin";C:\Users\luisd\AppData\Local\atom\bin
USERNAME=luisd
OS=Windows_NT
PROCESSOR_IDENTIFIER=Intel64 Family 6 Model 42 Stepping 7, GenuineIntel



---------------  S Y S T E M  ---------------

OS: Windows 10.0 , 64 bit Build 10586 (10.0.10586.0)

CPU:total 4 (2 cores per cpu, 2 threads per core) family 6 model 42 stepping 7, cmov, cx8, fxsr, mmx, sse, sse2, sse3, ssse3, sse4.1, sse4.2, popcnt, avx, aes, clmul, ht, tsc, tscinvbit

Memory: 4k page, physical 8293556k(3505552k free), swap 16682164k(9767308k free)

vm_info: Java HotSpot(TM) 64-Bit Server VM (25.45-b02) for windows-amd64 JRE (1.8.0_45-b15), built on Apr 30 2015 12:40:44 by "java_re" with MS VC++ 10.0 (VS2010)

time: Mon Jun 20 18:31:26 2016
elapsed time: 2 seconds (0d 0h 0m 2s)

