#
# A fatal error has been detected by the Java Runtime Environment:
#
#  EXCEPTION_ACCESS_VIOLATION (0xc0000005) at pc=0x0000000066bdf9b1, pid=1380, tid=11596
#
# JRE version: Java(TM) SE Runtime Environment (8.0_45-b15) (build 1.8.0_45-b15)
# Java VM: Java HotSpot(TM) 64-Bit Server VM (25.45-b02 mixed mode windows-amd64 compressed oops)
# Problematic frame:
# C  [gdx-box2d64.dll+0x1f9b1]
#
# Failed to write core dump. Minidumps are not enabled by default on client versions of Windows
#
# If you would like to submit a bug report, please visit:
#   http://bugreport.java.com/bugreport/crash.jsp
# The crash happened outside the Java Virtual Machine in native code.
# See problematic frame for where to report the bug.
#

---------------  T H R E A D  ---------------

Current thread (0x00000000191bb000):  JavaThread "LWJGL Application" [_thread_in_native, id=11596, stack(0x0000000019ea0000,0x0000000019fa0000)]

siginfo: ExceptionCode=0xc0000005, reading address 0x0000000000019298

Registers:
RAX=0x0000000000000000, RBX=0x0000000019dd1d60, RCX=0x0000000019dd1d60, RDX=0x0000000000000000
RSP=0x0000000019f9f120, RBP=0x0000000019f9f1f8, RSI=0x0000000000000000, RDI=0x000000001731f900
R8 =0x0000000019dd1d60, R9 =0x0000000000000000, R10=0x0000000002af5e08, R11=0x0000000054877ca0
R12=0x0000000000000000, R13=0x00000000172b3e78, R14=0x0000000019f9f230, R15=0x00000000191bb000
RIP=0x0000000066bdf9b1, EFLAGS=0x0000000000010202

Top of Stack: (sp=0x0000000019f9f120)
0x0000000019f9f120:   00000000170c3ed8 00000000547ab6d5
0x0000000019f9f130:   0000000017221dd0 0000000000000000
0x0000000019f9f140:   00000000170c3f08 00000000172b3e78
0x0000000019f9f150:   00000000d693e030 000000001731f900
0x0000000019f9f160:   0000000019f9f1f8 0000000002af5e34
0x0000000019f9f170:   0000000019dd1d60 0000000066be65af
0x0000000019f9f180:   00000000191bb1f8 0000000019f9f220
0x0000000019f9f190:   00000000191bb000 0000000000000000
0x0000000019f9f1a0:   00000000172b1448 00000000d693dfd8
0x0000000019f9f1b0:   000000001731f900 0000000019f9f1b8
0x0000000019f9f1c0:   0000000000000000 0000000019f9f230
0x0000000019f9f1d0:   00000000172b5348 0000000000000000
0x0000000019f9f1e0:   00000000172b3e78 0000000000000000
0x0000000019f9f1f0:   0000000019f9f218 0000000019f9f278
0x0000000019f9f200:   0000000002ae7ced 0000000000000000
0x0000000019f9f210:   0000000002aef978 0000000000000000 

Instructions: (pc=0x0000000066bdf9b1)
0x0000000066bdf991:   7c 24 40 48 83 c4 58 5b 5e 5f 5d c3 90 66 90 55
0x0000000066bdf9a1:   57 56 53 48 83 ec 28 48 8b 41 58 48 89 cb 89 d6
0x0000000066bdf9b1:   f6 80 98 92 01 00 02 0f 85 d1 00 00 00 39 33 0f
0x0000000066bdf9c1:   84 c0 00 00 00 89 33 48 89 d9 e8 e0 f5 ff ff 8b 


Register to memory mapping:

RAX=0x0000000000000000 is an unknown value
RBX=0x0000000019dd1d60 is an unknown value
RCX=0x0000000019dd1d60 is an unknown value
RDX=0x0000000000000000 is an unknown value
RSP=0x0000000019f9f120 is pointing into the stack for thread: 0x00000000191bb000
RBP=0x0000000019f9f1f8 is pointing into the stack for thread: 0x00000000191bb000
RSI=0x0000000000000000 is an unknown value
RDI=0x000000001731f900 is pointing into metadata
R8 =0x0000000019dd1d60 is an unknown value
R9 =0x0000000000000000 is an unknown value
R10=0x0000000002af5e08 is at code_begin+840 in an Interpreter codelet
method entry point (kind = native)  [0x0000000002af5ac0, 0x0000000002af6420]  2400 bytes
R11=0x0000000054877ca0 is an unknown value
R12=0x0000000000000000 is an unknown value
R13={method} {0x00000000172b3e80} 'jniSetType' '(JI)V' in 'com/badlogic/gdx/physics/box2d/Body'
R14=0x0000000019f9f230 is pointing into the stack for thread: 0x00000000191bb000
R15=0x00000000191bb000 is a thread


Stack: [0x0000000019ea0000,0x0000000019fa0000],  sp=0x0000000019f9f120,  free space=1020k
Native frames: (J=compiled Java code, j=interpreted, Vv=VM code, C=native code)
C  [gdx-box2d64.dll+0x1f9b1]
C  0x0000000002af5e34

Java frames: (J=compiled Java code, j=interpreted, Vv=VM code)
j  com.badlogic.gdx.physics.box2d.Body.jniSetType(JI)V+0
j  com.badlogic.gdx.physics.box2d.Body.setType(Lcom/badlogic/gdx/physics/box2d/BodyDef$BodyType;)V+9
j  com.cutthe.rope.PantallaJuego.logicaJuego(F)V+123
j  com.cutthe.rope.PantallaJuego.render(F)V+109
j  com.badlogic.gdx.Game.render()V+19
j  com.badlogic.gdx.backends.lwjgl.LwjglApplication.mainLoop()V+698
j  com.badlogic.gdx.backends.lwjgl.LwjglApplication$1.run()V+27
v  ~StubRoutines::call_stub

---------------  P R O C E S S  ---------------

Java Threads: ( => current thread )
  0x000000001a1fe000 JavaThread "LWJGL Timer" daemon [_thread_blocked, id=11876, stack(0x000000001a9f0000,0x000000001aaf0000)]
  0x00000000029e2800 JavaThread "DestroyJavaVM" [_thread_blocked, id=4328, stack(0x00000000028e0000,0x00000000029e0000)]
=>0x00000000191bb000 JavaThread "LWJGL Application" [_thread_in_native, id=11596, stack(0x0000000019ea0000,0x0000000019fa0000)]
  0x000000001769e800 JavaThread "Service Thread" daemon [_thread_blocked, id=9944, stack(0x00000000192a0000,0x00000000193a0000)]
  0x0000000017644000 JavaThread "C1 CompilerThread2" daemon [_thread_blocked, id=5864, stack(0x0000000018da0000,0x0000000018ea0000)]
  0x0000000017641000 JavaThread "C2 CompilerThread1" daemon [_thread_in_native, id=8584, stack(0x0000000018ca0000,0x0000000018da0000)]
  0x000000001763f000 JavaThread "C2 CompilerThread0" daemon [_thread_blocked, id=4084, stack(0x0000000018ba0000,0x0000000018ca0000)]
  0x000000001763d800 JavaThread "Attach Listener" daemon [_thread_blocked, id=3260, stack(0x0000000018aa0000,0x0000000018ba0000)]
  0x000000001763c800 JavaThread "Signal Dispatcher" daemon [_thread_blocked, id=7752, stack(0x00000000189a0000,0x0000000018aa0000)]
  0x0000000017608800 JavaThread "Finalizer" daemon [_thread_blocked, id=6016, stack(0x00000000188a0000,0x00000000189a0000)]
  0x0000000002ad2800 JavaThread "Reference Handler" daemon [_thread_blocked, id=10380, stack(0x00000000187a0000,0x00000000188a0000)]

Other Threads:
  0x0000000017607000 VMThread [stack: 0x00000000186a0000,0x00000000187a0000] [id=13912]
  0x0000000018ede800 WatcherThread [stack: 0x00000000193a0000,0x00000000194a0000] [id=11528]

VM state:not at safepoint (normal execution)

VM Mutex/Monitor currently owned by a thread: None

Heap:
 PSYoungGen      total 38400K, used 15766K [0x00000000d5d00000, 0x00000000d8780000, 0x0000000100000000)
  eden space 33280K, 47% used [0x00000000d5d00000,0x00000000d6c65ad0,0x00000000d7d80000)
  from space 5120K, 0% used [0x00000000d8280000,0x00000000d8280000,0x00000000d8780000)
  to   space 5120K, 0% used [0x00000000d7d80000,0x00000000d7d80000,0x00000000d8280000)
 ParOldGen       total 87552K, used 0K [0x0000000081600000, 0x0000000086b80000, 0x00000000d5d00000)
  object space 87552K, 0% used [0x0000000081600000,0x0000000081600000,0x0000000086b80000)
 Metaspace       used 7281K, capacity 7491K, committed 7680K, reserved 1056768K
  class space    used 682K, capacity 720K, committed 768K, reserved 1048576K

Card table byte_map: [0x0000000011ea0000,0x00000000122a0000] byte_map_base: 0x0000000011a95000

Marking Bits: (ParMarkBitMap*) 0x0000000054e54040
 Begin Bits: [0x0000000012950000, 0x00000000148f8000)
 End Bits:   [0x00000000148f8000, 0x00000000168a0000)

Polling page: 0x00000000027e0000

CodeCache: size=245760Kb used=2720Kb max_used=2720Kb free=243039Kb
 bounds [0x0000000002ae0000, 0x0000000002d90000, 0x0000000011ae0000]
 total_blobs=1195 nmethods=703 adapters=405
 compilation: enabled

Compilation events (10 events):
Event: 3.271 Thread 0x0000000017644000 nmethod 697 0x0000000002d81b90 code [0x0000000002d81ce0, 0x0000000002d81e90]
Event: 3.271 Thread 0x0000000017644000  698       3       com.badlogic.gdx.graphics.g2d.BitmapFont$BitmapFontData::setGlyph (42 bytes)
Event: 3.272 Thread 0x0000000017644000 nmethod 698 0x0000000002d81290 code [0x0000000002d81420, 0x0000000002d81930]
Event: 3.272 Thread 0x000000001763f000  699       4       java.util.StringTokenizer::skipDelimiters (116 bytes)
Event: 3.275 Thread 0x0000000017644000  701       3       java.util.StringTokenizer::setMaxDelimCodePoint (156 bytes)
Event: 3.276 Thread 0x0000000017644000 nmethod 701 0x0000000002d80190 code [0x0000000002d80380, 0x0000000002d80e68]
Event: 3.276 Thread 0x0000000017641000 nmethod 696 0x0000000002d85d10 code [0x0000000002d85e60, 0x0000000002d86158]
Event: 3.276 Thread 0x0000000017641000  700       4       java.util.StringTokenizer::nextToken (92 bytes)
Event: 3.276 Thread 0x0000000017644000  702   !   3       sun.net.www.ParseUtil::decode (316 bytes)
Event: 3.279 Thread 0x000000001763f000 nmethod 699 0x0000000002d863d0 code [0x0000000002d86520, 0x0000000002d86798]

GC Heap History (0 events):
No events

Deoptimization events (1 events):
Event: 3.266 Thread 0x00000000191bb000 Uncommon trap: reason=unstable_if action=reinterpret pc=0x0000000002d80068 method=com.badlogic.gdx.utils.Array.add(Ljava/lang/Object;)V @ 11

Internal exceptions (10 events):
Event: 0.159 Thread 0x00000000029e2800 Exception <a 'java/security/PrivilegedActionException'> (0x00000000d609d2c8) thrown at [C:\re\workspace\8-2-build-windows-amd64-cygwin\jdk8u45\3627\hotspot\src\share\vm\prims\jvm.cpp, line 1382]
Event: 0.159 Thread 0x00000000029e2800 Exception <a 'java/security/PrivilegedActionException'> (0x00000000d609d480) thrown at [C:\re\workspace\8-2-build-windows-amd64-cygwin\jdk8u45\3627\hotspot\src\share\vm\prims\jvm.cpp, line 1382]
Event: 0.160 Thread 0x00000000029e2800 Exception <a 'java/security/PrivilegedActionException'> (0x00000000d60a1218) thrown at [C:\re\workspace\8-2-build-windows-amd64-cygwin\jdk8u45\3627\hotspot\src\share\vm\prims\jvm.cpp, line 1382]
Event: 0.160 Thread 0x00000000029e2800 Exception <a 'java/security/PrivilegedActionException'> (0x00000000d60a13d0) thrown at [C:\re\workspace\8-2-build-windows-amd64-cygwin\jdk8u45\3627\hotspot\src\share\vm\prims\jvm.cpp, line 1382]
Event: 0.277 Thread 0x00000000029e2800 Exception <a 'java/security/PrivilegedActionException'> (0x00000000d61daae0) thrown at [C:\re\workspace\8-2-build-windows-amd64-cygwin\jdk8u45\3627\hotspot\src\share\vm\prims\jvm.cpp, line 1382]
Event: 0.277 Thread 0x00000000029e2800 Exception <a 'java/security/PrivilegedActionException'> (0x00000000d61dc708) thrown at [C:\re\workspace\8-2-build-windows-amd64-cygwin\jdk8u45\3627\hotspot\src\share\vm\prims\jvm.cpp, line 1382]
Event: 0.277 Thread 0x00000000029e2800 Exception <a 'java/security/PrivilegedActionException'> (0x00000000d61dd7c8) thrown at [C:\re\workspace\8-2-build-windows-amd64-cygwin\jdk8u45\3627\hotspot\src\share\vm\prims\jvm.cpp, line 1382]
Event: 0.278 Thread 0x00000000029e2800 Exception <a 'java/security/PrivilegedActionException'> (0x00000000d61e27c0) thrown at [C:\re\workspace\8-2-build-windows-amd64-cygwin\jdk8u45\3627\hotspot\src\share\vm\prims\jvm.cpp, line 1382]
Event: 0.278 Thread 0x00000000029e2800 Exception <a 'java/security/PrivilegedActionException'> (0x00000000d61e3368) thrown at [C:\re\workspace\8-2-build-windows-amd64-cygwin\jdk8u45\3627\hotspot\src\share\vm\prims\jvm.cpp, line 1382]
Event: 0.278 Thread 0x00000000029e2800 Exception <a 'java/security/PrivilegedActionException'> (0x00000000d61e3ee0) thrown at [C:\re\workspace\8-2-build-windows-amd64-cygwin\jdk8u45\3627\hotspot\src\share\vm\prims\jvm.cpp, line 1382]

Events (10 events):
Event: 0.722 loading class org/lwjgl/opengl/Sync
Event: 0.722 loading class org/lwjgl/opengl/Sync done
Event: 0.723 loading class org/lwjgl/opengl/Sync$RunningAvg
Event: 0.723 loading class org/lwjgl/opengl/Sync$RunningAvg done
Event: 0.724 loading class org/lwjgl/opengl/Sync$1
Event: 0.724 loading class org/lwjgl/opengl/Sync$1 done
Event: 0.724 Thread 0x000000001a1fe000 Thread added: 0x000000001a1fe000
Event: 3.266 Thread 0x00000000191bb000 Uncommon trap: trap_request=0xffffff65 fr.pc=0x0000000002d80068
Event: 3.266 Thread 0x00000000191bb000 DEOPT PACKING pc=0x0000000002d80068 sp=0x0000000019f9ee50
Event: 3.266 Thread 0x00000000191bb000 DEOPT UNPACKING pc=0x0000000002b2582a sp=0x0000000019f9edf8 mode 2


Dynamic libraries:
0x00007ff6a8980000 - 0x00007ff6a89b7000 	C:\Program Files\Java\jdk1.8.0_45\bin\java.exe
0x00007ffa498b0000 - 0x00007ffa49a71000 	C:\WINDOWS\SYSTEM32\ntdll.dll
0x00007ffa492f0000 - 0x00007ffa4939d000 	C:\WINDOWS\system32\KERNEL32.DLL
0x00007ffa46aa0000 - 0x00007ffa46c88000 	C:\WINDOWS\system32\KERNELBASE.dll
0x00007ffa49240000 - 0x00007ffa492e7000 	C:\WINDOWS\system32\ADVAPI32.dll
0x00007ffa48f00000 - 0x00007ffa48f9d000 	C:\WINDOWS\system32\msvcrt.dll
0x00007ffa491e0000 - 0x00007ffa4923b000 	C:\WINDOWS\system32\sechost.dll
0x00007ffa47320000 - 0x00007ffa4743c000 	C:\WINDOWS\system32\RPCRT4.dll
0x00007ffa471c0000 - 0x00007ffa47316000 	C:\WINDOWS\system32\USER32.dll
0x00007ffa495a0000 - 0x00007ffa49726000 	C:\WINDOWS\system32\GDI32.dll
0x00007ffa3bbf0000 - 0x00007ffa3be64000 	C:\WINDOWS\WinSxS\amd64_microsoft.windows.common-controls_6595b64144ccf1df_6.0.10586.0_none_8c15ae12515e1c22\COMCTL32.dll
0x00007ffa48b70000 - 0x00007ffa48ded000 	C:\WINDOWS\system32\combase.dll
0x00007ffa465b0000 - 0x00007ffa4661a000 	C:\WINDOWS\system32\bcryptPrimitives.dll
0x00007ffa493a0000 - 0x00007ffa493db000 	C:\WINDOWS\system32\IMM32.DLL
0x00007ffa45b50000 - 0x00007ffa45b7d000 	C:\WINDOWS\SYSTEM32\SspiCli.dll
0x00007ffa453c0000 - 0x00007ffa453f1000 	C:\WINDOWS\SYSTEM32\ntmarta.dll
0x0000000054570000 - 0x0000000054642000 	C:\Program Files\Java\jdk1.8.0_45\jre\bin\msvcr100.dll
0x0000000054650000 - 0x0000000054ed3000 	C:\Program Files\Java\jdk1.8.0_45\jre\bin\server\jvm.dll
0x00007ffa49840000 - 0x00007ffa49848000 	C:\WINDOWS\system32\PSAPI.DLL
0x00007ffa44160000 - 0x00007ffa44183000 	C:\WINDOWS\SYSTEM32\WINMM.dll
0x00007ffa38730000 - 0x00007ffa38739000 	C:\WINDOWS\SYSTEM32\WSOCK32.dll
0x00007ffa3bb50000 - 0x00007ffa3bb5a000 	C:\WINDOWS\SYSTEM32\VERSION.dll
0x00007ffa48fa0000 - 0x00007ffa4900b000 	C:\WINDOWS\system32\WS2_32.dll
0x0000000002870000 - 0x000000000289c000 	C:\WINDOWS\SYSTEM32\WINMMBASE.dll
0x00007ffa46710000 - 0x00007ffa46753000 	C:\WINDOWS\system32\cfgmgr32.dll
0x0000000054520000 - 0x000000005452f000 	C:\Program Files\Java\jdk1.8.0_45\jre\bin\verify.dll
0x00000000544f0000 - 0x0000000054519000 	C:\Program Files\Java\jdk1.8.0_45\jre\bin\java.dll
0x00000000544d0000 - 0x00000000544e6000 	C:\Program Files\Java\jdk1.8.0_45\jre\bin\zip.dll
0x00007ffa47610000 - 0x00007ffa48b6c000 	C:\WINDOWS\system32\SHELL32.dll
0x00007ffa45f60000 - 0x00007ffa465a4000 	C:\WINDOWS\system32\windows.storage.dll
0x00007ffa49850000 - 0x00007ffa498a2000 	C:\WINDOWS\system32\shlwapi.dll
0x00007ffa45ee0000 - 0x00007ffa45eef000 	C:\WINDOWS\system32\kernel.appcore.dll
0x00007ffa46930000 - 0x00007ffa469e5000 	C:\WINDOWS\system32\shcore.dll
0x00007ffa45ef0000 - 0x00007ffa45f3b000 	C:\WINDOWS\system32\powrprof.dll
0x00007ffa45f40000 - 0x00007ffa45f54000 	C:\WINDOWS\system32\profapi.dll
0x0000000065580000 - 0x0000000065616000 	C:\Users\luisd\AppData\Local\Temp\libgdxluisd\2ec99cb7\gdx64.dll
0x00007ffa45850000 - 0x00007ffa45867000 	C:\WINDOWS\SYSTEM32\CRYPTSP.dll
0x00007ffa454e0000 - 0x00007ffa45514000 	C:\WINDOWS\system32\rsaenh.dll
0x00007ffa45e00000 - 0x00007ffa45e29000 	C:\WINDOWS\SYSTEM32\bcrypt.dll
0x00007ffa45630000 - 0x00007ffa4564f000 	C:\WINDOWS\SYSTEM32\USERENV.dll
0x00007ffa45970000 - 0x00007ffa4597b000 	C:\WINDOWS\SYSTEM32\CRYPTBASE.dll
0x00000000544b0000 - 0x00000000544ca000 	C:\Program Files\Java\jdk1.8.0_45\jre\bin\net.dll
0x00007ffa457a0000 - 0x00007ffa457fc000 	C:\WINDOWS\system32\mswsock.dll
0x00007ffa42050000 - 0x00007ffa42088000 	C:\WINDOWS\SYSTEM32\IPHLPAPI.DLL
0x00007ffa470e0000 - 0x00007ffa470e8000 	C:\WINDOWS\system32\NSI.dll
0x00007ffa3d070000 - 0x00007ffa3d086000 	C:\WINDOWS\SYSTEM32\dhcpcsvc6.DLL
0x00007ffa3f720000 - 0x00007ffa3f73a000 	C:\WINDOWS\SYSTEM32\dhcpcsvc.DLL
0x0000000054490000 - 0x00000000544a1000 	C:\Program Files\Java\jdk1.8.0_45\jre\bin\nio.dll
0x0000000180000000 - 0x0000000180053000 	C:\Users\luisd\AppData\Local\Temp\libgdxluisd\dc0f0009\lwjgl64.dll
0x00007ffa2ac20000 - 0x00007ffa2ad49000 	C:\WINDOWS\SYSTEM32\OPENGL32.dll
0x00007ffa25980000 - 0x00007ffa25a7a000 	C:\WINDOWS\SYSTEM32\DDRAW.dll
0x00007ffa3ed30000 - 0x00007ffa3ed5e000 	C:\WINDOWS\SYSTEM32\GLU32.dll
0x00007ffa3f520000 - 0x00007ffa3f528000 	C:\WINDOWS\SYSTEM32\DCIMAN32.dll
0x00000000197e0000 - 0x0000000019844000 	C:\Users\luisd\AppData\Local\Temp\libgdxluisd\dc0f0009\OpenAL64.dll
0x00007ffa49450000 - 0x00007ffa49593000 	C:\WINDOWS\system32\ole32.dll
0x00007ffa44850000 - 0x00007ffa448e6000 	C:\WINDOWS\system32\uxtheme.dll
0x00007ffa48df0000 - 0x00007ffa48e97000 	C:\WINDOWS\system32\clbcatq.dll
0x00007ffa43e60000 - 0x00007ffa43fe6000 	C:\WINDOWS\System32\PROPSYS.dll
0x00007ffa470f0000 - 0x00007ffa471b1000 	C:\WINDOWS\system32\OLEAUT32.dll
0x00007ffa2e2d0000 - 0x00007ffa2e36c000 	C:\WINDOWS\SYSTEM32\dsound.dll
0x00007ffa41fe0000 - 0x00007ffa42050000 	C:\WINDOWS\System32\MMDevApi.dll
0x00007ffa449c0000 - 0x00007ffa449e7000 	C:\WINDOWS\System32\DEVOBJ.dll
0x00007ffa40150000 - 0x00007ffa401d8000 	C:\WINDOWS\SYSTEM32\AUDIOSES.DLL
0x00007ffa3ffd0000 - 0x00007ffa40106000 	C:\WINDOWS\SYSTEM32\wintypes.dll
0x00007ffa49010000 - 0x00007ffa4916a000 	C:\WINDOWS\system32\MSCTF.dll
0x00007ffa43ff0000 - 0x00007ffa44012000 	C:\WINDOWS\system32\dwmapi.dll
0x00007ffa17ff0000 - 0x00007ffa18c74000 	C:\WINDOWS\SYSTEM32\ig4icd64.dll
0x00007ffa36b80000 - 0x00007ffa36c11000 	C:\WINDOWS\SYSTEM32\mscms.dll
0x00007ffa2e280000 - 0x00007ffa2e2c2000 	C:\WINDOWS\SYSTEM32\icm32.dll
0x0000000066bc0000 - 0x0000000066c7b000 	C:\Users\luisd\AppData\Local\Temp\libgdxluisd\4d3c1ee0\gdx-box2d64.dll
0x00007ffa27e20000 - 0x00007ffa27fac000 	C:\WINDOWS\SYSTEM32\dbghelp.dll

VM Arguments:
jvm_args: -Dfile.encoding=windows-1252 -Duser.country=419 -Duser.language=es -Duser.variant 
java_command: com.cutthe.rope.desktop.DesktopLauncher
java_class_path (initial): C:\Users\luisd\Documents\tareas\Programación III\Proyecto\CutTheRope\desktop\build\classes\main;C:\Users\luisd\Documents\tareas\Programación III\Proyecto\CutTheRope\desktop\build\resources\main;C:\Users\luisd\Documents\tareas\Programación III\Proyecto\CutTheRope\core\build\libs\core-1.0.jar;C:\Users\luisd\.gradle\caches\modules-2\files-2.1\com.badlogicgames.gdx\gdx-backend-lwjgl\1.9.2\d710a8704ed584ec2ba9ca52e3a6a5885dd759cc\gdx-backend-lwjgl-1.9.2.jar;C:\Users\luisd\.gradle\caches\modules-2\files-2.1\com.badlogicgames.gdx\gdx-platform\1.9.2\dde4cf7e9ce61c24042f512203aed87657496639\gdx-platform-1.9.2-natives-desktop.jar;C:\Users\luisd\.gradle\caches\modules-2\files-2.1\com.badlogicgames.gdx\gdx-box2d-platform\1.9.2\497cbfbf81e7e8b1e8433b19291c5af4bbc2ec66\gdx-box2d-platform-1.9.2-natives-desktop.jar;C:\Users\luisd\.gradle\caches\modules-2\files-2.1\com.badlogicgames.gdx\gdx-freetype-platform\1.9.2\1e1afb0b6c9e8aeb7d495cb8f55c353d3da58cf0\gdx-freetype-platform-1.9.2-natives-desktop.jar;C:\Users\luisd\.gradle\caches\modules-2\files-2.1\com.badlogicgames.gdx\gdx-tools\1.9.2\37d8e3009ae0febdf93717b21980c67c8cadac07\gdx-tools-1.9.2.jar;C:\Users\luisd\.gradle\caches\modules-2\files-2.1\com.badlogicgames.gdx\gdx\1.9.2\e641cb91bec06bc64d9ddf7a7d7062caceec73cd\gdx-1.9.2.jar;C:\Users\luisd\.gradle\caches\modules-2\files-2.1\com.badlogicgames.gdx\gdx-box2d\1.9.2\b78eaa90aaaf7830e6dffff587ea6e859c2787b2\gdx-box2d-1.9.2.jar;C:\Users\luisd\.gradle\caches\modules-2\files-2.1\com.badlogicgames.gdx\gdx-freetype\1.9.2\3609253d14edb1b3ca5aacff4e06989edde75be4\gdx-freetype-1.9.2.jar;C:\Users\luisd\.gradle\caches\modules-2\files-2.1\com.badlogicgames.box2dlights\box2dlights\1.4\3d77ad5b4164fb32fc67e2446e35911bb0aaf0bd\box2dlights-1.4.jar;C:\Users\luisd\.gradle\caches\modules-2\files-2.1\com.badlogicgames.ashley\ashley\1.7.0\a7c4083c0a42027a3c03ba7ccecef6cbe1c5f0a4\ashley-1.7.0.jar;C:\Users\luisd\.gradle\caches\modules-2\files-2.1\org.lwjgl.lwjgl\lwjgl\2.9.2\
Launcher Type: SUN_STANDARD

Environment Variables:
JAVA_HOME=C:\Program Files\Java\jdk1.8.0_45
CLASSPATH=.;.;
PATH=C:\WINDOWS\system32;C:\WINDOWS;C:\WINDOWS\System32\Wbem;C:\WINDOWS\System32\WindowsPowerShell\v1.0\;C:\ffmpeg\bin;C:\MinGW\bin;C:\Program Files (x86)\Nmap;"C:\Program Files\Java\jdk1.8.0_45\bin";C:\Users\luisd\AppData\Local\atom\bin
USERNAME=luisd
OS=Windows_NT
PROCESSOR_IDENTIFIER=Intel64 Family 6 Model 42 Stepping 7, GenuineIntel



---------------  S Y S T E M  ---------------

OS: Windows 10.0 , 64 bit Build 10586 (10.0.10586.0)

CPU:total 4 (2 cores per cpu, 2 threads per core) family 6 model 42 stepping 7, cmov, cx8, fxsr, mmx, sse, sse2, sse3, ssse3, sse4.1, sse4.2, popcnt, avx, aes, clmul, ht, tsc, tscinvbit

Memory: 4k page, physical 8293556k(3353408k free), swap 16682164k(9707360k free)

vm_info: Java HotSpot(TM) 64-Bit Server VM (25.45-b02) for windows-amd64 JRE (1.8.0_45-b15), built on Apr 30 2015 12:40:44 by "java_re" with MS VC++ 10.0 (VS2010)

time: Mon Jun 20 18:01:28 2016
elapsed time: 3 seconds (0d 0h 0m 3s)

