#
# A fatal error has been detected by the Java Runtime Environment:
#
#  EXCEPTION_ACCESS_VIOLATION (0xc0000005) at pc=0x0000000066be7aa4, pid=7296, tid=9204
#
# JRE version: Java(TM) SE Runtime Environment (8.0_45-b15) (build 1.8.0_45-b15)
# Java VM: Java HotSpot(TM) 64-Bit Server VM (25.45-b02 mixed mode windows-amd64 compressed oops)
# Problematic frame:
# C  [gdx-box2d64.dll+0x27aa4]
#
# Failed to write core dump. Minidumps are not enabled by default on client versions of Windows
#
# If you would like to submit a bug report, please visit:
#   http://bugreport.java.com/bugreport/crash.jsp
# The crash happened outside the Java Virtual Machine in native code.
# See problematic frame for where to report the bug.
#

---------------  T H R E A D  ---------------

Current thread (0x0000000018a17000):  JavaThread "LWJGL Application" [_thread_in_native, id=9204, stack(0x0000000019630000,0x0000000019730000)]

siginfo: ExceptionCode=0xc0000005, reading address 0x0000000000000008

Registers:
RAX=0x0000000000000000, RBX=0x0000000016b601d8, RCX=0x0000000018a171f8, RDX=0x000000001972ed30
RSP=0x000000001972ed08, RBP=0x000000001972ed70, RSI=0x00000000d69001e8, RDI=0x0000000016b5c118
R8 =0x0000000019565a70, R9 =0x00000000d68e9e00, R10=0x000000000256a9fb, R11=0x0000000002579fc0
R12=0x0000000000000000, R13=0x000000001972eff0, R14=0x0000000000000000, R15=0x0000000018a17000
RIP=0x0000000066be7aa4, EFLAGS=0x0000000000010246

Top of Stack: (sp=0x000000001972ed08)
0x000000001972ed08:   000000000256aa75 000000001972ed80
0x000000001972ed18:   0000000016b1e410 0000000000000000
0x000000001972ed28:   0000000016b1c898 00000000d69001e8
0x000000001972ed38:   000000005479068c 000000001972edc8
0x000000001972ed48:   0000000002327ced 0000000000000000
0x000000001972ed58:   0000000000000000 0000000018a17000
0x000000001972ed68:   0000000000000000 000000001972f040
0x000000001972ed78:   000000000256a4e4 0000000018a171f8
0x000000001972ed88:   000000005479068c 00000000d67e8e20
0x000000001972ed98:   00000000d672ae00 00000000000007d8
0x000000001972eda8:   0000000000000000 000000001972f040
0x000000001972edb8:   000000000258237c 3f80000000000000
0x000000001972edc8:   8000000000000000 0000000018a171f8
0x000000001972edd8:   00000000547ab6d5 00000000d6825440
0x000000001972ede8:   00000000d68253e0 0000000000000010
0x000000001972edf8:   0000000000000000 0000000018a17000 

Instructions: (pc=0x0000000066be7aa4)
0x0000000066be7a84:   31 c3 66 2e 0f 1f 84 00 00 00 00 00 45 84 c9 41
0x0000000066be7a94:   0f 95 40 31 c3 90 90 90 90 90 90 90 49 8b 40 18
0x0000000066be7aa4:   8b 50 08 b8 ff ff ff ff 83 fa 03 77 0a 48 8d 05
0x0000000066be7ab4:   28 13 03 00 8b 04 90 f3 c3 0f 1f 00 49 8b 40 18 


Register to memory mapping:

RAX=0x0000000000000000 is an unknown value
RBX=0x0000000016b601d8 is pointing into metadata
RCX=0x0000000018a171f8 is an unknown value
RDX=0x000000001972ed30 is pointing into the stack for thread: 0x0000000018a17000
RSP=0x000000001972ed08 is pointing into the stack for thread: 0x0000000018a17000
RBP=0x000000001972ed70 is pointing into the stack for thread: 0x0000000018a17000
RSI=0x00000000d69001e8 is an oop
com.badlogic.gdx.physics.box2d.Fixture 
 - klass: 'com/badlogic/gdx/physics/box2d/Fixture'
RDI=0x0000000016b5c118 is pointing into metadata
R8 =0x0000000019565a70 is an unknown value
R9 =0x00000000d68e9e00 is an oop
com.badlogic.gdx.physics.box2d.Transform 
 - klass: 'com/badlogic/gdx/physics/box2d/Transform'
R10=0x000000000256a9fb is at entry_point+59 in (nmethod*)0x000000000256a850
R11=0x0000000002579fc0 is at entry_point+32 in (nmethod*)0x0000000002579d10
R12=0x0000000000000000 is an unknown value
R13=0x000000001972eff0 is pointing into the stack for thread: 0x0000000018a17000
R14=0x0000000000000000 is an unknown value
R15=0x0000000018a17000 is a thread


Stack: [0x0000000019630000,0x0000000019730000],  sp=0x000000001972ed08,  free space=1019k
Native frames: (J=compiled Java code, j=interpreted, Vv=VM code, C=native code)
C  [gdx-box2d64.dll+0x27aa4]
C  0x000000000256aa75

Java frames: (J=compiled Java code, j=interpreted, Vv=VM code)
J 522  com.badlogic.gdx.physics.box2d.Fixture.jniGetType(J)I (0 bytes) @ 0x000000000256a9fb [0x000000000256a9c0+0x3b]
J 521 C1 com.badlogic.gdx.physics.box2d.Fixture.getType()Lcom/badlogic/gdx/physics/box2d/Shape$Type; (66 bytes) @ 0x000000000256a4e4 [0x000000000256a460+0x84]
J 573 C1 com.badlogic.gdx.physics.box2d.Box2DDebugRenderer.drawShape(Lcom/badlogic/gdx/physics/box2d/Fixture;Lcom/badlogic/gdx/physics/box2d/Transform;Lcom/badlogic/gdx/graphics/Color;)V (297 bytes) @ 0x000000000258237c [0x00000000025822e0+0x9c]
J 552 C1 com.badlogic.gdx.physics.box2d.Box2DDebugRenderer.renderBody(Lcom/badlogic/gdx/physics/box2d/Body;)V (102 bytes) @ 0x000000000257a694 [0x0000000002579fa0+0x6f4]
j  com.badlogic.gdx.physics.box2d.Box2DDebugRenderer.renderBodies(Lcom/badlogic/gdx/physics/box2d/World;)V+73
j  com.badlogic.gdx.physics.box2d.Box2DDebugRenderer.render(Lcom/badlogic/gdx/physics/box2d/World;Lcom/badlogic/gdx/math/Matrix4;)V+10
j  com.cutthe.rope.PantallaJuego.render(F)V+158
j  com.badlogic.gdx.Game.render()V+19
j  com.badlogic.gdx.backends.lwjgl.LwjglApplication.mainLoop()V+698
j  com.badlogic.gdx.backends.lwjgl.LwjglApplication$1.run()V+27
v  ~StubRoutines::call_stub

---------------  P R O C E S S  ---------------

Java Threads: ( => current thread )
  0x0000000018a16800 JavaThread "LWJGL Timer" daemon [_thread_blocked, id=12832, stack(0x000000001a550000,0x000000001a650000)]
  0x0000000018a15800 JavaThread "DestroyJavaVM" [_thread_blocked, id=12672, stack(0x0000000002120000,0x0000000002220000)]
=>0x0000000018a17000 JavaThread "LWJGL Application" [_thread_in_native, id=9204, stack(0x0000000019630000,0x0000000019730000)]
  0x0000000016edd800 JavaThread "Service Thread" daemon [_thread_blocked, id=12796, stack(0x0000000018ae0000,0x0000000018be0000)]
  0x0000000016e84800 JavaThread "C1 CompilerThread2" daemon [_thread_blocked, id=11808, stack(0x00000000185e0000,0x00000000186e0000)]
  0x0000000016e81800 JavaThread "C2 CompilerThread1" daemon [_thread_blocked, id=12884, stack(0x00000000184e0000,0x00000000185e0000)]
  0x0000000016e7f800 JavaThread "C2 CompilerThread0" daemon [_thread_in_native, id=8456, stack(0x00000000183e0000,0x00000000184e0000)]
  0x0000000016e7e000 JavaThread "Attach Listener" daemon [_thread_blocked, id=7364, stack(0x00000000182e0000,0x00000000183e0000)]
  0x0000000016e7c800 JavaThread "Signal Dispatcher" daemon [_thread_blocked, id=4964, stack(0x00000000181e0000,0x00000000182e0000)]
  0x0000000016e49000 JavaThread "Finalizer" daemon [_thread_blocked, id=6560, stack(0x00000000180e0000,0x00000000181e0000)]
  0x0000000002311800 JavaThread "Reference Handler" daemon [_thread_blocked, id=12064, stack(0x0000000017fe0000,0x00000000180e0000)]

Other Threads:
  0x0000000016e47000 VMThread [stack: 0x0000000017ee0000,0x0000000017fe0000] [id=3492]
  0x000000001870c800 WatcherThread [stack: 0x0000000018be0000,0x0000000018ce0000] [id=3012]

VM state:not at safepoint (normal execution)

VM Mutex/Monitor currently owned by a thread: None

Heap:
 PSYoungGen      total 38400K, used 15754K [0x00000000d5d00000, 0x00000000d8780000, 0x0000000100000000)
  eden space 33280K, 47% used [0x00000000d5d00000,0x00000000d6c629a0,0x00000000d7d80000)
  from space 5120K, 0% used [0x00000000d8280000,0x00000000d8280000,0x00000000d8780000)
  to   space 5120K, 0% used [0x00000000d7d80000,0x00000000d7d80000,0x00000000d8280000)
 ParOldGen       total 87552K, used 0K [0x0000000081600000, 0x0000000086b80000, 0x00000000d5d00000)
  object space 87552K, 0% used [0x0000000081600000,0x0000000081600000,0x0000000086b80000)
 Metaspace       used 7282K, capacity 7491K, committed 7680K, reserved 1056768K
  class space    used 686K, capacity 720K, committed 768K, reserved 1048576K

Card table byte_map: [0x00000000116e0000,0x0000000011ae0000] byte_map_base: 0x00000000112d5000

Marking Bits: (ParMarkBitMap*) 0x0000000054e54040
 Begin Bits: [0x0000000012190000, 0x0000000014138000)
 End Bits:   [0x0000000014138000, 0x00000000160e0000)

Polling page: 0x0000000002080000

CodeCache: size=245760Kb used=2739Kb max_used=2739Kb free=243020Kb
 bounds [0x0000000002320000, 0x00000000025d0000, 0x0000000011320000]
 total_blobs=1197 nmethods=703 adapters=405
 compilation: enabled

Compilation events (10 events):
Event: 3.556 Thread 0x0000000016e81800  698       4       java.util.StringTokenizer::skipDelimiters (116 bytes)
Event: 3.556 Thread 0x0000000016e84800 nmethod 697 0x00000000025c0990 code [0x00000000025c0b20, 0x00000000025c1030]
Event: 3.560 Thread 0x0000000016e84800  700       3       java.util.StringTokenizer::setMaxDelimCodePoint (156 bytes)
Event: 3.564 Thread 0x0000000016e84800 nmethod 700 0x00000000025c2910 code [0x00000000025c2b00, 0x00000000025c35e8]
Event: 3.565 Thread 0x0000000016e84800  701   !   3       sun.net.www.ParseUtil::decode (316 bytes)
Event: 3.571 Thread 0x0000000016e7f800 nmethod 695 0x00000000025c02d0 code [0x00000000025c0420, 0x00000000025c0718]
Event: 3.571 Thread 0x0000000016e7f800  699       4       java.util.StringTokenizer::nextToken (92 bytes)
Event: 3.575 Thread 0x0000000016e81800 nmethod 698 0x00000000025bfc90 code [0x00000000025bfde0, 0x00000000025c0058]
Event: 3.578 Thread 0x0000000016e84800 nmethod 701 0x00000000025c6910 code [0x00000000025c6e00, 0x00000000025ca4d8]
Event: 3.580 Thread 0x0000000016e84800  702       3       com.badlogic.gdx.graphics.Texture::getWidth (10 bytes)

GC Heap History (0 events):
No events

Deoptimization events (1 events):
Event: 3.539 Thread 0x0000000018a17000 Uncommon trap: reason=unstable_if action=reinterpret pc=0x00000000025b9ea8 method=com.badlogic.gdx.utils.Array.add(Ljava/lang/Object;)V @ 11

Internal exceptions (10 events):
Event: 0.172 Thread 0x0000000002222800 Exception <a 'java/security/PrivilegedActionException'> (0x00000000d609fb48) thrown at [C:\re\workspace\8-2-build-windows-amd64-cygwin\jdk8u45\3627\hotspot\src\share\vm\prims\jvm.cpp, line 1382]
Event: 0.172 Thread 0x0000000002222800 Exception <a 'java/security/PrivilegedActionException'> (0x00000000d609fd00) thrown at [C:\re\workspace\8-2-build-windows-amd64-cygwin\jdk8u45\3627\hotspot\src\share\vm\prims\jvm.cpp, line 1382]
Event: 0.173 Thread 0x0000000002222800 Exception <a 'java/security/PrivilegedActionException'> (0x00000000d60a3a98) thrown at [C:\re\workspace\8-2-build-windows-amd64-cygwin\jdk8u45\3627\hotspot\src\share\vm\prims\jvm.cpp, line 1382]
Event: 0.173 Thread 0x0000000002222800 Exception <a 'java/security/PrivilegedActionException'> (0x00000000d60a3c50) thrown at [C:\re\workspace\8-2-build-windows-amd64-cygwin\jdk8u45\3627\hotspot\src\share\vm\prims\jvm.cpp, line 1382]
Event: 0.300 Thread 0x0000000002222800 Exception <a 'java/security/PrivilegedActionException'> (0x00000000d61de1e0) thrown at [C:\re\workspace\8-2-build-windows-amd64-cygwin\jdk8u45\3627\hotspot\src\share\vm\prims\jvm.cpp, line 1382]
Event: 0.300 Thread 0x0000000002222800 Exception <a 'java/security/PrivilegedActionException'> (0x00000000d61dfe08) thrown at [C:\re\workspace\8-2-build-windows-amd64-cygwin\jdk8u45\3627\hotspot\src\share\vm\prims\jvm.cpp, line 1382]
Event: 0.300 Thread 0x0000000002222800 Exception <a 'java/security/PrivilegedActionException'> (0x00000000d61e0ec8) thrown at [C:\re\workspace\8-2-build-windows-amd64-cygwin\jdk8u45\3627\hotspot\src\share\vm\prims\jvm.cpp, line 1382]
Event: 0.301 Thread 0x0000000002222800 Exception <a 'java/security/PrivilegedActionException'> (0x00000000d61e5ec0) thrown at [C:\re\workspace\8-2-build-windows-amd64-cygwin\jdk8u45\3627\hotspot\src\share\vm\prims\jvm.cpp, line 1382]
Event: 0.301 Thread 0x0000000002222800 Exception <a 'java/security/PrivilegedActionException'> (0x00000000d61e6a68) thrown at [C:\re\workspace\8-2-build-windows-amd64-cygwin\jdk8u45\3627\hotspot\src\share\vm\prims\jvm.cpp, line 1382]
Event: 0.301 Thread 0x0000000002222800 Exception <a 'java/security/PrivilegedActionException'> (0x00000000d61e75e0) thrown at [C:\re\workspace\8-2-build-windows-amd64-cygwin\jdk8u45\3627\hotspot\src\share\vm\prims\jvm.cpp, line 1382]

Events (10 events):
Event: 0.756 loading class org/lwjgl/opengl/Sync
Event: 0.756 loading class org/lwjgl/opengl/Sync done
Event: 0.757 loading class org/lwjgl/opengl/Sync$RunningAvg
Event: 0.757 loading class org/lwjgl/opengl/Sync$RunningAvg done
Event: 0.758 loading class org/lwjgl/opengl/Sync$1
Event: 0.758 loading class org/lwjgl/opengl/Sync$1 done
Event: 0.758 Thread 0x0000000018a16800 Thread added: 0x0000000018a16800
Event: 3.539 Thread 0x0000000018a17000 Uncommon trap: trap_request=0xffffff65 fr.pc=0x00000000025b9ea8
Event: 3.539 Thread 0x0000000018a17000 DEOPT PACKING pc=0x00000000025b9ea8 sp=0x000000001972ec00
Event: 3.539 Thread 0x0000000018a17000 DEOPT UNPACKING pc=0x000000000236582a sp=0x000000001972eba8 mode 2


Dynamic libraries:
0x00007ff6a8980000 - 0x00007ff6a89b7000 	C:\Program Files\Java\jdk1.8.0_45\bin\java.exe
0x00007ffa498b0000 - 0x00007ffa49a71000 	C:\WINDOWS\SYSTEM32\ntdll.dll
0x00007ffa492f0000 - 0x00007ffa4939d000 	C:\WINDOWS\system32\KERNEL32.DLL
0x00007ffa46aa0000 - 0x00007ffa46c88000 	C:\WINDOWS\system32\KERNELBASE.dll
0x00007ffa49240000 - 0x00007ffa492e7000 	C:\WINDOWS\system32\ADVAPI32.dll
0x00007ffa48f00000 - 0x00007ffa48f9d000 	C:\WINDOWS\system32\msvcrt.dll
0x00007ffa491e0000 - 0x00007ffa4923b000 	C:\WINDOWS\system32\sechost.dll
0x00007ffa47320000 - 0x00007ffa4743c000 	C:\WINDOWS\system32\RPCRT4.dll
0x00007ffa471c0000 - 0x00007ffa47316000 	C:\WINDOWS\system32\USER32.dll
0x00007ffa495a0000 - 0x00007ffa49726000 	C:\WINDOWS\system32\GDI32.dll
0x00007ffa3bbf0000 - 0x00007ffa3be64000 	C:\WINDOWS\WinSxS\amd64_microsoft.windows.common-controls_6595b64144ccf1df_6.0.10586.0_none_8c15ae12515e1c22\COMCTL32.dll
0x00007ffa48b70000 - 0x00007ffa48ded000 	C:\WINDOWS\system32\combase.dll
0x00007ffa465b0000 - 0x00007ffa4661a000 	C:\WINDOWS\system32\bcryptPrimitives.dll
0x00007ffa493a0000 - 0x00007ffa493db000 	C:\WINDOWS\system32\IMM32.DLL
0x00007ffa45b50000 - 0x00007ffa45b7d000 	C:\WINDOWS\SYSTEM32\SspiCli.dll
0x00007ffa453c0000 - 0x00007ffa453f1000 	C:\WINDOWS\SYSTEM32\ntmarta.dll
0x0000000054570000 - 0x0000000054642000 	C:\Program Files\Java\jdk1.8.0_45\jre\bin\msvcr100.dll
0x0000000054650000 - 0x0000000054ed3000 	C:\Program Files\Java\jdk1.8.0_45\jre\bin\server\jvm.dll
0x00007ffa49840000 - 0x00007ffa49848000 	C:\WINDOWS\system32\PSAPI.DLL
0x00007ffa38730000 - 0x00007ffa38739000 	C:\WINDOWS\SYSTEM32\WSOCK32.dll
0x00007ffa44160000 - 0x00007ffa44183000 	C:\WINDOWS\SYSTEM32\WINMM.dll
0x00007ffa48fa0000 - 0x00007ffa4900b000 	C:\WINDOWS\system32\WS2_32.dll
0x00007ffa3bb50000 - 0x00007ffa3bb5a000 	C:\WINDOWS\SYSTEM32\VERSION.dll
0x00007ffa44100000 - 0x00007ffa4412c000 	C:\WINDOWS\SYSTEM32\WINMMBASE.dll
0x00007ffa46710000 - 0x00007ffa46753000 	C:\WINDOWS\system32\cfgmgr32.dll
0x0000000054520000 - 0x000000005452f000 	C:\Program Files\Java\jdk1.8.0_45\jre\bin\verify.dll
0x00000000544f0000 - 0x0000000054519000 	C:\Program Files\Java\jdk1.8.0_45\jre\bin\java.dll
0x00000000544d0000 - 0x00000000544e6000 	C:\Program Files\Java\jdk1.8.0_45\jre\bin\zip.dll
0x00007ffa47610000 - 0x00007ffa48b6c000 	C:\WINDOWS\system32\SHELL32.dll
0x00007ffa45f60000 - 0x00007ffa465a4000 	C:\WINDOWS\system32\windows.storage.dll
0x00007ffa49850000 - 0x00007ffa498a2000 	C:\WINDOWS\system32\shlwapi.dll
0x00007ffa45ee0000 - 0x00007ffa45eef000 	C:\WINDOWS\system32\kernel.appcore.dll
0x00007ffa46930000 - 0x00007ffa469e5000 	C:\WINDOWS\system32\shcore.dll
0x00007ffa45ef0000 - 0x00007ffa45f3b000 	C:\WINDOWS\system32\powrprof.dll
0x00007ffa45f40000 - 0x00007ffa45f54000 	C:\WINDOWS\system32\profapi.dll
0x0000000065580000 - 0x0000000065616000 	C:\Users\luisd\AppData\Local\Temp\libgdxluisd\2ec99cb7\gdx64.dll
0x00007ffa45850000 - 0x00007ffa45867000 	C:\WINDOWS\SYSTEM32\CRYPTSP.dll
0x00007ffa454e0000 - 0x00007ffa45514000 	C:\WINDOWS\system32\rsaenh.dll
0x00007ffa45e00000 - 0x00007ffa45e29000 	C:\WINDOWS\SYSTEM32\bcrypt.dll
0x00007ffa45630000 - 0x00007ffa4564f000 	C:\WINDOWS\SYSTEM32\USERENV.dll
0x00007ffa45970000 - 0x00007ffa4597b000 	C:\WINDOWS\SYSTEM32\CRYPTBASE.dll
0x00000000544b0000 - 0x00000000544ca000 	C:\Program Files\Java\jdk1.8.0_45\jre\bin\net.dll
0x00007ffa457a0000 - 0x00007ffa457fc000 	C:\WINDOWS\system32\mswsock.dll
0x00007ffa42050000 - 0x00007ffa42088000 	C:\WINDOWS\SYSTEM32\IPHLPAPI.DLL
0x00007ffa470e0000 - 0x00007ffa470e8000 	C:\WINDOWS\system32\NSI.dll
0x00007ffa3d070000 - 0x00007ffa3d086000 	C:\WINDOWS\SYSTEM32\dhcpcsvc6.DLL
0x00007ffa3f720000 - 0x00007ffa3f73a000 	C:\WINDOWS\SYSTEM32\dhcpcsvc.DLL
0x0000000054490000 - 0x00000000544a1000 	C:\Program Files\Java\jdk1.8.0_45\jre\bin\nio.dll
0x0000000180000000 - 0x0000000180053000 	C:\Users\luisd\AppData\Local\Temp\libgdxluisd\dc0f0009\lwjgl64.dll
0x00007ffa2ac20000 - 0x00007ffa2ad49000 	C:\WINDOWS\SYSTEM32\OPENGL32.dll
0x00007ffa3ed30000 - 0x00007ffa3ed5e000 	C:\WINDOWS\SYSTEM32\GLU32.dll
0x00007ffa25980000 - 0x00007ffa25a7a000 	C:\WINDOWS\SYSTEM32\DDRAW.dll
0x00007ffa3f520000 - 0x00007ffa3f528000 	C:\WINDOWS\SYSTEM32\DCIMAN32.dll
0x0000000019040000 - 0x00000000190a4000 	C:\Users\luisd\AppData\Local\Temp\libgdxluisd\dc0f0009\OpenAL64.dll
0x00007ffa49450000 - 0x00007ffa49593000 	C:\WINDOWS\system32\ole32.dll
0x00007ffa44850000 - 0x00007ffa448e6000 	C:\WINDOWS\system32\uxtheme.dll
0x00007ffa48df0000 - 0x00007ffa48e97000 	C:\WINDOWS\system32\clbcatq.dll
0x00007ffa43e60000 - 0x00007ffa43fe6000 	C:\WINDOWS\System32\PROPSYS.dll
0x00007ffa470f0000 - 0x00007ffa471b1000 	C:\WINDOWS\system32\OLEAUT32.dll
0x00007ffa2ada0000 - 0x00007ffa2ae3c000 	C:\WINDOWS\SYSTEM32\dsound.dll
0x00007ffa41fe0000 - 0x00007ffa42050000 	C:\WINDOWS\System32\MMDevApi.dll
0x00007ffa449c0000 - 0x00007ffa449e7000 	C:\WINDOWS\System32\DEVOBJ.dll
0x00007ffa40150000 - 0x00007ffa401d8000 	C:\WINDOWS\SYSTEM32\AUDIOSES.DLL
0x00007ffa3ffd0000 - 0x00007ffa40106000 	C:\WINDOWS\SYSTEM32\wintypes.dll
0x00007ffa49010000 - 0x00007ffa4916a000 	C:\WINDOWS\system32\MSCTF.dll
0x00007ffa43ff0000 - 0x00007ffa44012000 	C:\WINDOWS\system32\dwmapi.dll
0x00007ffa17ff0000 - 0x00007ffa18c74000 	C:\WINDOWS\SYSTEM32\ig4icd64.dll
0x00007ffa36b80000 - 0x00007ffa36c11000 	C:\WINDOWS\SYSTEM32\mscms.dll
0x00007ffa2abd0000 - 0x00007ffa2ac12000 	C:\WINDOWS\SYSTEM32\icm32.dll
0x0000000066bc0000 - 0x0000000066c7b000 	C:\Users\luisd\AppData\Local\Temp\libgdxluisd\4d3c1ee0\gdx-box2d64.dll
0x00007ffa24470000 - 0x00007ffa245fc000 	C:\WINDOWS\SYSTEM32\dbghelp.dll

VM Arguments:
jvm_args: -Dfile.encoding=windows-1252 -Duser.country=419 -Duser.language=es -Duser.variant 
java_command: com.cutthe.rope.desktop.DesktopLauncher
java_class_path (initial): C:\Users\luisd\Documents\tareas\Programación III\Proyecto\CutTheRope\desktop\build\classes\main;C:\Users\luisd\Documents\tareas\Programación III\Proyecto\CutTheRope\desktop\build\resources\main;C:\Users\luisd\Documents\tareas\Programación III\Proyecto\CutTheRope\core\build\libs\core-1.0.jar;C:\Users\luisd\.gradle\caches\modules-2\files-2.1\com.badlogicgames.gdx\gdx-backend-lwjgl\1.9.2\d710a8704ed584ec2ba9ca52e3a6a5885dd759cc\gdx-backend-lwjgl-1.9.2.jar;C:\Users\luisd\.gradle\caches\modules-2\files-2.1\com.badlogicgames.gdx\gdx-platform\1.9.2\dde4cf7e9ce61c24042f512203aed87657496639\gdx-platform-1.9.2-natives-desktop.jar;C:\Users\luisd\.gradle\caches\modules-2\files-2.1\com.badlogicgames.gdx\gdx-box2d-platform\1.9.2\497cbfbf81e7e8b1e8433b19291c5af4bbc2ec66\gdx-box2d-platform-1.9.2-natives-desktop.jar;C:\Users\luisd\.gradle\caches\modules-2\files-2.1\com.badlogicgames.gdx\gdx-freetype-platform\1.9.2\1e1afb0b6c9e8aeb7d495cb8f55c353d3da58cf0\gdx-freetype-platform-1.9.2-natives-desktop.jar;C:\Users\luisd\.gradle\caches\modules-2\files-2.1\com.badlogicgames.gdx\gdx-tools\1.9.2\37d8e3009ae0febdf93717b21980c67c8cadac07\gdx-tools-1.9.2.jar;C:\Users\luisd\.gradle\caches\modules-2\files-2.1\com.badlogicgames.gdx\gdx\1.9.2\e641cb91bec06bc64d9ddf7a7d7062caceec73cd\gdx-1.9.2.jar;C:\Users\luisd\.gradle\caches\modules-2\files-2.1\com.badlogicgames.gdx\gdx-box2d\1.9.2\b78eaa90aaaf7830e6dffff587ea6e859c2787b2\gdx-box2d-1.9.2.jar;C:\Users\luisd\.gradle\caches\modules-2\files-2.1\com.badlogicgames.gdx\gdx-freetype\1.9.2\3609253d14edb1b3ca5aacff4e06989edde75be4\gdx-freetype-1.9.2.jar;C:\Users\luisd\.gradle\caches\modules-2\files-2.1\com.badlogicgames.box2dlights\box2dlights\1.4\3d77ad5b4164fb32fc67e2446e35911bb0aaf0bd\box2dlights-1.4.jar;C:\Users\luisd\.gradle\caches\modules-2\files-2.1\com.badlogicgames.ashley\ashley\1.7.0\a7c4083c0a42027a3c03ba7ccecef6cbe1c5f0a4\ashley-1.7.0.jar;C:\Users\luisd\.gradle\caches\modules-2\files-2.1\org.lwjgl.lwjgl\lwjgl\2.9.2\
Launcher Type: SUN_STANDARD

Environment Variables:
JAVA_HOME=C:\Program Files\Java\jdk1.8.0_45
CLASSPATH=.;.;
PATH=C:\WINDOWS\system32;C:\WINDOWS;C:\WINDOWS\System32\Wbem;C:\WINDOWS\System32\WindowsPowerShell\v1.0\;C:\ffmpeg\bin;C:\MinGW\bin;C:\Program Files (x86)\Nmap;"C:\Program Files\Java\jdk1.8.0_45\bin";C:\Users\luisd\AppData\Local\atom\bin
USERNAME=luisd
OS=Windows_NT
PROCESSOR_IDENTIFIER=Intel64 Family 6 Model 42 Stepping 7, GenuineIntel



---------------  S Y S T E M  ---------------

OS: Windows 10.0 , 64 bit Build 10586 (10.0.10586.0)

CPU:total 4 (2 cores per cpu, 2 threads per core) family 6 model 42 stepping 7, cmov, cx8, fxsr, mmx, sse, sse2, sse3, ssse3, sse4.1, sse4.2, popcnt, avx, aes, clmul, ht, tsc, tscinvbit

Memory: 4k page, physical 8293556k(3443408k free), swap 16682164k(9861408k free)

vm_info: Java HotSpot(TM) 64-Bit Server VM (25.45-b02) for windows-amd64 JRE (1.8.0_45-b15), built on Apr 30 2015 12:40:44 by "java_re" with MS VC++ 10.0 (VS2010)

time: Mon Jun 20 20:39:01 2016
elapsed time: 3 seconds (0d 0h 0m 3s)

